已于 2023-10-21 13:49:00 +08:00
 打开了连接
SELECT TOP (1000) 
    [Project1].[Id] AS [Id], 
    [Project1].[JobType] AS [JobType], 
    [Project1].[JobArgs] AS [JobArgs], 
    [Project1].[TryCount] AS [TryCount], 
    [Project1].[NextTryTime] AS [NextTryTime], 
    [Project1].[LastTryTime] AS [LastTryTime], 
    [Project1].[IsAbandoned] AS [IsAbandoned], 
    [Project1].[Priority] AS [Priority], 
    [Project1].[CreationTime] AS [CreationTime], 
    [Project1].[CreatorUserId] AS [CreatorUserId]
    FROM ( SELECT 
        [Extent1].[Id] AS [Id], 
        [Extent1].[JobType] AS [JobType], 
        [Extent1].[JobArgs] AS [JobArgs], 
        [Extent1].[TryCount] AS [TryCount], 
        [Extent1].[NextTryTime] AS [NextTryTime], 
        [Extent1].[LastTryTime] AS [LastTryTime], 
        [Extent1].[IsAbandoned] AS [IsAbandoned], 
        [Extent1].[Priority] AS [Priority], 
        [Extent1].[CreationTime] AS [CreationTime], 
        [Extent1].[CreatorUserId] AS [CreatorUserId]
        FROM [dbo].[AbpBackgroundJobs] AS [Extent1]
        WHERE ([Extent1].[IsAbandoned] <> 1) AND ([Extent1].[NextTryTime] <= @p__linq__0)
    )  AS [Project1]
    ORDER BY [Project1].[Priority] DESC, [Project1].[TryCount] ASC, [Project1].[NextTryTime] ASC


-- p__linq__0: '2023-10-21 13:49:00' (Type = DateTime2, IsNullable = false)

-- 正在 2023-10-21 13:49:00 +08:00
 执行
-- 已在 7 毫秒内完成，结果为: SqlDataReader



已于 2023-10-21 13:49:00 +08:00
 关闭了连接
已于 2023-10-21 13:49:05 +08:00
 打开了连接
SELECT TOP (1000) 
    [Project1].[Id] AS [Id], 
    [Project1].[JobType] AS [JobType], 
    [Project1].[JobArgs] AS [JobArgs], 
    [Project1].[TryCount] AS [TryCount], 
    [Project1].[NextTryTime] AS [NextTryTime], 
    [Project1].[LastTryTime] AS [LastTryTime], 
    [Project1].[IsAbandoned] AS [IsAbandoned], 
    [Project1].[Priority] AS [Priority], 
    [Project1].[CreationTime] AS [CreationTime], 
    [Project1].[CreatorUserId] AS [CreatorUserId]
    FROM ( SELECT 
        [Extent1].[Id] AS [Id], 
        [Extent1].[JobType] AS [JobType], 
        [Extent1].[JobArgs] AS [JobArgs], 
        [Extent1].[TryCount] AS [TryCount], 
        [Extent1].[NextTryTime] AS [NextTryTime], 
        [Extent1].[LastTryTime] AS [LastTryTime], 
        [Extent1].[IsAbandoned] AS [IsAbandoned], 
        [Extent1].[Priority] AS [Priority], 
        [Extent1].[CreationTime] AS [CreationTime], 
        [Extent1].[CreatorUserId] AS [CreatorUserId]
        FROM [dbo].[AbpBackgroundJobs] AS [Extent1]
        WHERE ([Extent1].[IsAbandoned] <> 1) AND ([Extent1].[NextTryTime] <= @p__linq__0)
    )  AS [Project1]
    ORDER BY [Project1].[Priority] DESC, [Project1].[TryCount] ASC, [Project1].[NextTryTime] ASC


-- p__linq__0: '2023-10-21 13:49:05' (Type = DateTime2, IsNullable = false)

-- 正在 2023-10-21 13:49:05 +08:00
 执行
-- 已在 14 毫秒内完成，结果为: SqlDataReader



已于 2023-10-21 13:49:05 +08:00
 关闭了连接
已于 2023-10-21 13:49:10 +08:00
 打开了连接
SELECT TOP (1000) 
    [Project1].[Id] AS [Id], 
    [Project1].[JobType] AS [JobType], 
    [Project1].[JobArgs] AS [JobArgs], 
    [Project1].[TryCount] AS [TryCount], 
    [Project1].[NextTryTime] AS [NextTryTime], 
    [Project1].[LastTryTime] AS [LastTryTime], 
    [Project1].[IsAbandoned] AS [IsAbandoned], 
    [Project1].[Priority] AS [Priority], 
    [Project1].[CreationTime] AS [CreationTime], 
    [Project1].[CreatorUserId] AS [CreatorUserId]
    FROM ( SELECT 
        [Extent1].[Id] AS [Id], 
        [Extent1].[JobType] AS [JobType], 
        [Extent1].[JobArgs] AS [JobArgs], 
        [Extent1].[TryCount] AS [TryCount], 
        [Extent1].[NextTryTime] AS [NextTryTime], 
        [Extent1].[LastTryTime] AS [LastTryTime], 
        [Extent1].[IsAbandoned] AS [IsAbandoned], 
        [Extent1].[Priority] AS [Priority], 
        [Extent1].[CreationTime] AS [CreationTime], 
        [Extent1].[CreatorUserId] AS [CreatorUserId]
        FROM [dbo].[AbpBackgroundJobs] AS [Extent1]
        WHERE ([Extent1].[IsAbandoned] <> 1) AND ([Extent1].[NextTryTime] <= @p__linq__0)
    )  AS [Project1]
    ORDER BY [Project1].[Priority] DESC, [Project1].[TryCount] ASC, [Project1].[NextTryTime] ASC


-- p__linq__0: '2023-10-21 13:49:10' (Type = DateTime2, IsNullable = false)

-- 正在 2023-10-21 13:49:10 +08:00
 执行
-- 已在 8 毫秒内完成，结果为: SqlDataReader



已于 2023-10-21 13:49:10 +08:00
 关闭了连接
已于 2023-10-21 13:49:15 +08:00
 打开了连接
SELECT TOP (1000) 
    [Project1].[Id] AS [Id], 
    [Project1].[JobType] AS [JobType], 
    [Project1].[JobArgs] AS [JobArgs], 
    [Project1].[TryCount] AS [TryCount], 
    [Project1].[NextTryTime] AS [NextTryTime], 
    [Project1].[LastTryTime] AS [LastTryTime], 
    [Project1].[IsAbandoned] AS [IsAbandoned], 
    [Project1].[Priority] AS [Priority], 
    [Project1].[CreationTime] AS [CreationTime], 
    [Project1].[CreatorUserId] AS [CreatorUserId]
    FROM ( SELECT 
        [Extent1].[Id] AS [Id], 
        [Extent1].[JobType] AS [JobType], 
        [Extent1].[JobArgs] AS [JobArgs], 
        [Extent1].[TryCount] AS [TryCount], 
        [Extent1].[NextTryTime] AS [NextTryTime], 
        [Extent1].[LastTryTime] AS [LastTryTime], 
        [Extent1].[IsAbandoned] AS [IsAbandoned], 
        [Extent1].[Priority] AS [Priority], 
        [Extent1].[CreationTime] AS [CreationTime], 
        [Extent1].[CreatorUserId] AS [CreatorUserId]
        FROM [dbo].[AbpBackgroundJobs] AS [Extent1]
        WHERE ([Extent1].[IsAbandoned] <> 1) AND ([Extent1].[NextTryTime] <= @p__linq__0)
    )  AS [Project1]
    ORDER BY [Project1].[Priority] DESC, [Project1].[TryCount] ASC, [Project1].[NextTryTime] ASC


-- p__linq__0: '2023-10-21 13:49:15' (Type = DateTime2, IsNullable = false)

-- 正在 2023-10-21 13:49:15 +08:00
 执行
-- 已在 7 毫秒内完成，结果为: SqlDataReader



已于 2023-10-21 13:49:15 +08:00
 关闭了连接
已于 2023-10-21 13:49:20 +08:00
 打开了连接
SELECT TOP (1000) 
    [Project1].[Id] AS [Id], 
    [Project1].[JobType] AS [JobType], 
    [Project1].[JobArgs] AS [JobArgs], 
    [Project1].[TryCount] AS [TryCount], 
    [Project1].[NextTryTime] AS [NextTryTime], 
    [Project1].[LastTryTime] AS [LastTryTime], 
    [Project1].[IsAbandoned] AS [IsAbandoned], 
    [Project1].[Priority] AS [Priority], 
    [Project1].[CreationTime] AS [CreationTime], 
    [Project1].[CreatorUserId] AS [CreatorUserId]
    FROM ( SELECT 
        [Extent1].[Id] AS [Id], 
        [Extent1].[JobType] AS [JobType], 
        [Extent1].[JobArgs] AS [JobArgs], 
        [Extent1].[TryCount] AS [TryCount], 
        [Extent1].[NextTryTime] AS [NextTryTime], 
        [Extent1].[LastTryTime] AS [LastTryTime], 
        [Extent1].[IsAbandoned] AS [IsAbandoned], 
        [Extent1].[Priority] AS [Priority], 
        [Extent1].[CreationTime] AS [CreationTime], 
        [Extent1].[CreatorUserId] AS [CreatorUserId]
        FROM [dbo].[AbpBackgroundJobs] AS [Extent1]
        WHERE ([Extent1].[IsAbandoned] <> 1) AND ([Extent1].[NextTryTime] <= @p__linq__0)
    )  AS [Project1]
    ORDER BY [Project1].[Priority] DESC, [Project1].[TryCount] ASC, [Project1].[NextTryTime] ASC


-- p__linq__0: '2023-10-21 13:49:20' (Type = DateTime2, IsNullable = false)

-- 正在 2023-10-21 13:49:20 +08:00
 执行
-- 已在 16 毫秒内完成，结果为: SqlDataReader



已于 2023-10-21 13:49:20 +08:00
 关闭了连接
已于 2023-10-21 13:49:26 +08:00
 打开了连接
SELECT TOP (1000) 
    [Project1].[Id] AS [Id], 
    [Project1].[JobType] AS [JobType], 
    [Project1].[JobArgs] AS [JobArgs], 
    [Project1].[TryCount] AS [TryCount], 
    [Project1].[NextTryTime] AS [NextTryTime], 
    [Project1].[LastTryTime] AS [LastTryTime], 
    [Project1].[IsAbandoned] AS [IsAbandoned], 
    [Project1].[Priority] AS [Priority], 
    [Project1].[CreationTime] AS [CreationTime], 
    [Project1].[CreatorUserId] AS [CreatorUserId]
    FROM ( SELECT 
        [Extent1].[Id] AS [Id], 
        [Extent1].[JobType] AS [JobType], 
        [Extent1].[JobArgs] AS [JobArgs], 
        [Extent1].[TryCount] AS [TryCount], 
        [Extent1].[NextTryTime] AS [NextTryTime], 
        [Extent1].[LastTryTime] AS [LastTryTime], 
        [Extent1].[IsAbandoned] AS [IsAbandoned], 
        [Extent1].[Priority] AS [Priority], 
        [Extent1].[CreationTime] AS [CreationTime], 
        [Extent1].[CreatorUserId] AS [CreatorUserId]
        FROM [dbo].[AbpBackgroundJobs] AS [Extent1]
        WHERE ([Extent1].[IsAbandoned] <> 1) AND ([Extent1].[NextTryTime] <= @p__linq__0)
    )  AS [Project1]
    ORDER BY [Project1].[Priority] DESC, [Project1].[TryCount] ASC, [Project1].[NextTryTime] ASC


-- p__linq__0: '2023-10-21 13:49:26' (Type = DateTime2, IsNullable = false)

-- 正在 2023-10-21 13:49:26 +08:00
 执行
-- 已在 7 毫秒内完成，结果为: SqlDataReader



已于 2023-10-21 13:49:26 +08:00
 关闭了连接
已于 2023-10-21 13:49:31 +08:00
 打开了连接
SELECT TOP (1000) 
    [Project1].[Id] AS [Id], 
    [Project1].[JobType] AS [JobType], 
    [Project1].[JobArgs] AS [JobArgs], 
    [Project1].[TryCount] AS [TryCount], 
    [Project1].[NextTryTime] AS [NextTryTime], 
    [Project1].[LastTryTime] AS [LastTryTime], 
    [Project1].[IsAbandoned] AS [IsAbandoned], 
    [Project1].[Priority] AS [Priority], 
    [Project1].[CreationTime] AS [CreationTime], 
    [Project1].[CreatorUserId] AS [CreatorUserId]
    FROM ( SELECT 
        [Extent1].[Id] AS [Id], 
        [Extent1].[JobType] AS [JobType], 
        [Extent1].[JobArgs] AS [JobArgs], 
        [Extent1].[TryCount] AS [TryCount], 
        [Extent1].[NextTryTime] AS [NextTryTime], 
        [Extent1].[LastTryTime] AS [LastTryTime], 
        [Extent1].[IsAbandoned] AS [IsAbandoned], 
        [Extent1].[Priority] AS [Priority], 
        [Extent1].[CreationTime] AS [CreationTime], 
        [Extent1].[CreatorUserId] AS [CreatorUserId]
        FROM [dbo].[AbpBackgroundJobs] AS [Extent1]
        WHERE ([Extent1].[IsAbandoned] <> 1) AND ([Extent1].[NextTryTime] <= @p__linq__0)
    )  AS [Project1]
    ORDER BY [Project1].[Priority] DESC, [Project1].[TryCount] ASC, [Project1].[NextTryTime] ASC


-- p__linq__0: '2023-10-21 13:49:31' (Type = DateTime2, IsNullable = false)

-- 正在 2023-10-21 13:49:31 +08:00
 执行
-- 已在 7 毫秒内完成，结果为: SqlDataReader



已于 2023-10-21 13:49:31 +08:00
 关闭了连接
已于 2023-10-21 13:49:36 +08:00
 打开了连接
SELECT TOP (1000) 
    [Project1].[Id] AS [Id], 
    [Project1].[JobType] AS [JobType], 
    [Project1].[JobArgs] AS [JobArgs], 
    [Project1].[TryCount] AS [TryCount], 
    [Project1].[NextTryTime] AS [NextTryTime], 
    [Project1].[LastTryTime] AS [LastTryTime], 
    [Project1].[IsAbandoned] AS [IsAbandoned], 
    [Project1].[Priority] AS [Priority], 
    [Project1].[CreationTime] AS [CreationTime], 
    [Project1].[CreatorUserId] AS [CreatorUserId]
    FROM ( SELECT 
        [Extent1].[Id] AS [Id], 
        [Extent1].[JobType] AS [JobType], 
        [Extent1].[JobArgs] AS [JobArgs], 
        [Extent1].[TryCount] AS [TryCount], 
        [Extent1].[NextTryTime] AS [NextTryTime], 
        [Extent1].[LastTryTime] AS [LastTryTime], 
        [Extent1].[IsAbandoned] AS [IsAbandoned], 
        [Extent1].[Priority] AS [Priority], 
        [Extent1].[CreationTime] AS [CreationTime], 
        [Extent1].[CreatorUserId] AS [CreatorUserId]
        FROM [dbo].[AbpBackgroundJobs] AS [Extent1]
        WHERE ([Extent1].[IsAbandoned] <> 1) AND ([Extent1].[NextTryTime] <= @p__linq__0)
    )  AS [Project1]
    ORDER BY [Project1].[Priority] DESC, [Project1].[TryCount] ASC, [Project1].[NextTryTime] ASC


-- p__linq__0: '2023-10-21 13:49:36' (Type = DateTime2, IsNullable = false)

-- 正在 2023-10-21 13:49:36 +08:00
 执行
-- 已在 7 毫秒内完成，结果为: SqlDataReader



已于 2023-10-21 13:49:36 +08:00
 关闭了连接
已于 2023-10-21 13:49:41 +08:00
 打开了连接
SELECT TOP (1000) 
    [Project1].[Id] AS [Id], 
    [Project1].[JobType] AS [JobType], 
    [Project1].[JobArgs] AS [JobArgs], 
    [Project1].[TryCount] AS [TryCount], 
    [Project1].[NextTryTime] AS [NextTryTime], 
    [Project1].[LastTryTime] AS [LastTryTime], 
    [Project1].[IsAbandoned] AS [IsAbandoned], 
    [Project1].[Priority] AS [Priority], 
    [Project1].[CreationTime] AS [CreationTime], 
    [Project1].[CreatorUserId] AS [CreatorUserId]
    FROM ( SELECT 
        [Extent1].[Id] AS [Id], 
        [Extent1].[JobType] AS [JobType], 
        [Extent1].[JobArgs] AS [JobArgs], 
        [Extent1].[TryCount] AS [TryCount], 
        [Extent1].[NextTryTime] AS [NextTryTime], 
        [Extent1].[LastTryTime] AS [LastTryTime], 
        [Extent1].[IsAbandoned] AS [IsAbandoned], 
        [Extent1].[Priority] AS [Priority], 
        [Extent1].[CreationTime] AS [CreationTime], 
        [Extent1].[CreatorUserId] AS [CreatorUserId]
        FROM [dbo].[AbpBackgroundJobs] AS [Extent1]
        WHERE ([Extent1].[IsAbandoned] <> 1) AND ([Extent1].[NextTryTime] <= @p__linq__0)
    )  AS [Project1]
    ORDER BY [Project1].[Priority] DESC, [Project1].[TryCount] ASC, [Project1].[NextTryTime] ASC


-- p__linq__0: '2023-10-21 13:49:41' (Type = DateTime2, IsNullable = false)

-- 正在 2023-10-21 13:49:41 +08:00
 执行
-- 已在 9 毫秒内完成，结果为: SqlDataReader



已于 2023-10-21 13:49:41 +08:00
 关闭了连接
已于 2023-10-21 13:49:46 +08:00
 打开了连接
SELECT TOP (1000) 
    [Project1].[Id] AS [Id], 
    [Project1].[JobType] AS [JobType], 
    [Project1].[JobArgs] AS [JobArgs], 
    [Project1].[TryCount] AS [TryCount], 
    [Project1].[NextTryTime] AS [NextTryTime], 
    [Project1].[LastTryTime] AS [LastTryTime], 
    [Project1].[IsAbandoned] AS [IsAbandoned], 
    [Project1].[Priority] AS [Priority], 
    [Project1].[CreationTime] AS [CreationTime], 
    [Project1].[CreatorUserId] AS [CreatorUserId]
    FROM ( SELECT 
        [Extent1].[Id] AS [Id], 
        [Extent1].[JobType] AS [JobType], 
        [Extent1].[JobArgs] AS [JobArgs], 
        [Extent1].[TryCount] AS [TryCount], 
        [Extent1].[NextTryTime] AS [NextTryTime], 
        [Extent1].[LastTryTime] AS [LastTryTime], 
        [Extent1].[IsAbandoned] AS [IsAbandoned], 
        [Extent1].[Priority] AS [Priority], 
        [Extent1].[CreationTime] AS [CreationTime], 
        [Extent1].[CreatorUserId] AS [CreatorUserId]
        FROM [dbo].[AbpBackgroundJobs] AS [Extent1]
        WHERE ([Extent1].[IsAbandoned] <> 1) AND ([Extent1].[NextTryTime] <= @p__linq__0)
    )  AS [Project1]
    ORDER BY [Project1].[Priority] DESC, [Project1].[TryCount] ASC, [Project1].[NextTryTime] ASC


-- p__linq__0: '2023-10-21 13:49:46' (Type = DateTime2, IsNullable = false)

-- 正在 2023-10-21 13:49:46 +08:00
 执行
-- 已在 14 毫秒内完成，结果为: SqlDataReader



已于 2023-10-21 13:49:46 +08:00
 关闭了连接
已于 2023-10-21 13:49:51 +08:00
 打开了连接
SELECT TOP (1000) 
    [Project1].[Id] AS [Id], 
    [Project1].[JobType] AS [JobType], 
    [Project1].[JobArgs] AS [JobArgs], 
    [Project1].[TryCount] AS [TryCount], 
    [Project1].[NextTryTime] AS [NextTryTime], 
    [Project1].[LastTryTime] AS [LastTryTime], 
    [Project1].[IsAbandoned] AS [IsAbandoned], 
    [Project1].[Priority] AS [Priority], 
    [Project1].[CreationTime] AS [CreationTime], 
    [Project1].[CreatorUserId] AS [CreatorUserId]
    FROM ( SELECT 
        [Extent1].[Id] AS [Id], 
        [Extent1].[JobType] AS [JobType], 
        [Extent1].[JobArgs] AS [JobArgs], 
        [Extent1].[TryCount] AS [TryCount], 
        [Extent1].[NextTryTime] AS [NextTryTime], 
        [Extent1].[LastTryTime] AS [LastTryTime], 
        [Extent1].[IsAbandoned] AS [IsAbandoned], 
        [Extent1].[Priority] AS [Priority], 
        [Extent1].[CreationTime] AS [CreationTime], 
        [Extent1].[CreatorUserId] AS [CreatorUserId]
        FROM [dbo].[AbpBackgroundJobs] AS [Extent1]
        WHERE ([Extent1].[IsAbandoned] <> 1) AND ([Extent1].[NextTryTime] <= @p__linq__0)
    )  AS [Project1]
    ORDER BY [Project1].[Priority] DESC, [Project1].[TryCount] ASC, [Project1].[NextTryTime] ASC


-- p__linq__0: '2023-10-21 13:49:51' (Type = DateTime2, IsNullable = false)

-- 正在 2023-10-21 13:49:51 +08:00
 执行
-- 已在 8 毫秒内完成，结果为: SqlDataReader



已于 2023-10-21 13:49:51 +08:00
 关闭了连接
已于 2023-10-21 13:49:56 +08:00
 打开了连接
SELECT TOP (1000) 
    [Project1].[Id] AS [Id], 
    [Project1].[JobType] AS [JobType], 
    [Project1].[JobArgs] AS [JobArgs], 
    [Project1].[TryCount] AS [TryCount], 
    [Project1].[NextTryTime] AS [NextTryTime], 
    [Project1].[LastTryTime] AS [LastTryTime], 
    [Project1].[IsAbandoned] AS [IsAbandoned], 
    [Project1].[Priority] AS [Priority], 
    [Project1].[CreationTime] AS [CreationTime], 
    [Project1].[CreatorUserId] AS [CreatorUserId]
    FROM ( SELECT 
        [Extent1].[Id] AS [Id], 
        [Extent1].[JobType] AS [JobType], 
        [Extent1].[JobArgs] AS [JobArgs], 
        [Extent1].[TryCount] AS [TryCount], 
        [Extent1].[NextTryTime] AS [NextTryTime], 
        [Extent1].[LastTryTime] AS [LastTryTime], 
        [Extent1].[IsAbandoned] AS [IsAbandoned], 
        [Extent1].[Priority] AS [Priority], 
        [Extent1].[CreationTime] AS [CreationTime], 
        [Extent1].[CreatorUserId] AS [CreatorUserId]
        FROM [dbo].[AbpBackgroundJobs] AS [Extent1]
        WHERE ([Extent1].[IsAbandoned] <> 1) AND ([Extent1].[NextTryTime] <= @p__linq__0)
    )  AS [Project1]
    ORDER BY [Project1].[Priority] DESC, [Project1].[TryCount] ASC, [Project1].[NextTryTime] ASC


-- p__linq__0: '2023-10-21 13:49:56' (Type = DateTime2, IsNullable = false)

-- 正在 2023-10-21 13:49:56 +08:00
 执行
-- 已在 7 毫秒内完成，结果为: SqlDataReader



已于 2023-10-21 13:49:56 +08:00
 关闭了连接
