已于 2023/10/22 22:15:42 +08:00
 打开了连接
已于 2023-10-22 22:15:42 +08:00
 打开了连接
已于 2023/10/22 22:15:42 +08:00
 以异步方式打开了连接
SELECT TOP (1000) 
    [Project1].[Id] AS [Id], 
    [Project1].[JobType] AS [JobType], 
    [Project1].[JobArgs] AS [JobArgs], 
    [Project1].[TryCount] AS [TryCount], 
    [Project1].[NextTryTime] AS [NextTryTime], 
    [Project1].[LastTryTime] AS [LastTryTime], 
    [Project1].[IsAbandoned] AS [IsAbandoned], 
    [Project1].[Priority] AS [Priority], 
    [Project1].[CreationTime] AS [CreationTime], 
    [Project1].[CreatorUserId] AS [CreatorUserId]
    FROM ( SELECT 
        [Extent1].[Id] AS [Id], 
        [Extent1].[JobType] AS [JobType], 
        [Extent1].[JobArgs] AS [JobArgs], 
        [Extent1].[TryCount] AS [TryCount], 
        [Extent1].[NextTryTime] AS [NextTryTime], 
        [Extent1].[LastTryTime] AS [LastTryTime], 
        [Extent1].[IsAbandoned] AS [IsAbandoned], 
        [Extent1].[Priority] AS [Priority], 
        [Extent1].[CreationTime] AS [CreationTime], 
        [Extent1].[CreatorUserId] AS [CreatorUserId]
        FROM [dbo].[AbpBackgroundJobs] AS [Extent1]
        WHERE ([Extent1].[IsAbandoned] <> 1) AND ([Extent1].[NextTryTime] <= @p__linq__0)
    )  AS [Project1]
    ORDER BY [Project1].[Priority] DESC, [Project1].[TryCount] ASC, [Project1].[NextTryTime] ASC
SELECT 
    [Extent1].[Id] AS [Id], 
    [Extent1].[TenantId] AS [TenantId], 
    [Extent1].[Name] AS [Name], 
    [Extent1].[DisplayName] AS [DisplayName], 
    [Extent1].[Icon] AS [Icon], 
    [Extent1].[IsDisabled] AS [IsDisabled], 
    [Extent1].[IsDeleted] AS [IsDeleted], 
    [Extent1].[DeleterUserId] AS [DeleterUserId], 
    [Extent1].[DeletionTime] AS [DeletionTime], 
    [Extent1].[LastModificationTime] AS [LastModificationTime], 
    [Extent1].[LastModifierUserId] AS [LastModifierUserId], 
    [Extent1].[CreationTime] AS [CreationTime], 
    [Extent1].[CreatorUserId] AS [CreatorUserId]
    FROM [dbo].[AbpLanguages] AS [Extent1]
    WHERE ((([Extent1].[TenantId] IS NULL) AND (@DynamicFilterParam_000001 IS NULL)) OR (([Extent1].[TenantId] IS NOT NULL) AND (([Extent1].[TenantId] = @DynamicFilterParam_000001) OR (([Extent1].[TenantId] IS NULL) AND (@DynamicFilterParam_000001 IS NULL)))) ) AND (([Extent1].[IsDeleted] = @DynamicFilterParam_000003) )




-- DynamicFilterParam_000001: 'null' (Type = Int32)

-- DynamicFilterParam_000002: 'null' (Type = Boolean)

-- p__linq__0: '2023-10-22 22:15:46' (Type = DateTime2, IsNullable = false)

-- 正在 2023-10-22 22:15:46 +08:00
 执行
-- DynamicFilterParam_000003: 'False' (Type = Boolean, IsNullable = false)

-- DynamicFilterParam_000004: 'null' (Type = Boolean)

-- 正在 2023/10/22 22:15:46 +08:00
 执行
-- 已在 57 毫秒内完成，结果为: SqlDataReader

-- 已在 56 毫秒内完成，结果为: SqlDataReader





SELECT TOP (1) 
    [Extent1].[Id] AS [Id], 
    [Extent1].[EditionId] AS [EditionId], 
    [Extent1].[TenancyName] AS [TenancyName], 
    [Extent1].[Name] AS [Name], 
    [Extent1].[ConnectionString] AS [ConnectionString], 
    [Extent1].[IsActive] AS [IsActive], 
    [Extent1].[IsDeleted] AS [IsDeleted], 
    [Extent1].[DeleterUserId] AS [DeleterUserId], 
    [Extent1].[DeletionTime] AS [DeletionTime], 
    [Extent1].[LastModificationTime] AS [LastModificationTime], 
    [Extent1].[LastModifierUserId] AS [LastModifierUserId], 
    [Extent1].[CreationTime] AS [CreationTime], 
    [Extent1].[CreatorUserId] AS [CreatorUserId]
    FROM [dbo].[AbpTenants] AS [Extent1]
    WHERE (([Extent1].[IsDeleted] = @DynamicFilterParam_000003) ) AND ([Extent1].[TenancyName] = @p__linq__0)


-- DynamicFilterParam_000003: 'False' (Type = Boolean, IsNullable = false)

-- DynamicFilterParam_000004: 'null' (Type = Boolean)

-- p__linq__0: 'Test' (Type = String, Size = 4000)

-- 正在 2023/10/22 22:15:46 +08:00
 异步执行
已于 2023-10-22 22:15:46 +08:00
 关闭了连接
-- 已在 61 毫秒内完成，结果为: SqlDataReader



已于 2023/10/22 22:15:47 +08:00
 关闭了连接
已于 2023/10/22 22:15:47 +08:00
 关闭了连接
已于 2023/10/22 22:15:47 +08:00
 打开了连接
已于 2023/10/22 22:15:47 +08:00
 打开了连接
SELECT 
    [Extent1].[Id] AS [Id], 
    [Extent1].[TenantId] AS [TenantId], 
    [Extent1].[UserId] AS [UserId], 
    [Extent1].[Name] AS [Name], 
    [Extent1].[Value] AS [Value], 
    [Extent1].[LastModificationTime] AS [LastModificationTime], 
    [Extent1].[LastModifierUserId] AS [LastModifierUserId], 
    [Extent1].[CreationTime] AS [CreationTime], 
    [Extent1].[CreatorUserId] AS [CreatorUserId]
    FROM [dbo].[AbpSettings] AS [Extent1]
    WHERE ((([Extent1].[TenantId] IS NULL) AND (@DynamicFilterParam_000001 IS NULL)) OR (([Extent1].[TenantId] IS NOT NULL) AND (([Extent1].[TenantId] = @DynamicFilterParam_000001) OR (([Extent1].[TenantId] IS NULL) AND (@DynamicFilterParam_000001 IS NULL)))) OR (@DynamicFilterParam_000002 IS NOT NULL)) AND (([Extent1].[UserId] = @p__linq__0) OR (([Extent1].[UserId] IS NULL) AND (@p__linq__0 IS NULL))) AND (([Extent1].[TenantId] = @p__linq__1) OR (([Extent1].[TenantId] IS NULL) AND (@p__linq__1 IS NULL)))


SELECT TOP (1) 
    [Extent1].[Id] AS [Id], 
    [Extent1].[EditionId] AS [EditionId], 
    [Extent1].[TenancyName] AS [TenancyName], 
    [Extent1].[Name] AS [Name], 
    [Extent1].[ConnectionString] AS [ConnectionString], 
    [Extent1].[IsActive] AS [IsActive], 
    [Extent1].[IsDeleted] AS [IsDeleted], 
    [Extent1].[DeleterUserId] AS [DeleterUserId], 
    [Extent1].[DeletionTime] AS [DeletionTime], 
    [Extent1].[LastModificationTime] AS [LastModificationTime], 
    [Extent1].[LastModifierUserId] AS [LastModifierUserId], 
    [Extent1].[CreationTime] AS [CreationTime], 
    [Extent1].[CreatorUserId] AS [CreatorUserId]
    FROM [dbo].[AbpTenants] AS [Extent1]
    WHERE (([Extent1].[IsDeleted] = @DynamicFilterParam_000003) ) AND ([Extent1].[Id] = @p__linq__0)


-- DynamicFilterParam_000003: 'False' (Type = Boolean, IsNullable = false)

-- DynamicFilterParam_000004: 'null' (Type = Boolean)

-- p__linq__0: '2' (Type = Int32)

-- 正在 2023/10/22 22:15:47 +08:00
 执行
-- DynamicFilterParam_000001: 'null' (Type = Int32)

-- DynamicFilterParam_000002: 'True' (Type = Boolean)

-- 已在 77 毫秒内完成，结果为: SqlDataReader



-- p__linq__0: 'null' (Type = Int64)

已于 2023/10/22 22:15:47 +08:00
 关闭了连接
-- p__linq__1: 'null' (Type = Int32)

-- 正在 2023/10/22 22:15:47 +08:00
 执行
-- 已在 51 毫秒内完成，结果为: SqlDataReader



已于 2023/10/22 22:15:47 +08:00
 以异步方式打开了连接
已于 2023/10/22 22:15:48 +08:00
 关闭了连接
SELECT TOP (1) 
    [Extent1].[Id] AS [Id], 
    [Extent1].[EmployeeNum] AS [EmployeeNum], 
    [Extent1].[DomainName] AS [DomainName], 
    [Extent1].[NovellAccount] AS [NovellAccount], 
    [Extent1].[HelpChar] AS [HelpChar], 
    [Extent1].[Sex] AS [Sex], 
    [Extent1].[Birthday] AS [Birthday], 
    [Extent1].[Mobile] AS [Mobile], 
    [Extent1].[Address] AS [Address], 
    [Extent1].[SignImage] AS [SignImage], 
    [Extent1].[State] AS [State], 
    [Extent1].[Degree] AS [Degree], 
    [Extent1].[Duty] AS [Duty], 
    [Extent1].[CanPayment] AS [CanPayment], 
    [Extent1].[EmPhoto] AS [EmPhoto], 
    [Extent1].[QQ] AS [QQ], 
    [Extent1].[WorkState] AS [WorkState], 
    [Extent1].[LastClearTime] AS [LastClearTime], 
    [Extent1].[OnlineState] AS [OnlineState], 
    [Extent1].[Discount] AS [Discount], 
    [Extent1].[ServiceStandard] AS [ServiceStandard], 
    [Extent1].[Title] AS [Title], 
    [Extent1].[ClinicalDepartment] AS [ClinicalDepartment], 
    [Extent1].[GroupName] AS [GroupName], 
    [Extent1].[ClientZKS] AS [ClientZKS], 
    [Extent1].[HospitalArea] AS [HospitalArea], 
    [Extent1].[NormalizedUserName] AS [NormalizedUserName], 
    [Extent1].[NormalizedEmailAddress] AS [NormalizedEmailAddress], 
    [Extent1].[AuthenticationSource] AS [AuthenticationSource], 
    [Extent1].[UserName] AS [UserName], 
    [Extent1].[TenantId] AS [TenantId], 
    [Extent1].[EmailAddress] AS [EmailAddress], 
    [Extent1].[Name] AS [Name], 
    [Extent1].[Surname] AS [Surname], 
    [Extent1].[Password] AS [Password], 
    [Extent1].[EmailConfirmationCode] AS [EmailConfirmationCode], 
    [Extent1].[PasswordResetCode] AS [PasswordResetCode], 
    [Extent1].[LockoutEndDateUtc] AS [LockoutEndDateUtc], 
    [Extent1].[AccessFailedCount] AS [AccessFailedCount], 
    [Extent1].[IsLockoutEnabled] AS [IsLockoutEnabled], 
    [Extent1].[PhoneNumber] AS [PhoneNumber], 
    [Extent1].[IsPhoneNumberConfirmed] AS [IsPhoneNumberConfirmed], 
    [Extent1].[SecurityStamp] AS [SecurityStamp], 
    [Extent1].[IsTwoFactorEnabled] AS [IsTwoFactorEnabled], 
    [Extent1].[IsEmailConfirmed] AS [IsEmailConfirmed], 
    [Extent1].[IsActive] AS [IsActive], 
    [Extent1].[IsDeleted] AS [IsDeleted], 
    [Extent1].[DeleterUserId] AS [DeleterUserId], 
    [Extent1].[DeletionTime] AS [DeletionTime], 
    [Extent1].[LastModificationTime] AS [LastModificationTime], 
    [Extent1].[LastModifierUserId] AS [LastModifierUserId], 
    [Extent1].[CreationTime] AS [CreationTime], 
    [Extent1].[CreatorUserId] AS [CreatorUserId]
    FROM [dbo].[AbpUsers] AS [Extent1]
    WHERE ((([Extent1].[TenantId] IS NULL) AND (@DynamicFilterParam_000001 IS NULL)) OR (([Extent1].[TenantId] IS NOT NULL) AND (([Extent1].[TenantId] = @DynamicFilterParam_000001) OR (([Extent1].[TenantId] IS NULL) AND (@DynamicFilterParam_000001 IS NULL)))) ) AND (([Extent1].[IsDeleted] = @DynamicFilterParam_000003) ) AND ([Extent1].[NormalizedUserName] = @p__linq__0 OR [Extent1].[NormalizedEmailAddress] = @p__linq__1)


-- DynamicFilterParam_000001: '2' (Type = Int32)

-- DynamicFilterParam_000002: 'null' (Type = Boolean)

-- DynamicFilterParam_000003: 'False' (Type = Boolean, IsNullable = false)

-- DynamicFilterParam_000004: 'null' (Type = Boolean)

-- p__linq__0: 'ADMIN' (Type = String, Size = 4000)

-- p__linq__1: 'ADMIN' (Type = String, Size = 4000)

-- 正在 2023/10/22 22:15:48 +08:00
 异步执行
-- 已在 28 毫秒内完成，结果为: SqlDataReader



已于 2023/10/22 22:15:48 +08:00
 关闭了连接
已于 2023/10/22 22:15:48 +08:00
 以异步方式打开了连接
已于 2023/10/22 22:15:48 +08:00
 打开了连接
SELECT TOP (1) 
    [Extent1].[Id] AS [Id], 
    [Extent1].[EmployeeNum] AS [EmployeeNum], 
    [Extent1].[DomainName] AS [DomainName], 
    [Extent1].[NovellAccount] AS [NovellAccount], 
    [Extent1].[HelpChar] AS [HelpChar], 
    [Extent1].[Sex] AS [Sex], 
    [Extent1].[Birthday] AS [Birthday], 
    [Extent1].[Mobile] AS [Mobile], 
    [Extent1].[Address] AS [Address], 
    [Extent1].[SignImage] AS [SignImage], 
    [Extent1].[State] AS [State], 
    [Extent1].[Degree] AS [Degree], 
    [Extent1].[Duty] AS [Duty], 
    [Extent1].[CanPayment] AS [CanPayment], 
    [Extent1].[EmPhoto] AS [EmPhoto], 
    [Extent1].[QQ] AS [QQ], 
    [Extent1].[WorkState] AS [WorkState], 
    [Extent1].[LastClearTime] AS [LastClearTime], 
    [Extent1].[OnlineState] AS [OnlineState], 
    [Extent1].[Discount] AS [Discount], 
    [Extent1].[ServiceStandard] AS [ServiceStandard], 
    [Extent1].[Title] AS [Title], 
    [Extent1].[ClinicalDepartment] AS [ClinicalDepartment], 
    [Extent1].[GroupName] AS [GroupName], 
    [Extent1].[ClientZKS] AS [ClientZKS], 
    [Extent1].[HospitalArea] AS [HospitalArea], 
    [Extent1].[NormalizedUserName] AS [NormalizedUserName], 
    [Extent1].[NormalizedEmailAddress] AS [NormalizedEmailAddress], 
    [Extent1].[AuthenticationSource] AS [AuthenticationSource], 
    [Extent1].[UserName] AS [UserName], 
    [Extent1].[TenantId] AS [TenantId], 
    [Extent1].[EmailAddress] AS [EmailAddress], 
    [Extent1].[Name] AS [Name], 
    [Extent1].[Surname] AS [Surname], 
    [Extent1].[Password] AS [Password], 
    [Extent1].[EmailConfirmationCode] AS [EmailConfirmationCode], 
    [Extent1].[PasswordResetCode] AS [PasswordResetCode], 
    [Extent1].[LockoutEndDateUtc] AS [LockoutEndDateUtc], 
    [Extent1].[AccessFailedCount] AS [AccessFailedCount], 
    [Extent1].[IsLockoutEnabled] AS [IsLockoutEnabled], 
    [Extent1].[PhoneNumber] AS [PhoneNumber], 
    [Extent1].[IsPhoneNumberConfirmed] AS [IsPhoneNumberConfirmed], 
    [Extent1].[SecurityStamp] AS [SecurityStamp], 
    [Extent1].[IsTwoFactorEnabled] AS [IsTwoFactorEnabled], 
    [Extent1].[IsEmailConfirmed] AS [IsEmailConfirmed], 
    [Extent1].[IsActive] AS [IsActive], 
    [Extent1].[IsDeleted] AS [IsDeleted], 
    [Extent1].[DeleterUserId] AS [DeleterUserId], 
    [Extent1].[DeletionTime] AS [DeletionTime], 
    [Extent1].[LastModificationTime] AS [LastModificationTime], 
    [Extent1].[LastModifierUserId] AS [LastModifierUserId], 
    [Extent1].[CreationTime] AS [CreationTime], 
    [Extent1].[CreatorUserId] AS [CreatorUserId]
    FROM [dbo].[AbpUsers] AS [Extent1]
    WHERE ((([Extent1].[TenantId] IS NULL) AND (@DynamicFilterParam_000001 IS NULL)) OR (([Extent1].[TenantId] IS NOT NULL) AND (([Extent1].[TenantId] = @DynamicFilterParam_000001) OR (([Extent1].[TenantId] IS NULL) AND (@DynamicFilterParam_000001 IS NULL)))) ) AND (([Extent1].[IsDeleted] = @DynamicFilterParam_000003) ) AND ([Extent1].[Id] = @p__linq__0)


-- DynamicFilterParam_000001: '2' (Type = Int32)

-- DynamicFilterParam_000002: 'null' (Type = Boolean)

-- DynamicFilterParam_000003: 'False' (Type = Boolean, IsNullable = false)

-- DynamicFilterParam_000004: 'null' (Type = Boolean)

-- p__linq__0: '3' (Type = Int64)

-- 正在 2023/10/22 22:15:48 +08:00
 异步执行
-- 已在 15 毫秒内完成，结果为: SqlDataReader



已于 2023/10/22 22:15:48 +08:00
 关闭了连接
SELECT 
    [Extent1].[Id] AS [Id], 
    [Extent1].[TenantId] AS [TenantId], 
    [Extent1].[LanguageName] AS [LanguageName], 
    [Extent1].[Source] AS [Source], 
    [Extent1].[Key] AS [Key], 
    [Extent1].[Value] AS [Value], 
    [Extent1].[LastModificationTime] AS [LastModificationTime], 
    [Extent1].[LastModifierUserId] AS [LastModifierUserId], 
    [Extent1].[CreationTime] AS [CreationTime], 
    [Extent1].[CreatorUserId] AS [CreatorUserId]
    FROM [dbo].[AbpLanguageTexts] AS [Extent1]
    WHERE ((([Extent1].[TenantId] IS NULL) AND (@DynamicFilterParam_000001 IS NULL)) OR (([Extent1].[TenantId] IS NOT NULL) AND (([Extent1].[TenantId] = @DynamicFilterParam_000001) OR (([Extent1].[TenantId] IS NULL) AND (@DynamicFilterParam_000001 IS NULL)))) ) AND ([Extent1].[Source] = @p__linq__0) AND ([Extent1].[LanguageName] = @p__linq__1)


-- DynamicFilterParam_000001: 'null' (Type = Int32)

-- DynamicFilterParam_000002: 'null' (Type = Boolean)

-- p__linq__0: 'Abp' (Type = String, Size = 4000)

已于 2023/10/22 22:15:48 +08:00
 打开了连接
-- p__linq__1: 'zh-CN' (Type = String, Size = 4000)

SELECT 
    [Extent1].[Id] AS [Id], 
    [Extent1].[TenantId] AS [TenantId], 
    [Extent1].[UserId] AS [UserId], 
    [Extent1].[Name] AS [Name], 
    [Extent1].[Value] AS [Value], 
    [Extent1].[LastModificationTime] AS [LastModificationTime], 
    [Extent1].[LastModifierUserId] AS [LastModifierUserId], 
    [Extent1].[CreationTime] AS [CreationTime], 
    [Extent1].[CreatorUserId] AS [CreatorUserId]
    FROM [dbo].[AbpSettings] AS [Extent1]
    WHERE ((([Extent1].[TenantId] IS NULL) AND (@DynamicFilterParam_000001 IS NULL)) OR (([Extent1].[TenantId] IS NOT NULL) AND (([Extent1].[TenantId] = @DynamicFilterParam_000001) OR (([Extent1].[TenantId] IS NULL) AND (@DynamicFilterParam_000001 IS NULL)))) OR (@DynamicFilterParam_000002 IS NOT NULL)) AND (([Extent1].[UserId] = @p__linq__0) OR (([Extent1].[UserId] IS NULL) AND (@p__linq__0 IS NULL))) AND (([Extent1].[TenantId] = @p__linq__1) OR (([Extent1].[TenantId] IS NULL) AND (@p__linq__1 IS NULL)))


-- DynamicFilterParam_000001: '2' (Type = Int32)

-- DynamicFilterParam_000002: 'True' (Type = Boolean)

-- p__linq__0: 'null' (Type = Int64)

-- p__linq__1: '2' (Type = Int32)

-- 正在 2023/10/22 22:15:49 +08:00
 执行
-- 已在 84 毫秒内完成，结果为: SqlDataReader

-- 正在 2023/10/22 22:15:49 +08:00
 执行


已于 2023/10/22 22:15:49 +08:00
 关闭了连接
-- 已在 94 毫秒内完成，结果为: SqlDataReader



已于 2023/10/22 22:15:49 +08:00
 关闭了连接
已于 2023/10/22 22:15:49 +08:00
 打开了连接
SELECT 
    [Extent1].[Id] AS [Id], 
    [Extent1].[TenantId] AS [TenantId], 
    [Extent1].[LanguageName] AS [LanguageName], 
    [Extent1].[Source] AS [Source], 
    [Extent1].[Key] AS [Key], 
    [Extent1].[Value] AS [Value], 
    [Extent1].[LastModificationTime] AS [LastModificationTime], 
    [Extent1].[LastModifierUserId] AS [LastModifierUserId], 
    [Extent1].[CreationTime] AS [CreationTime], 
    [Extent1].[CreatorUserId] AS [CreatorUserId]
    FROM [dbo].[AbpLanguageTexts] AS [Extent1]
    WHERE ((([Extent1].[TenantId] IS NULL) AND (@DynamicFilterParam_000001 IS NULL)) OR (([Extent1].[TenantId] IS NOT NULL) AND (([Extent1].[TenantId] = @DynamicFilterParam_000001) OR (([Extent1].[TenantId] IS NULL) AND (@DynamicFilterParam_000001 IS NULL)))) ) AND ([Extent1].[Source] = @p__linq__0) AND ([Extent1].[LanguageName] = @p__linq__1)


-- DynamicFilterParam_000001: 'null' (Type = Int32)

-- DynamicFilterParam_000002: 'null' (Type = Boolean)

-- p__linq__0: 'Abp' (Type = String, Size = 4000)

-- p__linq__1: 'en' (Type = String, Size = 4000)

-- 正在 2023/10/22 22:15:49 +08:00
 执行
-- 已在 23 毫秒内完成，结果为: SqlDataReader



已于 2023/10/22 22:15:49 +08:00
 关闭了连接
已于 2023/10/22 22:15:49 +08:00
 以异步方式打开了连接
SELECT TOP (1) 
    [Extent1].[Id] AS [Id], 
    [Extent1].[EmployeeNum] AS [EmployeeNum], 
    [Extent1].[DomainName] AS [DomainName], 
    [Extent1].[NovellAccount] AS [NovellAccount], 
    [Extent1].[HelpChar] AS [HelpChar], 
    [Extent1].[Sex] AS [Sex], 
    [Extent1].[Birthday] AS [Birthday], 
    [Extent1].[Mobile] AS [Mobile], 
    [Extent1].[Address] AS [Address], 
    [Extent1].[SignImage] AS [SignImage], 
    [Extent1].[State] AS [State], 
    [Extent1].[Degree] AS [Degree], 
    [Extent1].[Duty] AS [Duty], 
    [Extent1].[CanPayment] AS [CanPayment], 
    [Extent1].[EmPhoto] AS [EmPhoto], 
    [Extent1].[QQ] AS [QQ], 
    [Extent1].[WorkState] AS [WorkState], 
    [Extent1].[LastClearTime] AS [LastClearTime], 
    [Extent1].[OnlineState] AS [OnlineState], 
    [Extent1].[Discount] AS [Discount], 
    [Extent1].[ServiceStandard] AS [ServiceStandard], 
    [Extent1].[Title] AS [Title], 
    [Extent1].[ClinicalDepartment] AS [ClinicalDepartment], 
    [Extent1].[GroupName] AS [GroupName], 
    [Extent1].[ClientZKS] AS [ClientZKS], 
    [Extent1].[HospitalArea] AS [HospitalArea], 
    [Extent1].[NormalizedUserName] AS [NormalizedUserName], 
    [Extent1].[NormalizedEmailAddress] AS [NormalizedEmailAddress], 
    [Extent1].[AuthenticationSource] AS [AuthenticationSource], 
    [Extent1].[UserName] AS [UserName], 
    [Extent1].[TenantId] AS [TenantId], 
    [Extent1].[EmailAddress] AS [EmailAddress], 
    [Extent1].[Name] AS [Name], 
    [Extent1].[Surname] AS [Surname], 
    [Extent1].[Password] AS [Password], 
    [Extent1].[EmailConfirmationCode] AS [EmailConfirmationCode], 
    [Extent1].[PasswordResetCode] AS [PasswordResetCode], 
    [Extent1].[LockoutEndDateUtc] AS [LockoutEndDateUtc], 
    [Extent1].[AccessFailedCount] AS [AccessFailedCount], 
    [Extent1].[IsLockoutEnabled] AS [IsLockoutEnabled], 
    [Extent1].[PhoneNumber] AS [PhoneNumber], 
    [Extent1].[IsPhoneNumberConfirmed] AS [IsPhoneNumberConfirmed], 
    [Extent1].[SecurityStamp] AS [SecurityStamp], 
    [Extent1].[IsTwoFactorEnabled] AS [IsTwoFactorEnabled], 
    [Extent1].[IsEmailConfirmed] AS [IsEmailConfirmed], 
    [Extent1].[IsActive] AS [IsActive], 
    [Extent1].[IsDeleted] AS [IsDeleted], 
    [Extent1].[DeleterUserId] AS [DeleterUserId], 
    [Extent1].[DeletionTime] AS [DeletionTime], 
    [Extent1].[LastModificationTime] AS [LastModificationTime], 
    [Extent1].[LastModifierUserId] AS [LastModifierUserId], 
    [Extent1].[CreationTime] AS [CreationTime], 
    [Extent1].[CreatorUserId] AS [CreatorUserId]
    FROM [dbo].[AbpUsers] AS [Extent1]
    WHERE ((([Extent1].[TenantId] IS NULL) AND (@DynamicFilterParam_000001 IS NULL)) OR (([Extent1].[TenantId] IS NOT NULL) AND (([Extent1].[TenantId] = @DynamicFilterParam_000001) OR (([Extent1].[TenantId] IS NULL) AND (@DynamicFilterParam_000001 IS NULL)))) ) AND (([Extent1].[IsDeleted] = @DynamicFilterParam_000003) ) AND ([Extent1].[Id] = @p__linq__0)


-- DynamicFilterParam_000001: '2' (Type = Int32)

-- DynamicFilterParam_000002: 'null' (Type = Boolean)

-- DynamicFilterParam_000003: 'False' (Type = Boolean, IsNullable = false)

-- DynamicFilterParam_000004: 'null' (Type = Boolean)

-- p__linq__0: '3' (Type = Int64)

-- 正在 2023/10/22 22:15:49 +08:00
 异步执行
-- 已在 10 毫秒内完成，结果为: SqlDataReader



已于 2023/10/22 22:15:49 +08:00
 关闭了连接
已于 2023/10/22 22:15:49 +08:00
 以异步方式打开了连接
SELECT TOP (1) 
    [Extent1].[Id] AS [Id], 
    [Extent1].[EmployeeNum] AS [EmployeeNum], 
    [Extent1].[DomainName] AS [DomainName], 
    [Extent1].[NovellAccount] AS [NovellAccount], 
    [Extent1].[HelpChar] AS [HelpChar], 
    [Extent1].[Sex] AS [Sex], 
    [Extent1].[Birthday] AS [Birthday], 
    [Extent1].[Mobile] AS [Mobile], 
    [Extent1].[Address] AS [Address], 
    [Extent1].[SignImage] AS [SignImage], 
    [Extent1].[State] AS [State], 
    [Extent1].[Degree] AS [Degree], 
    [Extent1].[Duty] AS [Duty], 
    [Extent1].[CanPayment] AS [CanPayment], 
    [Extent1].[EmPhoto] AS [EmPhoto], 
    [Extent1].[QQ] AS [QQ], 
    [Extent1].[WorkState] AS [WorkState], 
    [Extent1].[LastClearTime] AS [LastClearTime], 
    [Extent1].[OnlineState] AS [OnlineState], 
    [Extent1].[Discount] AS [Discount], 
    [Extent1].[ServiceStandard] AS [ServiceStandard], 
    [Extent1].[Title] AS [Title], 
    [Extent1].[ClinicalDepartment] AS [ClinicalDepartment], 
    [Extent1].[GroupName] AS [GroupName], 
    [Extent1].[ClientZKS] AS [ClientZKS], 
    [Extent1].[HospitalArea] AS [HospitalArea], 
    [Extent1].[NormalizedUserName] AS [NormalizedUserName], 
    [Extent1].[NormalizedEmailAddress] AS [NormalizedEmailAddress], 
    [Extent1].[AuthenticationSource] AS [AuthenticationSource], 
    [Extent1].[UserName] AS [UserName], 
    [Extent1].[TenantId] AS [TenantId], 
    [Extent1].[EmailAddress] AS [EmailAddress], 
    [Extent1].[Name] AS [Name], 
    [Extent1].[Surname] AS [Surname], 
    [Extent1].[Password] AS [Password], 
    [Extent1].[EmailConfirmationCode] AS [EmailConfirmationCode], 
    [Extent1].[PasswordResetCode] AS [PasswordResetCode], 
    [Extent1].[LockoutEndDateUtc] AS [LockoutEndDateUtc], 
    [Extent1].[AccessFailedCount] AS [AccessFailedCount], 
    [Extent1].[IsLockoutEnabled] AS [IsLockoutEnabled], 
    [Extent1].[PhoneNumber] AS [PhoneNumber], 
    [Extent1].[IsPhoneNumberConfirmed] AS [IsPhoneNumberConfirmed], 
    [Extent1].[SecurityStamp] AS [SecurityStamp], 
    [Extent1].[IsTwoFactorEnabled] AS [IsTwoFactorEnabled], 
    [Extent1].[IsEmailConfirmed] AS [IsEmailConfirmed], 
    [Extent1].[IsActive] AS [IsActive], 
    [Extent1].[IsDeleted] AS [IsDeleted], 
    [Extent1].[DeleterUserId] AS [DeleterUserId], 
    [Extent1].[DeletionTime] AS [DeletionTime], 
    [Extent1].[LastModificationTime] AS [LastModificationTime], 
    [Extent1].[LastModifierUserId] AS [LastModifierUserId], 
    [Extent1].[CreationTime] AS [CreationTime], 
    [Extent1].[CreatorUserId] AS [CreatorUserId]
    FROM [dbo].[AbpUsers] AS [Extent1]
    WHERE ((([Extent1].[TenantId] IS NULL) AND (@DynamicFilterParam_000001 IS NULL)) OR (([Extent1].[TenantId] IS NOT NULL) AND (([Extent1].[TenantId] = @DynamicFilterParam_000001) OR (([Extent1].[TenantId] IS NULL) AND (@DynamicFilterParam_000001 IS NULL)))) ) AND (([Extent1].[IsDeleted] = @DynamicFilterParam_000003) ) AND ([Extent1].[Id] = @p__linq__0)


-- DynamicFilterParam_000001: '2' (Type = Int32)

-- DynamicFilterParam_000002: 'null' (Type = Boolean)

-- DynamicFilterParam_000003: 'False' (Type = Boolean, IsNullable = false)

-- DynamicFilterParam_000004: 'null' (Type = Boolean)

-- p__linq__0: '3' (Type = Int64)

-- 正在 2023/10/22 22:15:49 +08:00
 异步执行
-- 已在 7 毫秒内完成，结果为: SqlDataReader



已于 2023/10/22 22:15:49 +08:00
 关闭了连接
已于 2023/10/22 22:15:50 +08:00
 以异步方式打开了连接
SELECT TOP (1) 
    [Extent1].[Id] AS [Id], 
    [Extent1].[EmployeeNum] AS [EmployeeNum], 
    [Extent1].[DomainName] AS [DomainName], 
    [Extent1].[NovellAccount] AS [NovellAccount], 
    [Extent1].[HelpChar] AS [HelpChar], 
    [Extent1].[Sex] AS [Sex], 
    [Extent1].[Birthday] AS [Birthday], 
    [Extent1].[Mobile] AS [Mobile], 
    [Extent1].[Address] AS [Address], 
    [Extent1].[SignImage] AS [SignImage], 
    [Extent1].[State] AS [State], 
    [Extent1].[Degree] AS [Degree], 
    [Extent1].[Duty] AS [Duty], 
    [Extent1].[CanPayment] AS [CanPayment], 
    [Extent1].[EmPhoto] AS [EmPhoto], 
    [Extent1].[QQ] AS [QQ], 
    [Extent1].[WorkState] AS [WorkState], 
    [Extent1].[LastClearTime] AS [LastClearTime], 
    [Extent1].[OnlineState] AS [OnlineState], 
    [Extent1].[Discount] AS [Discount], 
    [Extent1].[ServiceStandard] AS [ServiceStandard], 
    [Extent1].[Title] AS [Title], 
    [Extent1].[ClinicalDepartment] AS [ClinicalDepartment], 
    [Extent1].[GroupName] AS [GroupName], 
    [Extent1].[ClientZKS] AS [ClientZKS], 
    [Extent1].[HospitalArea] AS [HospitalArea], 
    [Extent1].[NormalizedUserName] AS [NormalizedUserName], 
    [Extent1].[NormalizedEmailAddress] AS [NormalizedEmailAddress], 
    [Extent1].[AuthenticationSource] AS [AuthenticationSource], 
    [Extent1].[UserName] AS [UserName], 
    [Extent1].[TenantId] AS [TenantId], 
    [Extent1].[EmailAddress] AS [EmailAddress], 
    [Extent1].[Name] AS [Name], 
    [Extent1].[Surname] AS [Surname], 
    [Extent1].[Password] AS [Password], 
    [Extent1].[EmailConfirmationCode] AS [EmailConfirmationCode], 
    [Extent1].[PasswordResetCode] AS [PasswordResetCode], 
    [Extent1].[LockoutEndDateUtc] AS [LockoutEndDateUtc], 
    [Extent1].[AccessFailedCount] AS [AccessFailedCount], 
    [Extent1].[IsLockoutEnabled] AS [IsLockoutEnabled], 
    [Extent1].[PhoneNumber] AS [PhoneNumber], 
    [Extent1].[IsPhoneNumberConfirmed] AS [IsPhoneNumberConfirmed], 
    [Extent1].[SecurityStamp] AS [SecurityStamp], 
    [Extent1].[IsTwoFactorEnabled] AS [IsTwoFactorEnabled], 
    [Extent1].[IsEmailConfirmed] AS [IsEmailConfirmed], 
    [Extent1].[IsActive] AS [IsActive], 
    [Extent1].[IsDeleted] AS [IsDeleted], 
    [Extent1].[DeleterUserId] AS [DeleterUserId], 
    [Extent1].[DeletionTime] AS [DeletionTime], 
    [Extent1].[LastModificationTime] AS [LastModificationTime], 
    [Extent1].[LastModifierUserId] AS [LastModifierUserId], 
    [Extent1].[CreationTime] AS [CreationTime], 
    [Extent1].[CreatorUserId] AS [CreatorUserId]
    FROM [dbo].[AbpUsers] AS [Extent1]
    WHERE ((([Extent1].[TenantId] IS NULL) AND (@DynamicFilterParam_000001 IS NULL)) OR (([Extent1].[TenantId] IS NOT NULL) AND (([Extent1].[TenantId] = @DynamicFilterParam_000001) OR (([Extent1].[TenantId] IS NULL) AND (@DynamicFilterParam_000001 IS NULL)))) ) AND (([Extent1].[IsDeleted] = @DynamicFilterParam_000003) ) AND ([Extent1].[Id] = @p__linq__0)


-- DynamicFilterParam_000001: '2' (Type = Int32)

-- DynamicFilterParam_000002: 'null' (Type = Boolean)

-- DynamicFilterParam_000003: 'False' (Type = Boolean, IsNullable = false)

-- DynamicFilterParam_000004: 'null' (Type = Boolean)

-- p__linq__0: '3' (Type = Int64)

-- 正在 2023/10/22 22:15:50 +08:00
 异步执行
-- 已在 13 毫秒内完成，结果为: SqlDataReader



已于 2023/10/22 22:15:50 +08:00
 关闭了连接
已于 2023/10/22 22:15:50 +08:00
 以异步方式打开了连接
SELECT TOP (1) 
    [Extent1].[Id] AS [Id], 
    [Extent1].[EmployeeNum] AS [EmployeeNum], 
    [Extent1].[DomainName] AS [DomainName], 
    [Extent1].[NovellAccount] AS [NovellAccount], 
    [Extent1].[HelpChar] AS [HelpChar], 
    [Extent1].[Sex] AS [Sex], 
    [Extent1].[Birthday] AS [Birthday], 
    [Extent1].[Mobile] AS [Mobile], 
    [Extent1].[Address] AS [Address], 
    [Extent1].[SignImage] AS [SignImage], 
    [Extent1].[State] AS [State], 
    [Extent1].[Degree] AS [Degree], 
    [Extent1].[Duty] AS [Duty], 
    [Extent1].[CanPayment] AS [CanPayment], 
    [Extent1].[EmPhoto] AS [EmPhoto], 
    [Extent1].[QQ] AS [QQ], 
    [Extent1].[WorkState] AS [WorkState], 
    [Extent1].[LastClearTime] AS [LastClearTime], 
    [Extent1].[OnlineState] AS [OnlineState], 
    [Extent1].[Discount] AS [Discount], 
    [Extent1].[ServiceStandard] AS [ServiceStandard], 
    [Extent1].[Title] AS [Title], 
    [Extent1].[ClinicalDepartment] AS [ClinicalDepartment], 
    [Extent1].[GroupName] AS [GroupName], 
    [Extent1].[ClientZKS] AS [ClientZKS], 
    [Extent1].[HospitalArea] AS [HospitalArea], 
    [Extent1].[NormalizedUserName] AS [NormalizedUserName], 
    [Extent1].[NormalizedEmailAddress] AS [NormalizedEmailAddress], 
    [Extent1].[AuthenticationSource] AS [AuthenticationSource], 
    [Extent1].[UserName] AS [UserName], 
    [Extent1].[TenantId] AS [TenantId], 
    [Extent1].[EmailAddress] AS [EmailAddress], 
    [Extent1].[Name] AS [Name], 
    [Extent1].[Surname] AS [Surname], 
    [Extent1].[Password] AS [Password], 
    [Extent1].[EmailConfirmationCode] AS [EmailConfirmationCode], 
    [Extent1].[PasswordResetCode] AS [PasswordResetCode], 
    [Extent1].[LockoutEndDateUtc] AS [LockoutEndDateUtc], 
    [Extent1].[AccessFailedCount] AS [AccessFailedCount], 
    [Extent1].[IsLockoutEnabled] AS [IsLockoutEnabled], 
    [Extent1].[PhoneNumber] AS [PhoneNumber], 
    [Extent1].[IsPhoneNumberConfirmed] AS [IsPhoneNumberConfirmed], 
    [Extent1].[SecurityStamp] AS [SecurityStamp], 
    [Extent1].[IsTwoFactorEnabled] AS [IsTwoFactorEnabled], 
    [Extent1].[IsEmailConfirmed] AS [IsEmailConfirmed], 
    [Extent1].[IsActive] AS [IsActive], 
    [Extent1].[IsDeleted] AS [IsDeleted], 
    [Extent1].[DeleterUserId] AS [DeleterUserId], 
    [Extent1].[DeletionTime] AS [DeletionTime], 
    [Extent1].[LastModificationTime] AS [LastModificationTime], 
    [Extent1].[LastModifierUserId] AS [LastModifierUserId], 
    [Extent1].[CreationTime] AS [CreationTime], 
    [Extent1].[CreatorUserId] AS [CreatorUserId]
    FROM [dbo].[AbpUsers] AS [Extent1]
    WHERE ((([Extent1].[TenantId] IS NULL) AND (@DynamicFilterParam_000001 IS NULL)) OR (([Extent1].[TenantId] IS NOT NULL) AND (([Extent1].[TenantId] = @DynamicFilterParam_000001) OR (([Extent1].[TenantId] IS NULL) AND (@DynamicFilterParam_000001 IS NULL)))) ) AND (([Extent1].[IsDeleted] = @DynamicFilterParam_000003) ) AND ([Extent1].[Id] = @p__linq__0)


-- DynamicFilterParam_000001: '2' (Type = Int32)

-- DynamicFilterParam_000002: 'null' (Type = Boolean)

-- DynamicFilterParam_000003: 'False' (Type = Boolean, IsNullable = false)

-- DynamicFilterParam_000004: 'null' (Type = Boolean)

-- p__linq__0: '3' (Type = Int64)

-- 正在 2023/10/22 22:15:50 +08:00
 异步执行
-- 已在 23 毫秒内完成，结果为: SqlDataReader



已于 2023/10/22 22:15:50 +08:00
 关闭了连接
已于 2023/10/22 22:15:50 +08:00
 以异步方式打开了连接
SELECT 
    [Extent2].[Name] AS [Name]
    FROM  [dbo].[AbpUserRoles] AS [Extent1]
    INNER JOIN [dbo].[AbpRoles] AS [Extent2] ON [Extent1].[RoleId] = [Extent2].[Id]
    WHERE ((([Extent1].[TenantId] IS NULL) AND (@DynamicFilterParam_000001 IS NULL)) OR (([Extent1].[TenantId] IS NOT NULL) AND (([Extent1].[TenantId] = @DynamicFilterParam_000001) OR (([Extent1].[TenantId] IS NULL) AND (@DynamicFilterParam_000001 IS NULL)))) ) AND ((([Extent2].[TenantId] IS NULL) AND (@DynamicFilterParam_000001 IS NULL)) OR (([Extent2].[TenantId] IS NOT NULL) AND (([Extent2].[TenantId] = @DynamicFilterParam_000001) OR (([Extent2].[TenantId] IS NULL) AND (@DynamicFilterParam_000001 IS NULL)))) ) AND (([Extent2].[IsDeleted] = @DynamicFilterParam_000003) ) AND ([Extent1].[UserId] = @p__linq__0)


-- DynamicFilterParam_000001: '2' (Type = Int32)

-- DynamicFilterParam_000002: 'null' (Type = Boolean)

-- DynamicFilterParam_000003: 'False' (Type = Boolean, IsNullable = false)

-- DynamicFilterParam_000004: 'null' (Type = Boolean)

-- p__linq__0: '3' (Type = Int64, IsNullable = false)

-- 正在 2023/10/22 22:15:50 +08:00
 异步执行
-- 已在 12 毫秒内完成，结果为: SqlDataReader



已于 2023/10/22 22:15:50 +08:00
 关闭了连接
已于 2023/10/22 22:15:50 +08:00
 以异步方式打开了连接
SELECT 
    [Extent3].[Name] AS [Name]
    FROM   [dbo].[AbpUserOrganizationUnits] AS [Extent1]
    INNER JOIN [dbo].[AbpOrganizationUnitRoles] AS [Extent2] ON [Extent1].[OrganizationUnitId] = [Extent2].[OrganizationUnitId]
    INNER JOIN [dbo].[AbpRoles] AS [Extent3] ON [Extent2].[RoleId] = [Extent3].[Id]
    WHERE ((([Extent1].[TenantId] IS NULL) AND (@DynamicFilterParam_000001 IS NULL)) OR (([Extent1].[TenantId] IS NOT NULL) AND (([Extent1].[TenantId] = @DynamicFilterParam_000001) OR (([Extent1].[TenantId] IS NULL) AND (@DynamicFilterParam_000001 IS NULL)))) ) AND (([Extent1].[IsDeleted] = @DynamicFilterParam_000003) ) AND ((([Extent2].[TenantId] IS NULL) AND (@DynamicFilterParam_000001 IS NULL)) OR (([Extent2].[TenantId] IS NOT NULL) AND (([Extent2].[TenantId] = @DynamicFilterParam_000001) OR (([Extent2].[TenantId] IS NULL) AND (@DynamicFilterParam_000001 IS NULL)))) ) AND (([Extent2].[IsDeleted] = @DynamicFilterParam_000003) ) AND ((([Extent3].[TenantId] IS NULL) AND (@DynamicFilterParam_000001 IS NULL)) OR (([Extent3].[TenantId] IS NOT NULL) AND (([Extent3].[TenantId] = @DynamicFilterParam_000001) OR (([Extent3].[TenantId] IS NULL) AND (@DynamicFilterParam_000001 IS NULL)))) ) AND (([Extent3].[IsDeleted] = @DynamicFilterParam_000003) ) AND ([Extent1].[UserId] = @p__linq__0)


-- DynamicFilterParam_000001: '2' (Type = Int32)

-- DynamicFilterParam_000002: 'null' (Type = Boolean)

-- DynamicFilterParam_000003: 'False' (Type = Boolean, IsNullable = false)

-- DynamicFilterParam_000004: 'null' (Type = Boolean)

-- p__linq__0: '3' (Type = Int64, IsNullable = false)

-- 正在 2023/10/22 22:15:50 +08:00
 异步执行
-- 已在 21 毫秒内完成，结果为: SqlDataReader



已于 2023/10/22 22:15:50 +08:00
 关闭了连接
已于 2023/10/22 22:15:50 +08:00
 以异步方式打开了连接
SELECT TOP (1) 
    [Extent1].[Id] AS [Id], 
    [Extent1].[EmployeeNum] AS [EmployeeNum], 
    [Extent1].[DomainName] AS [DomainName], 
    [Extent1].[NovellAccount] AS [NovellAccount], 
    [Extent1].[HelpChar] AS [HelpChar], 
    [Extent1].[Sex] AS [Sex], 
    [Extent1].[Birthday] AS [Birthday], 
    [Extent1].[Mobile] AS [Mobile], 
    [Extent1].[Address] AS [Address], 
    [Extent1].[SignImage] AS [SignImage], 
    [Extent1].[State] AS [State], 
    [Extent1].[Degree] AS [Degree], 
    [Extent1].[Duty] AS [Duty], 
    [Extent1].[CanPayment] AS [CanPayment], 
    [Extent1].[EmPhoto] AS [EmPhoto], 
    [Extent1].[QQ] AS [QQ], 
    [Extent1].[WorkState] AS [WorkState], 
    [Extent1].[LastClearTime] AS [LastClearTime], 
    [Extent1].[OnlineState] AS [OnlineState], 
    [Extent1].[Discount] AS [Discount], 
    [Extent1].[ServiceStandard] AS [ServiceStandard], 
    [Extent1].[Title] AS [Title], 
    [Extent1].[ClinicalDepartment] AS [ClinicalDepartment], 
    [Extent1].[GroupName] AS [GroupName], 
    [Extent1].[ClientZKS] AS [ClientZKS], 
    [Extent1].[HospitalArea] AS [HospitalArea], 
    [Extent1].[NormalizedUserName] AS [NormalizedUserName], 
    [Extent1].[NormalizedEmailAddress] AS [NormalizedEmailAddress], 
    [Extent1].[AuthenticationSource] AS [AuthenticationSource], 
    [Extent1].[UserName] AS [UserName], 
    [Extent1].[TenantId] AS [TenantId], 
    [Extent1].[EmailAddress] AS [EmailAddress], 
    [Extent1].[Name] AS [Name], 
    [Extent1].[Surname] AS [Surname], 
    [Extent1].[Password] AS [Password], 
    [Extent1].[EmailConfirmationCode] AS [EmailConfirmationCode], 
    [Extent1].[PasswordResetCode] AS [PasswordResetCode], 
    [Extent1].[LockoutEndDateUtc] AS [LockoutEndDateUtc], 
    [Extent1].[AccessFailedCount] AS [AccessFailedCount], 
    [Extent1].[IsLockoutEnabled] AS [IsLockoutEnabled], 
    [Extent1].[PhoneNumber] AS [PhoneNumber], 
    [Extent1].[IsPhoneNumberConfirmed] AS [IsPhoneNumberConfirmed], 
    [Extent1].[SecurityStamp] AS [SecurityStamp], 
    [Extent1].[IsTwoFactorEnabled] AS [IsTwoFactorEnabled], 
    [Extent1].[IsEmailConfirmed] AS [IsEmailConfirmed], 
    [Extent1].[IsActive] AS [IsActive], 
    [Extent1].[IsDeleted] AS [IsDeleted], 
    [Extent1].[DeleterUserId] AS [DeleterUserId], 
    [Extent1].[DeletionTime] AS [DeletionTime], 
    [Extent1].[LastModificationTime] AS [LastModificationTime], 
    [Extent1].[LastModifierUserId] AS [LastModifierUserId], 
    [Extent1].[CreationTime] AS [CreationTime], 
    [Extent1].[CreatorUserId] AS [CreatorUserId]
    FROM [dbo].[AbpUsers] AS [Extent1]
    WHERE ((([Extent1].[TenantId] IS NULL) AND (@DynamicFilterParam_000001 IS NULL)) OR (([Extent1].[TenantId] IS NOT NULL) AND (([Extent1].[TenantId] = @DynamicFilterParam_000001) OR (([Extent1].[TenantId] IS NULL) AND (@DynamicFilterParam_000001 IS NULL)))) ) AND (([Extent1].[IsDeleted] = @DynamicFilterParam_000003) ) AND ([Extent1].[Id] = @p__linq__0)


-- DynamicFilterParam_000001: '2' (Type = Int32)

-- DynamicFilterParam_000002: 'null' (Type = Boolean)

-- DynamicFilterParam_000003: 'False' (Type = Boolean, IsNullable = false)

-- DynamicFilterParam_000004: 'null' (Type = Boolean)

-- p__linq__0: '3' (Type = Int64)

-- 正在 2023/10/22 22:15:50 +08:00
 异步执行
-- 已在 8 毫秒内完成，结果为: SqlDataReader



已于 2023/10/22 22:15:50 +08:00
 关闭了连接
已于 2023/10/22 22:15:50 +08:00
 以异步方式打开了连接
SELECT 
    [Extent1].[Id] AS [Id], 
    [Extent1].[TenantId] AS [TenantId], 
    [Extent1].[UserId] AS [UserId], 
    [Extent1].[ClaimType] AS [ClaimType], 
    [Extent1].[ClaimValue] AS [ClaimValue], 
    [Extent1].[CreationTime] AS [CreationTime], 
    [Extent1].[CreatorUserId] AS [CreatorUserId]
    FROM [dbo].[AbpUserClaims] AS [Extent1]
    WHERE ((([Extent1].[TenantId] IS NULL) AND (@DynamicFilterParam_000001 IS NULL)) OR (([Extent1].[TenantId] IS NOT NULL) AND (([Extent1].[TenantId] = @DynamicFilterParam_000001) OR (([Extent1].[TenantId] IS NULL) AND (@DynamicFilterParam_000001 IS NULL)))) ) AND ([Extent1].[UserId] = @p__linq__0)


-- DynamicFilterParam_000001: '2' (Type = Int32)

-- DynamicFilterParam_000002: 'null' (Type = Boolean)

-- p__linq__0: '3' (Type = Int64, IsNullable = false)

-- 正在 2023/10/22 22:15:50 +08:00
 异步执行
-- 已在 12 毫秒内完成，结果为: SqlDataReader



已于 2023/10/22 22:15:50 +08:00
 关闭了连接
已于 2023/10/22 22:15:51 +08:00
 以异步方式打开了连接
已于 2023/10/22 22:15:51 +08:00
 启动了事务
INSERT [dbo].[AbpUserLoginAttempts]([TenantId], [TenancyName], [UserId], [UserNameOrEmailAddress], [ClientIpAddress], [ClientName], [BrowserInfo], [Result], [CreationTime])
VALUES (@0, @1, @2, @3, NULL, NULL, NULL, @4, @5)
SELECT [Id]
FROM [dbo].[AbpUserLoginAttempts]
WHERE @@ROWCOUNT > 0 AND [Id] = scope_identity()


-- @0: '2' (Type = Int32)

-- @1: 'Test' (Type = String, Size = 64)

-- @2: '3' (Type = Int64)

-- @3: 'admin' (Type = String, Size = 256)

-- @4: '1' (Type = Byte, Size = 1)

-- @5: '2023/10/22 22:15:50' (Type = DateTime2)

-- 正在 2023/10/22 22:15:51 +08:00
 异步执行
-- 已在 23 毫秒内完成，结果为: SqlDataReader



已于 2023/10/22 22:15:51 +08:00
 提交了事务
已于 2023/10/22 22:15:51 +08:00
 关闭了连接
已于 2023/10/22 22:15:51 +08:00
 打开了连接
已于 2023/10/22 22:15:51 +08:00
 启动了事务
INSERT [dbo].[AbpAuditLogs]([TenantId], [UserId], [ServiceName], [MethodName], [Parameters], [ReturnValue], [ExecutionTime], [ExecutionDuration], [ClientIpAddress], [ClientName], [BrowserInfo], [ExceptionMessage], [Exception], [ImpersonatorUserId], [ImpersonatorTenantId], [CustomData])
VALUES (NULL, NULL, @0, @1, @2, NULL, @3, @4, @5, @6, @7, NULL, NULL, NULL, NULL, NULL)
SELECT [Id]
FROM [dbo].[AbpAuditLogs]
WHERE @@ROWCOUNT > 0 AND [Id] = scope_identity()


-- @0: 'Castle.Proxies.AccountControllerProxy' (Type = String, Size = 256)

-- @1: 'Login' (Type = String, Size = 256)

已于 2023/10/22 22:15:52 +08:00
 以异步方式打开了连接
已于 2023/10/22 22:15:52 +08:00
 启动了事务
-- @2: '{"returnUrl":"/"}' (Type = String, Size = 1024)

-- @3: '2023/10/22 22:15:51' (Type = DateTime2)

-- @4: '543' (Type = Int32)

INSERT [dbo].[AbpAuditLogs]([TenantId], [UserId], [ServiceName], [MethodName], [Parameters], [ReturnValue], [ExecutionTime], [ExecutionDuration], [ClientIpAddress], [ClientName], [BrowserInfo], [ExceptionMessage], [Exception], [ImpersonatorUserId], [ImpersonatorTenantId], [CustomData])
VALUES (NULL, NULL, @0, @1, @2, NULL, @3, @4, @5, @6, @7, NULL, NULL, NULL, NULL, NULL)
SELECT [Id]
FROM [dbo].[AbpAuditLogs]
WHERE @@ROWCOUNT > 0 AND [Id] = scope_identity()
-- @5: '::1' (Type = String, Size = 64)

-- @6: 'LAPTOP-GECQGVPJ' (Type = String, Size = 128)



-- @0: 'Sw.Hospital.HealthExaminationSystem.WebApi.Api.Controllers.AccountController' (Type = String, Size = 256)

-- @1: 'Authenticate' (Type = String, Size = 256)

-- @2: '{"loginModel":{"tenancyName":"Test","usernameOrEmailAddress":"admin","password":"123qwe"}}' (Type = String, Size = 1024)

-- @7: 'Chrome / 120.0 / WinNT' (Type = String, Size = 512)

-- 正在 2023/10/22 22:15:52 +08:00
 执行
-- @3: '2023/10/22 22:15:37' (Type = DateTime2)

-- @4: '13698' (Type = Int32)

-- @5: '::1' (Type = String, Size = 64)

-- @6: 'LAPTOP-GECQGVPJ' (Type = String, Size = 128)

-- @7: 'Unknown / 0.0 / Unknown' (Type = String, Size = 512)

-- 正在 2023/10/22 22:15:52 +08:00
 异步执行
-- 已在 49 毫秒内完成，结果为: SqlDataReader



已于 2023/10/22 22:15:52 +08:00
 提交了事务
-- 已在 91 毫秒内完成，结果为: SqlDataReader



已于 2023/10/22 22:15:52 +08:00
 提交了事务
已于 2023/10/22 22:15:52 +08:00
 关闭了连接
已于 2023/10/22 22:15:52 +08:00
 关闭了连接
已于 2023-10-22 22:15:53 +08:00
 打开了连接
SELECT TOP (1000) 
    [Project1].[Id] AS [Id], 
    [Project1].[JobType] AS [JobType], 
    [Project1].[JobArgs] AS [JobArgs], 
    [Project1].[TryCount] AS [TryCount], 
    [Project1].[NextTryTime] AS [NextTryTime], 
    [Project1].[LastTryTime] AS [LastTryTime], 
    [Project1].[IsAbandoned] AS [IsAbandoned], 
    [Project1].[Priority] AS [Priority], 
    [Project1].[CreationTime] AS [CreationTime], 
    [Project1].[CreatorUserId] AS [CreatorUserId]
    FROM ( SELECT 
        [Extent1].[Id] AS [Id], 
        [Extent1].[JobType] AS [JobType], 
        [Extent1].[JobArgs] AS [JobArgs], 
        [Extent1].[TryCount] AS [TryCount], 
        [Extent1].[NextTryTime] AS [NextTryTime], 
        [Extent1].[LastTryTime] AS [LastTryTime], 
        [Extent1].[IsAbandoned] AS [IsAbandoned], 
        [Extent1].[Priority] AS [Priority], 
        [Extent1].[CreationTime] AS [CreationTime], 
        [Extent1].[CreatorUserId] AS [CreatorUserId]
        FROM [dbo].[AbpBackgroundJobs] AS [Extent1]
        WHERE ([Extent1].[IsAbandoned] <> 1) AND ([Extent1].[NextTryTime] <= @p__linq__0)
    )  AS [Project1]
    ORDER BY [Project1].[Priority] DESC, [Project1].[TryCount] ASC, [Project1].[NextTryTime] ASC


-- p__linq__0: '2023-10-22 22:15:53' (Type = DateTime2, IsNullable = false)

-- 正在 2023-10-22 22:15:53 +08:00
 执行
-- 已在 27 毫秒内完成，结果为: SqlDataReader



已于 2023-10-22 22:15:53 +08:00
 关闭了连接
已于 2023-10-22 22:15:53 +08:00
 打开了连接
SELECT 
    [Extent1].[Id] AS [Id], 
    [Extent1].[TenantId] AS [TenantId], 
    [Extent1].[UserId] AS [UserId], 
    [Extent1].[Name] AS [Name], 
    [Extent1].[Value] AS [Value], 
    [Extent1].[LastModificationTime] AS [LastModificationTime], 
    [Extent1].[LastModifierUserId] AS [LastModifierUserId], 
    [Extent1].[CreationTime] AS [CreationTime], 
    [Extent1].[CreatorUserId] AS [CreatorUserId]
    FROM [dbo].[AbpSettings] AS [Extent1]
    WHERE ((([Extent1].[TenantId] IS NULL) AND (@DynamicFilterParam_000001 IS NULL)) OR (([Extent1].[TenantId] IS NOT NULL) AND (([Extent1].[TenantId] = @DynamicFilterParam_000001) OR (([Extent1].[TenantId] IS NULL) AND (@DynamicFilterParam_000001 IS NULL)))) OR (@DynamicFilterParam_000002 IS NOT NULL)) AND (([Extent1].[UserId] = @p__linq__0) OR (([Extent1].[UserId] IS NULL) AND (@p__linq__0 IS NULL))) AND (([Extent1].[TenantId] = @p__linq__1) OR (([Extent1].[TenantId] IS NULL) AND (@p__linq__1 IS NULL)))


-- DynamicFilterParam_000001: '2' (Type = Int32)

-- DynamicFilterParam_000002: 'True' (Type = Boolean)

-- p__linq__0: '3' (Type = Int64)

-- p__linq__1: '2' (Type = Int32)

-- 正在 2023-10-22 22:15:53 +08:00
 执行
-- 已在 29 毫秒内完成，结果为: SqlDataReader



已于 2023-10-22 22:15:53 +08:00
 关闭了连接
已于 2023/10/22 22:15:56 +08:00
 打开了连接
SELECT TOP (1) 
    [Extent1].[Id] AS [Id], 
    [Extent1].[EmployeeNum] AS [EmployeeNum], 
    [Extent1].[DomainName] AS [DomainName], 
    [Extent1].[NovellAccount] AS [NovellAccount], 
    [Extent1].[HelpChar] AS [HelpChar], 
    [Extent1].[Sex] AS [Sex], 
    [Extent1].[Birthday] AS [Birthday], 
    [Extent1].[Mobile] AS [Mobile], 
    [Extent1].[Address] AS [Address], 
    [Extent1].[SignImage] AS [SignImage], 
    [Extent1].[State] AS [State], 
    [Extent1].[Degree] AS [Degree], 
    [Extent1].[Duty] AS [Duty], 
    [Extent1].[CanPayment] AS [CanPayment], 
    [Extent1].[EmPhoto] AS [EmPhoto], 
    [Extent1].[QQ] AS [QQ], 
    [Extent1].[WorkState] AS [WorkState], 
    [Extent1].[LastClearTime] AS [LastClearTime], 
    [Extent1].[OnlineState] AS [OnlineState], 
    [Extent1].[Discount] AS [Discount], 
    [Extent1].[ServiceStandard] AS [ServiceStandard], 
    [Extent1].[Title] AS [Title], 
    [Extent1].[ClinicalDepartment] AS [ClinicalDepartment], 
    [Extent1].[GroupName] AS [GroupName], 
    [Extent1].[ClientZKS] AS [ClientZKS], 
    [Extent1].[HospitalArea] AS [HospitalArea], 
    [Extent1].[NormalizedUserName] AS [NormalizedUserName], 
    [Extent1].[NormalizedEmailAddress] AS [NormalizedEmailAddress], 
    [Extent1].[AuthenticationSource] AS [AuthenticationSource], 
    [Extent1].[UserName] AS [UserName], 
    [Extent1].[TenantId] AS [TenantId], 
    [Extent1].[EmailAddress] AS [EmailAddress], 
    [Extent1].[Name] AS [Name], 
    [Extent1].[Surname] AS [Surname], 
    [Extent1].[Password] AS [Password], 
    [Extent1].[EmailConfirmationCode] AS [EmailConfirmationCode], 
    [Extent1].[PasswordResetCode] AS [PasswordResetCode], 
    [Extent1].[LockoutEndDateUtc] AS [LockoutEndDateUtc], 
    [Extent1].[AccessFailedCount] AS [AccessFailedCount], 
    [Extent1].[IsLockoutEnabled] AS [IsLockoutEnabled], 
    [Extent1].[PhoneNumber] AS [PhoneNumber], 
    [Extent1].[IsPhoneNumberConfirmed] AS [IsPhoneNumberConfirmed], 
    [Extent1].[SecurityStamp] AS [SecurityStamp], 
    [Extent1].[IsTwoFactorEnabled] AS [IsTwoFactorEnabled], 
    [Extent1].[IsEmailConfirmed] AS [IsEmailConfirmed], 
    [Extent1].[IsActive] AS [IsActive], 
    [Extent1].[IsDeleted] AS [IsDeleted], 
    [Extent1].[DeleterUserId] AS [DeleterUserId], 
    [Extent1].[DeletionTime] AS [DeletionTime], 
    [Extent1].[LastModificationTime] AS [LastModificationTime], 
    [Extent1].[LastModifierUserId] AS [LastModifierUserId], 
    [Extent1].[CreationTime] AS [CreationTime], 
    [Extent1].[CreatorUserId] AS [CreatorUserId]
    FROM [dbo].[AbpUsers] AS [Extent1]
    WHERE ((([Extent1].[TenantId] IS NULL) AND (@DynamicFilterParam_000001 IS NULL)) OR (([Extent1].[TenantId] IS NOT NULL) AND (([Extent1].[TenantId] = @DynamicFilterParam_000001) OR (([Extent1].[TenantId] IS NULL) AND (@DynamicFilterParam_000001 IS NULL)))) ) AND (([Extent1].[IsDeleted] = @DynamicFilterParam_000003) ) AND ([Extent1].[Id] = @p__linq__0)


-- DynamicFilterParam_000001: '2' (Type = Int32)

-- DynamicFilterParam_000002: 'null' (Type = Boolean)

-- DynamicFilterParam_000003: 'False' (Type = Boolean, IsNullable = false)

-- DynamicFilterParam_000004: 'null' (Type = Boolean)

-- p__linq__0: '3' (Type = Int64, IsNullable = false)

-- 正在 2023/10/22 22:15:56 +08:00
 执行
-- 已在 101 毫秒内完成，结果为: SqlDataReader



已于 2023/10/22 22:15:56 +08:00
 关闭了连接
已于 2023/10/22 22:15:56 +08:00
 打开了连接
SELECT 
    [Extent2].[Id] AS [Id], 
    [Extent2].[Name] AS [Name], 
    [Extent2].[TenantId] AS [TenantId], 
    [Extent2].[LastModificationTime] AS [LastModificationTime], 
    [Extent2].[LastModifierUserId] AS [LastModifierUserId], 
    [Extent2].[CreationTime] AS [CreationTime], 
    [Extent2].[CreatorUserId] AS [CreatorUserId]
    FROM  [dbo].[FormRoleUsers] AS [Extent1]
    INNER JOIN [dbo].[FormRoles] AS [Extent2] ON [Extent1].[FormRole_Id] = [Extent2].[Id]
    WHERE ([Extent1].[User_Id] = @EntityKeyValue1) AND (([Extent2].[TenantId] = @DynamicFilterParam_000005) )


-- EntityKeyValue1: '3' (Type = Int64, IsNullable = false)

-- DynamicFilterParam_000005: '2' (Type = Int32)

-- DynamicFilterParam_000006: 'null' (Type = Boolean)

-- 正在 2023/10/22 22:15:56 +08:00
 执行
-- 已在 41 毫秒内完成，结果为: SqlDataReader



已于 2023/10/22 22:15:56 +08:00
 关闭了连接
已于 2023/10/22 22:15:56 +08:00
 打开了连接
SELECT 
    [Extent2].[Id] AS [Id], 
    [Extent2].[DepartmentBM] AS [DepartmentBM], 
    [Extent2].[Name] AS [Name], 
    [Extent2].[HelpChar] AS [HelpChar], 
    [Extent2].[WBCode] AS [WBCode], 
    [Extent2].[Category] AS [Category], 
    [Extent2].[Duty] AS [Duty], 
    [Extent2].[Sex] AS [Sex], 
    [Extent2].[Remarks] AS [Remarks], 
    [Extent2].[OrderNum] AS [OrderNum], 
    [Extent2].[MaxCheckDay] AS [MaxCheckDay], 
    [Extent2].[Address] AS [Address], 
    [Extent2].[WomenAddress] AS [WomenAddress], 
    [Extent2].[MenAddress] AS [MenAddress], 
    [Extent2].[SumFormat] AS [SumFormat], 
    [Extent2].[TenantId] AS [TenantId], 
    [Extent2].[IsActive] AS [IsActive], 
    [Extent2].[LargeDepart] AS [LargeDepart], 
    [Extent2].[WJUploadState] AS [WJUploadState], 
    [Extent2].[IsDeleted] AS [IsDeleted], 
    [Extent2].[DeleterUserId] AS [DeleterUserId], 
    [Extent2].[DeletionTime] AS [DeletionTime], 
    [Extent2].[LastModificationTime] AS [LastModificationTime], 
    [Extent2].[LastModifierUserId] AS [LastModifierUserId], 
    [Extent2].[CreationTime] AS [CreationTime], 
    [Extent2].[CreatorUserId] AS [CreatorUserId]
    FROM  [dbo].[UserTbmDepartments] AS [Extent1]
    INNER JOIN [dbo].[TbmDepartments] AS [Extent2] ON [Extent1].[TbmDepartment_Id] = [Extent2].[Id]
    WHERE ([Extent1].[User_Id] = @EntityKeyValue1) AND (([Extent2].[TenantId] = @DynamicFilterParam_000005) ) AND (([Extent2].[IsDeleted] = @DynamicFilterParam_000003) )


-- EntityKeyValue1: '3' (Type = Int64, IsNullable = false)

-- DynamicFilterParam_000005: '2' (Type = Int32)

-- DynamicFilterParam_000006: 'null' (Type = Boolean)

-- DynamicFilterParam_000003: 'False' (Type = Boolean, IsNullable = false)

-- DynamicFilterParam_000004: 'null' (Type = Boolean)

-- 正在 2023/10/22 22:15:56 +08:00
 执行
-- 已在 52 毫秒内完成，结果为: SqlDataReader



已于 2023/10/22 22:15:56 +08:00
 关闭了连接
已于 2023/10/22 22:15:57 +08:00
 打开了连接
已于 2023/10/22 22:15:57 +08:00
 启动了事务
INSERT [dbo].[AbpAuditLogs]([TenantId], [UserId], [ServiceName], [MethodName], [Parameters], [ReturnValue], [ExecutionTime], [ExecutionDuration], [ClientIpAddress], [ClientName], [BrowserInfo], [ExceptionMessage], [Exception], [ImpersonatorUserId], [ImpersonatorTenantId], [CustomData])
VALUES (@0, @1, @2, @3, @4, NULL, @5, @6, @7, @8, @9, NULL, NULL, NULL, NULL, NULL)
SELECT [Id]
FROM [dbo].[AbpAuditLogs]
WHERE @@ROWCOUNT > 0 AND [Id] = scope_identity()


-- @0: '2' (Type = Int32)

-- @1: '3' (Type = Int64)

-- @2: 'Sw.Hospital.HealthExaminationSystem.Application.Users.UserAppService' (Type = String, Size = 256)

-- @3: 'GetUser' (Type = String, Size = 256)

-- @4: '{"input":{"id":-1}}' (Type = String, Size = 1024)

-- @5: '2023/10/22 22:15:56' (Type = DateTime2)

-- @6: '988' (Type = Int32)

-- @7: '::1' (Type = String, Size = 64)

-- @8: 'LAPTOP-GECQGVPJ' (Type = String, Size = 128)

-- @9: 'Unknown / 0.0 / Unknown' (Type = String, Size = 512)

-- 正在 2023/10/22 22:15:57 +08:00
 执行
-- 已在 37 毫秒内完成，结果为: SqlDataReader



已于 2023/10/22 22:15:57 +08:00
 提交了事务
已于 2023/10/22 22:15:57 +08:00
 关闭了连接
已于 2023-10-22 22:15:58 +08:00
 打开了连接
SELECT TOP (1000) 
    [Project1].[Id] AS [Id], 
    [Project1].[JobType] AS [JobType], 
    [Project1].[JobArgs] AS [JobArgs], 
    [Project1].[TryCount] AS [TryCount], 
    [Project1].[NextTryTime] AS [NextTryTime], 
    [Project1].[LastTryTime] AS [LastTryTime], 
    [Project1].[IsAbandoned] AS [IsAbandoned], 
    [Project1].[Priority] AS [Priority], 
    [Project1].[CreationTime] AS [CreationTime], 
    [Project1].[CreatorUserId] AS [CreatorUserId]
    FROM ( SELECT 
        [Extent1].[Id] AS [Id], 
        [Extent1].[JobType] AS [JobType], 
        [Extent1].[JobArgs] AS [JobArgs], 
        [Extent1].[TryCount] AS [TryCount], 
        [Extent1].[NextTryTime] AS [NextTryTime], 
        [Extent1].[LastTryTime] AS [LastTryTime], 
        [Extent1].[IsAbandoned] AS [IsAbandoned], 
        [Extent1].[Priority] AS [Priority], 
        [Extent1].[CreationTime] AS [CreationTime], 
        [Extent1].[CreatorUserId] AS [CreatorUserId]
        FROM [dbo].[AbpBackgroundJobs] AS [Extent1]
        WHERE ([Extent1].[IsAbandoned] <> 1) AND ([Extent1].[NextTryTime] <= @p__linq__0)
    )  AS [Project1]
    ORDER BY [Project1].[Priority] DESC, [Project1].[TryCount] ASC, [Project1].[NextTryTime] ASC


-- p__linq__0: '2023-10-22 22:15:58' (Type = DateTime2, IsNullable = false)

-- 正在 2023-10-22 22:15:58 +08:00
 执行
-- 已在 15 毫秒内完成，结果为: SqlDataReader



已于 2023-10-22 22:15:58 +08:00
 关闭了连接
已于 2023/10/22 22:15:58 +08:00
 打开了连接
SELECT 
    [Extent1].[Id] AS [Id], 
    [Extent1].[Name] AS [Name], 
    [Extent1].[TenantId] AS [TenantId], 
    [Extent1].[LastModificationTime] AS [LastModificationTime], 
    [Extent1].[LastModifierUserId] AS [LastModifierUserId], 
    [Extent1].[CreationTime] AS [CreationTime], 
    [Extent1].[CreatorUserId] AS [CreatorUserId]
    FROM [dbo].[FormRoles] AS [Extent1]
    WHERE ([Extent1].[TenantId] = @DynamicFilterParam_000005) 


-- DynamicFilterParam_000005: '2' (Type = Int32)

-- DynamicFilterParam_000006: 'null' (Type = Boolean)

-- 正在 2023/10/22 22:15:58 +08:00
 执行
-- 已在 37 毫秒内完成，结果为: SqlDataReader



已于 2023/10/22 22:15:58 +08:00
 关闭了连接
已于 2023/10/22 22:15:59 +08:00
 打开了连接
已于 2023/10/22 22:15:59 +08:00
 启动了事务
INSERT [dbo].[AbpAuditLogs]([TenantId], [UserId], [ServiceName], [MethodName], [Parameters], [ReturnValue], [ExecutionTime], [ExecutionDuration], [ClientIpAddress], [ClientName], [BrowserInfo], [ExceptionMessage], [Exception], [ImpersonatorUserId], [ImpersonatorTenantId], [CustomData])
VALUES (@0, @1, @2, @3, @4, NULL, @5, @6, @7, @8, @9, NULL, NULL, NULL, NULL, NULL)
SELECT [Id]
FROM [dbo].[AbpAuditLogs]
WHERE @@ROWCOUNT > 0 AND [Id] = scope_identity()


-- @0: '2' (Type = Int32)

-- @1: '3' (Type = Int64)

-- @2: 'Sw.Hospital.HealthExaminationSystem.Application.Users.FormRoleAppService' (Type = String, Size = 256)

-- @3: 'GetAll' (Type = String, Size = 256)

-- @4: '{}' (Type = String, Size = 1024)

-- @5: '2023/10/22 22:15:58' (Type = DateTime2)

-- @6: '189' (Type = Int32)

-- @7: '::1' (Type = String, Size = 64)

-- @8: 'LAPTOP-GECQGVPJ' (Type = String, Size = 128)

-- @9: 'Unknown / 0.0 / Unknown' (Type = String, Size = 512)

-- 正在 2023/10/22 22:15:59 +08:00
 执行
-- 已在 36 毫秒内完成，结果为: SqlDataReader



已于 2023/10/22 22:15:59 +08:00
 提交了事务
已于 2023/10/22 22:15:59 +08:00
 关闭了连接
