已于 2023-10-23 14:24:02 +08:00
 打开了连接
SELECT TOP (1000) 
    [Project1].[Id] AS [Id], 
    [Project1].[JobType] AS [JobType], 
    [Project1].[JobArgs] AS [JobArgs], 
    [Project1].[TryCount] AS [TryCount], 
    [Project1].[NextTryTime] AS [NextTryTime], 
    [Project1].[LastTryTime] AS [LastTryTime], 
    [Project1].[IsAbandoned] AS [IsAbandoned], 
    [Project1].[Priority] AS [Priority], 
    [Project1].[CreationTime] AS [CreationTime], 
    [Project1].[CreatorUserId] AS [CreatorUserId]
    FROM ( SELECT 
        [Extent1].[Id] AS [Id], 
        [Extent1].[JobType] AS [JobType], 
        [Extent1].[JobArgs] AS [JobArgs], 
        [Extent1].[TryCount] AS [TryCount], 
        [Extent1].[NextTryTime] AS [NextTryTime], 
        [Extent1].[LastTryTime] AS [LastTryTime], 
        [Extent1].[IsAbandoned] AS [IsAbandoned], 
        [Extent1].[Priority] AS [Priority], 
        [Extent1].[CreationTime] AS [CreationTime], 
        [Extent1].[CreatorUserId] AS [CreatorUserId]
        FROM [dbo].[AbpBackgroundJobs] AS [Extent1]
        WHERE ([Extent1].[IsAbandoned] <> 1) AND ([Extent1].[NextTryTime] <= @p__linq__0)
    )  AS [Project1]
    ORDER BY [Project1].[Priority] DESC, [Project1].[TryCount] ASC, [Project1].[NextTryTime] ASC


-- p__linq__0: '2023-10-23 14:24:02' (Type = DateTime2, IsNullable = false)

-- 正在 2023-10-23 14:24:02 +08:00
 执行
-- 已在 6 毫秒内完成，结果为: SqlDataReader



已于 2023-10-23 14:24:02 +08:00
 关闭了连接
已于 2023-10-23 14:24:07 +08:00
 打开了连接
SELECT TOP (1000) 
    [Project1].[Id] AS [Id], 
    [Project1].[JobType] AS [JobType], 
    [Project1].[JobArgs] AS [JobArgs], 
    [Project1].[TryCount] AS [TryCount], 
    [Project1].[NextTryTime] AS [NextTryTime], 
    [Project1].[LastTryTime] AS [LastTryTime], 
    [Project1].[IsAbandoned] AS [IsAbandoned], 
    [Project1].[Priority] AS [Priority], 
    [Project1].[CreationTime] AS [CreationTime], 
    [Project1].[CreatorUserId] AS [CreatorUserId]
    FROM ( SELECT 
        [Extent1].[Id] AS [Id], 
        [Extent1].[JobType] AS [JobType], 
        [Extent1].[JobArgs] AS [JobArgs], 
        [Extent1].[TryCount] AS [TryCount], 
        [Extent1].[NextTryTime] AS [NextTryTime], 
        [Extent1].[LastTryTime] AS [LastTryTime], 
        [Extent1].[IsAbandoned] AS [IsAbandoned], 
        [Extent1].[Priority] AS [Priority], 
        [Extent1].[CreationTime] AS [CreationTime], 
        [Extent1].[CreatorUserId] AS [CreatorUserId]
        FROM [dbo].[AbpBackgroundJobs] AS [Extent1]
        WHERE ([Extent1].[IsAbandoned] <> 1) AND ([Extent1].[NextTryTime] <= @p__linq__0)
    )  AS [Project1]
    ORDER BY [Project1].[Priority] DESC, [Project1].[TryCount] ASC, [Project1].[NextTryTime] ASC


-- p__linq__0: '2023-10-23 14:24:07' (Type = DateTime2, IsNullable = false)

-- 正在 2023-10-23 14:24:07 +08:00
 执行
-- 已在 6 毫秒内完成，结果为: SqlDataReader



已于 2023-10-23 14:24:07 +08:00
 关闭了连接
已于 2023/10/23 14:24:08 +08:00
 打开了连接
SELECT TOP (1) 
    [Extent1].[Id] AS [Id], 
    [Extent1].[EmployeeNum] AS [EmployeeNum], 
    [Extent1].[DomainName] AS [DomainName], 
    [Extent1].[NovellAccount] AS [NovellAccount], 
    [Extent1].[HelpChar] AS [HelpChar], 
    [Extent1].[Sex] AS [Sex], 
    [Extent1].[Birthday] AS [Birthday], 
    [Extent1].[Mobile] AS [Mobile], 
    [Extent1].[Address] AS [Address], 
    [Extent1].[SignImage] AS [SignImage], 
    [Extent1].[State] AS [State], 
    [Extent1].[Degree] AS [Degree], 
    [Extent1].[Duty] AS [Duty], 
    [Extent1].[CanPayment] AS [CanPayment], 
    [Extent1].[EmPhoto] AS [EmPhoto], 
    [Extent1].[QQ] AS [QQ], 
    [Extent1].[WorkState] AS [WorkState], 
    [Extent1].[LastClearTime] AS [LastClearTime], 
    [Extent1].[OnlineState] AS [OnlineState], 
    [Extent1].[Discount] AS [Discount], 
    [Extent1].[ServiceStandard] AS [ServiceStandard], 
    [Extent1].[Title] AS [Title], 
    [Extent1].[ClinicalDepartment] AS [ClinicalDepartment], 
    [Extent1].[GroupName] AS [GroupName], 
    [Extent1].[ClientZKS] AS [ClientZKS], 
    [Extent1].[HospitalArea] AS [HospitalArea], 
    [Extent1].[NormalizedUserName] AS [NormalizedUserName], 
    [Extent1].[NormalizedEmailAddress] AS [NormalizedEmailAddress], 
    [Extent1].[AuthenticationSource] AS [AuthenticationSource], 
    [Extent1].[UserName] AS [UserName], 
    [Extent1].[TenantId] AS [TenantId], 
    [Extent1].[EmailAddress] AS [EmailAddress], 
    [Extent1].[Name] AS [Name], 
    [Extent1].[Surname] AS [Surname], 
    [Extent1].[Password] AS [Password], 
    [Extent1].[EmailConfirmationCode] AS [EmailConfirmationCode], 
    [Extent1].[PasswordResetCode] AS [PasswordResetCode], 
    [Extent1].[LockoutEndDateUtc] AS [LockoutEndDateUtc], 
    [Extent1].[AccessFailedCount] AS [AccessFailedCount], 
    [Extent1].[IsLockoutEnabled] AS [IsLockoutEnabled], 
    [Extent1].[PhoneNumber] AS [PhoneNumber], 
    [Extent1].[IsPhoneNumberConfirmed] AS [IsPhoneNumberConfirmed], 
    [Extent1].[SecurityStamp] AS [SecurityStamp], 
    [Extent1].[IsTwoFactorEnabled] AS [IsTwoFactorEnabled], 
    [Extent1].[IsEmailConfirmed] AS [IsEmailConfirmed], 
    [Extent1].[IsActive] AS [IsActive], 
    [Extent1].[IsDeleted] AS [IsDeleted], 
    [Extent1].[DeleterUserId] AS [DeleterUserId], 
    [Extent1].[DeletionTime] AS [DeletionTime], 
    [Extent1].[LastModificationTime] AS [LastModificationTime], 
    [Extent1].[LastModifierUserId] AS [LastModifierUserId], 
    [Extent1].[CreationTime] AS [CreationTime], 
    [Extent1].[CreatorUserId] AS [CreatorUserId]
    FROM [dbo].[AbpUsers] AS [Extent1]
    WHERE ((([Extent1].[TenantId] IS NULL) AND (@DynamicFilterParam_000001 IS NULL)) OR (([Extent1].[TenantId] IS NOT NULL) AND (([Extent1].[TenantId] = @DynamicFilterParam_000001) OR (([Extent1].[TenantId] IS NULL) AND (@DynamicFilterParam_000001 IS NULL)))) ) AND (([Extent1].[IsDeleted] = @DynamicFilterParam_000003) ) AND ([Extent1].[Id] = @p__linq__0)


-- DynamicFilterParam_000001: '2' (Type = Int32)

-- DynamicFilterParam_000002: 'null' (Type = Boolean)

-- DynamicFilterParam_000003: 'False' (Type = Boolean, IsNullable = false)

-- DynamicFilterParam_000004: 'null' (Type = Boolean)

-- p__linq__0: '3' (Type = Int64)

-- 正在 2023/10/23 14:24:08 +08:00
 执行
-- 已在 15 毫秒内完成，结果为: SqlDataReader



已于 2023/10/23 14:24:08 +08:00
 关闭了连接
已于 2023/10/23 14:24:08 +08:00
 以异步方式打开了连接
SELECT 
    [Extent1].[BlindSate] AS [BlindSate], 
    [Extent1].[Id] AS [Id], 
    [Extent1].[ClientInfoId] AS [ClientInfoId], 
    [Extent1].[ClientRegBM] AS [ClientRegBM], 
    [Extent1].[ClientRegNum] AS [ClientRegNum], 
    [Extent1].[RegPersonCount] AS [RegPersonCount], 
    [Extent1].[StartCheckDate] AS [StartCheckDate], 
    [Extent1].[EndCheckDate] AS [EndCheckDate], 
    [Extent1].[Remark] AS [Remark], 
    [Extent1].[RegInfo] AS [RegInfo], 
    [Extent1].[linkMan] AS [linkMan], 
    [Extent1].[UserId] AS [UserId], 
    [Extent1].[FZState] AS [FZState], 
    [Extent1].[FZTime] AS [FZTime], 
    [Extent1].[SDState] AS [SDState], 
    [Extent1].[ConfirmState] AS [ConfirmState], 
    [Extent1].[ControlDate] AS [ControlDate], 
    [Extent1].[IsFree] AS [IsFree], 
    [Extent1].[CheckNumber] AS [CheckNumber], 
    [Extent1].[GeneralNumber] AS [GeneralNumber], 
    [Extent1].[ClientSate] AS [ClientSate], 
    [Extent1].[ClientCheckSate] AS [ClientCheckSate], 
    [Extent1].[PersonnelCategoryId] AS [PersonnelCategoryId], 
    [Extent1].[CusCabitBM] AS [CusCabitBM], 
    [Extent1].[CusCabitState] AS [CusCabitState], 
    [Extent1].[CusCabitTime] AS [CusCabitTime], 
    [Extent1].[JSState] AS [JSState], 
    [Extent1].[JStTime] AS [JStTime], 
    [Extent1].[JSUserId] AS [JSUserId], 
    [Extent1].[RowVersion] AS [RowVersion], 
    [Extent1].[HospitalArea] AS [HospitalArea], 
    [Extent1].[WJUploadState] AS [WJUploadState], 
    [Extent1].[ReportDays] AS [ReportDays], 
    [Extent1].[TenantId] AS [TenantId], 
    [Extent1].[IsDeleted] AS [IsDeleted], 
    [Extent1].[DeleterUserId] AS [DeleterUserId], 
    [Extent1].[DeletionTime] AS [DeletionTime], 
    [Extent1].[LastModificationTime] AS [LastModificationTime], 
    [Extent1].[LastModifierUserId] AS [LastModifierUserId], 
    [Extent1].[CreationTime] AS [CreationTime], 
    [Extent1].[CreatorUserId] AS [CreatorUserId], 
    [Extent2].[Id] AS [Id1], 
    [Extent2].[ParentId] AS [ParentId], 
    [Extent2].[ClientBM] AS [ClientBM], 
    [Extent2].[ClientName] AS [ClientName], 
    [Extent2].[ClientAbbreviation] AS [ClientAbbreviation], 
    [Extent2].[HelpCode] AS [HelpCode], 
    [Extent2].[WubiCode] AS [WubiCode], 
    [Extent2].[OrganizationCode] AS [OrganizationCode], 
    [Extent2].[StoreAdressP] AS [StoreAdressP], 
    [Extent2].[StoreAdressS] AS [StoreAdressS], 
    [Extent2].[StoreAdressQ] AS [StoreAdressQ], 
    [Extent2].[StoreAdressX] AS [StoreAdressX], 
    [Extent2].[Address] AS [Address], 
    [Extent2].[ClientDegree] AS [ClientDegree], 
    [Extent2].[ClientSource] AS [ClientSource], 
    [Extent2].[Clientlndutry] AS [Clientlndutry], 
    [Extent2].[ClientType] AS [ClientType], 
    [Extent2].[Clientcontract] AS [Clientcontract], 
    [Extent2].[Mobile] AS [Mobile], 
    [Extent2].[Fax] AS [Fax], 
    [Extent2].[LinkMan] AS [linkMan1], 
    [Extent2].[PostCode] AS [PostCode], 
    [Extent2].[UserId] AS [UserId1], 
    [Extent2].[ClientEmail] AS [ClientEmail], 
    [Extent2].[ClientQQ] AS [ClientQQ], 
    [Extent2].[ClientBank] AS [ClientBank], 
    [Extent2].[ClientAccount] AS [ClientAccount], 
    [Extent2].[Telephone] AS [Telephone], 
    [Extent2].[Limit] AS [Limit], 
    [Extent2].[ClientSate] AS [ClientSate1], 
    [Extent2].[TenantId] AS [TenantId1], 
    [Extent2].[SocialCredit] AS [SocialCredit], 
    [Extent2].[EconomicType] AS [EconomicType], 
    [Extent2].[HospitalArea] AS [HospitalArea1], 
    [Extent2].[WJUploadState] AS [WJUploadState1], 
    [Extent2].[Scale] AS [Scale], 
    [Extent2].[Code] AS [Code], 
    [Extent2].[IsDeleted] AS [IsDeleted1], 
    [Extent2].[DeleterUserId] AS [DeleterUserId1], 
    [Extent2].[DeletionTime] AS [DeletionTime1], 
    [Extent2].[LastModificationTime] AS [LastModificationTime1], 
    [Extent2].[LastModifierUserId] AS [LastModifierUserId1], 
    [Extent2].[CreationTime] AS [CreationTime1], 
    [Extent2].[CreatorUserId] AS [CreatorUserId1]
    FROM  [dbo].[TjlClientRegs] AS [Extent1]
    LEFT OUTER JOIN [dbo].[TjlClientInfoes] AS [Extent2] ON (([Extent2].[TenantId] = @DynamicFilterParam_000005) ) AND (([Extent2].[IsDeleted] = @DynamicFilterParam_000003) ) AND ([Extent1].[ClientInfoId] = [Extent2].[Id])
    WHERE (([Extent1].[TenantId] = @DynamicFilterParam_000005) ) AND (([Extent1].[IsDeleted] = @DynamicFilterParam_000003) ) AND ([Extent1].[FZState] = @p__linq__0)


-- DynamicFilterParam_000005: '2' (Type = Int32)

-- DynamicFilterParam_000006: 'null' (Type = Boolean)

-- DynamicFilterParam_000003: 'False' (Type = Boolean, IsNullable = false)

-- DynamicFilterParam_000004: 'null' (Type = Boolean)

-- p__linq__0: '2' (Type = Int32, IsNullable = false)

-- 正在 2023/10/23 14:24:08 +08:00
 异步执行
-- 已在 1 毫秒内完成，结果为: SqlDataReader



已于 2023/10/23 14:24:08 +08:00
 关闭了连接
已于 2023/10/23 14:24:08 +08:00
 打开了连接
已于 2023/10/23 14:24:08 +08:00
 启动了事务
INSERT [dbo].[AbpAuditLogs]([TenantId], [UserId], [ServiceName], [MethodName], [Parameters], [ReturnValue], [ExecutionTime], [ExecutionDuration], [ClientIpAddress], [ClientName], [BrowserInfo], [ExceptionMessage], [Exception], [ImpersonatorUserId], [ImpersonatorTenantId], [CustomData])
VALUES (@0, @1, @2, @3, @4, NULL, @5, @6, @7, @8, @9, NULL, NULL, NULL, NULL, NULL)
SELECT [Id]
FROM [dbo].[AbpAuditLogs]
WHERE @@ROWCOUNT > 0 AND [Id] = scope_identity()


-- @0: '2' (Type = Int32)

-- @1: '3' (Type = Int64)

-- @2: 'Sw.Hospital.HealthExaminationSystem.Application.CusReg.CustomerAppService' (Type = String, Size = 256)

-- @3: 'QuereyClientRegInfos' (Type = String, Size = 256)

-- @4: '{"dto":{"yingShouJinE":0.00,"shiJianJinE":0.00,"addJinE":0.00,"jianxiangJinE":0.00,"tiJianRenShu":0,"sumSJRS":0,"regRS":0,"wjrs":0,"zongRenShu":0,"startCheckDate":"0001-01-01 00:00:00","endCheckDate":"0001-01-01 00:00:00","blindSate":0,"fzState":2,"sdState":0,"controlDate":0,"clientSate":0,"checkSate":"未完成","tenantId":0,"isDeleted":false,"creationTime":"0001-01-01 00:00:00","id":"00000000-0000-0000-0000-000000000000"}}' (Type = String, Size = 1024)

-- @5: '2023/10/23 14:24:08' (Type = DateTime2)

-- @6: '195' (Type = Int32)

-- @7: '::1' (Type = String, Size = 64)

-- @8: 'LAPTOP-GECQGVPJ' (Type = String, Size = 128)

-- @9: 'Unknown / 0.0 / Unknown' (Type = String, Size = 512)

-- 正在 2023/10/23 14:24:08 +08:00
 执行
-- 已在 16 毫秒内完成，结果为: SqlDataReader



已于 2023/10/23 14:24:08 +08:00
 提交了事务
已于 2023/10/23 14:24:08 +08:00
 关闭了连接
已于 2023/10/23 14:24:08 +08:00
 打开了连接
select ISNULL( ClientName,'个人')ClientName,SUM(1)Sum, sum(case Sex WHEN 2 THEN 1 ELSE 0 END ) Famale,  sum(case Sex WHEN 1 THEN 1 ELSE 0 END )  Male from TjlCustomerRegs left join TjlClientRegs on TjlCustomerRegs.ClientRegId = TjlClientRegs.Id left join TjlClientInfoes on TjlClientRegs.ClientInfoId = TjlClientInfoes.Id inner join TjlCustomers on TjlCustomerRegs.CustomerId = TjlCustomers.Id where RegisterState =@RegisterState and LoginDate> @LoginDateStart and LoginDate<@LoginDateEnd GROUP BY  ISNULL( ClientName,'个人')


-- @RegisterState: '2' (Type = Int32, IsNullable = false)

-- @LoginDateStart: '2023/10/23' (Type = String, IsNullable = false, Size = 10)

-- @LoginDateEnd: '2023/10/24' (Type = String, IsNullable = false, Size = 10)

-- 正在 2023/10/23 14:24:08 +08:00
 执行
-- 已在 31 毫秒内完成，结果为: SqlDataReader



已于 2023/10/23 14:24:08 +08:00
 关闭了连接
已于 2023/10/23 14:24:09 +08:00
 打开了连接
已于 2023/10/23 14:24:09 +08:00
 启动了事务
INSERT [dbo].[AbpAuditLogs]([TenantId], [UserId], [ServiceName], [MethodName], [Parameters], [ReturnValue], [ExecutionTime], [ExecutionDuration], [ClientIpAddress], [ClientName], [BrowserInfo], [ExceptionMessage], [Exception], [ImpersonatorUserId], [ImpersonatorTenantId], [CustomData])
VALUES (@0, @1, @2, @3, @4, NULL, @5, @6, @7, @8, @9, NULL, NULL, NULL, NULL, NULL)
SELECT [Id]
FROM [dbo].[AbpAuditLogs]
WHERE @@ROWCOUNT > 0 AND [Id] = scope_identity()


-- @0: '2' (Type = Int32)

-- @1: '3' (Type = Int64)

-- @2: 'Sw.Hospital.HealthExaminationSystem.Application.CusReg.CustomerAppService' (Type = String, Size = 256)

-- @3: 'QueryRegNumbers' (Type = String, Size = 256)

-- @4: '{}' (Type = String, Size = 1024)

-- @5: '2023/10/23 14:24:08' (Type = DateTime2)

-- @6: '105' (Type = Int32)

-- @7: '::1' (Type = String, Size = 64)

-- @8: 'LAPTOP-GECQGVPJ' (Type = String, Size = 128)

-- @9: 'Unknown / 0.0 / Unknown' (Type = String, Size = 512)

-- 正在 2023/10/23 14:24:09 +08:00
 执行
-- 已在 15 毫秒内完成，结果为: SqlDataReader



已于 2023/10/23 14:24:09 +08:00
 提交了事务
已于 2023/10/23 14:24:09 +08:00
 关闭了连接
已于 2023/10/23 14:24:09 +08:00
 打开了连接
SELECT 
    [Extent1].[Id] AS [Id], 
    [Extent1].[Name] AS [Name], 
    [Extent1].[IsFree] AS [IsFree], 
    [Extent1].[TenantId] AS [TenantId], 
    [Extent1].[IsActive] AS [IsActive], 
    [Extent1].[IsDeleted] AS [IsDeleted], 
    [Extent1].[DeleterUserId] AS [DeleterUserId], 
    [Extent1].[DeletionTime] AS [DeletionTime], 
    [Extent1].[LastModificationTime] AS [LastModificationTime], 
    [Extent1].[LastModifierUserId] AS [LastModifierUserId], 
    [Extent1].[CreationTime] AS [CreationTime], 
    [Extent1].[CreatorUserId] AS [CreatorUserId]
    FROM [dbo].[PersonnelCategories] AS [Extent1]
    WHERE (([Extent1].[TenantId] = @DynamicFilterParam_000005) ) AND (([Extent1].[IsDeleted] = @DynamicFilterParam_000003) )


-- DynamicFilterParam_000005: '2' (Type = Int32)

-- DynamicFilterParam_000006: 'null' (Type = Boolean)

-- DynamicFilterParam_000003: 'False' (Type = Boolean, IsNullable = false)

-- DynamicFilterParam_000004: 'null' (Type = Boolean)

-- 正在 2023/10/23 14:24:09 +08:00
 执行
-- 已在 13 毫秒内完成，结果为: SqlDataReader



已于 2023/10/23 14:24:09 +08:00
 关闭了连接
已于 2023/10/23 14:24:09 +08:00
 打开了连接
已于 2023/10/23 14:24:09 +08:00
 启动了事务
INSERT [dbo].[AbpAuditLogs]([TenantId], [UserId], [ServiceName], [MethodName], [Parameters], [ReturnValue], [ExecutionTime], [ExecutionDuration], [ClientIpAddress], [ClientName], [BrowserInfo], [ExceptionMessage], [Exception], [ImpersonatorUserId], [ImpersonatorTenantId], [CustomData])
VALUES (@0, @1, @2, @3, @4, NULL, @5, @6, @7, @8, @9, NULL, NULL, NULL, NULL, NULL)
SELECT [Id]
FROM [dbo].[AbpAuditLogs]
WHERE @@ROWCOUNT > 0 AND [Id] = scope_identity()


-- @0: '2' (Type = Int32)

-- @1: '3' (Type = Int64)

-- @2: 'Sw.Hospital.HealthExaminationSystem.Application.PersonnelCategorys.PersonnelCategoryAppService' (Type = String, Size = 256)

-- @3: 'QueryCategoryList' (Type = String, Size = 256)

-- @4: '{"dto":{"isFree":false,"isActive":false,"id":"00000000-0000-0000-0000-000000000000"}}' (Type = String, Size = 1024)

-- @5: '2023/10/23 14:24:09' (Type = DateTime2)

-- @6: '87' (Type = Int32)

-- @7: '::1' (Type = String, Size = 64)

-- @8: 'LAPTOP-GECQGVPJ' (Type = String, Size = 128)

-- @9: 'Unknown / 0.0 / Unknown' (Type = String, Size = 512)

-- 正在 2023/10/23 14:24:09 +08:00
 执行
-- 已在 13 毫秒内完成，结果为: SqlDataReader



已于 2023/10/23 14:24:09 +08:00
 提交了事务
已于 2023/10/23 14:24:09 +08:00
 关闭了连接
已于 2023/10/23 14:24:10 +08:00
 打开了连接
已于 2023/10/23 14:24:10 +08:00
 启动了事务
INSERT [dbo].[AbpAuditLogs]([TenantId], [UserId], [ServiceName], [MethodName], [Parameters], [ReturnValue], [ExecutionTime], [ExecutionDuration], [ClientIpAddress], [ClientName], [BrowserInfo], [ExceptionMessage], [Exception], [ImpersonatorUserId], [ImpersonatorTenantId], [CustomData])
VALUES (@0, @1, @2, @3, @4, NULL, @5, @6, @7, @8, @9, NULL, NULL, NULL, NULL, NULL)
SELECT [Id]
FROM [dbo].[AbpAuditLogs]
WHERE @@ROWCOUNT > 0 AND [Id] = scope_identity()


-- @0: '2' (Type = Int32)

-- @1: '3' (Type = Int64)

-- @2: 'Sw.Hospital.HealthExaminationSystem.Application.Common.CommonAppService' (Type = String, Size = 256)

-- @3: 'GetDateTimeNow' (Type = String, Size = 256)

-- @4: '{}' (Type = String, Size = 1024)

-- @5: '2023/10/23 14:24:09' (Type = DateTime2)

-- @6: '1' (Type = Int32)

-- @7: '::1' (Type = String, Size = 64)

-- @8: 'LAPTOP-GECQGVPJ' (Type = String, Size = 128)

-- @9: 'Unknown / 0.0 / Unknown' (Type = String, Size = 512)

-- 正在 2023/10/23 14:24:10 +08:00
 执行
-- 已在 15 毫秒内完成，结果为: SqlDataReader



已于 2023/10/23 14:24:10 +08:00
 提交了事务
已于 2023/10/23 14:24:10 +08:00
 关闭了连接
已于 2023/10/23 14:24:10 +08:00
 打开了连接
SELECT 
    [Extent1].[Id] AS [Id], 
    [Extent1].[Name] AS [Name], 
    [Extent1].[IsFree] AS [IsFree], 
    [Extent1].[TenantId] AS [TenantId], 
    [Extent1].[IsActive] AS [IsActive], 
    [Extent1].[IsDeleted] AS [IsDeleted], 
    [Extent1].[DeleterUserId] AS [DeleterUserId], 
    [Extent1].[DeletionTime] AS [DeletionTime], 
    [Extent1].[LastModificationTime] AS [LastModificationTime], 
    [Extent1].[LastModifierUserId] AS [LastModifierUserId], 
    [Extent1].[CreationTime] AS [CreationTime], 
    [Extent1].[CreatorUserId] AS [CreatorUserId]
    FROM [dbo].[PersonnelCategories] AS [Extent1]
    WHERE (([Extent1].[TenantId] = @DynamicFilterParam_000005) ) AND (([Extent1].[IsDeleted] = @DynamicFilterParam_000003) )


-- DynamicFilterParam_000005: '2' (Type = Int32)

-- DynamicFilterParam_000006: 'null' (Type = Boolean)

-- DynamicFilterParam_000003: 'False' (Type = Boolean, IsNullable = false)

-- DynamicFilterParam_000004: 'null' (Type = Boolean)

-- 正在 2023/10/23 14:24:10 +08:00
 执行
-- 已在 12 毫秒内完成，结果为: SqlDataReader



已于 2023/10/23 14:24:10 +08:00
 关闭了连接
已于 2023/10/23 14:24:10 +08:00
 打开了连接
已于 2023/10/23 14:24:10 +08:00
 启动了事务
INSERT [dbo].[AbpAuditLogs]([TenantId], [UserId], [ServiceName], [MethodName], [Parameters], [ReturnValue], [ExecutionTime], [ExecutionDuration], [ClientIpAddress], [ClientName], [BrowserInfo], [ExceptionMessage], [Exception], [ImpersonatorUserId], [ImpersonatorTenantId], [CustomData])
VALUES (@0, @1, @2, @3, @4, NULL, @5, @6, @7, @8, @9, NULL, NULL, NULL, NULL, NULL)
SELECT [Id]
FROM [dbo].[AbpAuditLogs]
WHERE @@ROWCOUNT > 0 AND [Id] = scope_identity()


-- @0: '2' (Type = Int32)

-- @1: '3' (Type = Int64)

-- @2: 'Sw.Hospital.HealthExaminationSystem.Application.PersonnelCategorys.PersonnelCategoryAppService' (Type = String, Size = 256)

-- @3: 'QueryCategoryList' (Type = String, Size = 256)

-- @4: '{"dto":{"isFree":false,"isActive":false,"id":"00000000-0000-0000-0000-000000000000"}}' (Type = String, Size = 1024)

-- @5: '2023/10/23 14:24:10' (Type = DateTime2)

-- @6: '58' (Type = Int32)

-- @7: '::1' (Type = String, Size = 64)

-- @8: 'LAPTOP-GECQGVPJ' (Type = String, Size = 128)

-- @9: 'Unknown / 0.0 / Unknown' (Type = String, Size = 512)

-- 正在 2023/10/23 14:24:10 +08:00
 执行
-- 已在 17 毫秒内完成，结果为: SqlDataReader



已于 2023/10/23 14:24:10 +08:00
 提交了事务
已于 2023/10/23 14:24:10 +08:00
 关闭了连接
已于 2023-10-23 14:24:12 +08:00
 打开了连接
SELECT TOP (1000) 
    [Project1].[Id] AS [Id], 
    [Project1].[JobType] AS [JobType], 
    [Project1].[JobArgs] AS [JobArgs], 
    [Project1].[TryCount] AS [TryCount], 
    [Project1].[NextTryTime] AS [NextTryTime], 
    [Project1].[LastTryTime] AS [LastTryTime], 
    [Project1].[IsAbandoned] AS [IsAbandoned], 
    [Project1].[Priority] AS [Priority], 
    [Project1].[CreationTime] AS [CreationTime], 
    [Project1].[CreatorUserId] AS [CreatorUserId]
    FROM ( SELECT 
        [Extent1].[Id] AS [Id], 
        [Extent1].[JobType] AS [JobType], 
        [Extent1].[JobArgs] AS [JobArgs], 
        [Extent1].[TryCount] AS [TryCount], 
        [Extent1].[NextTryTime] AS [NextTryTime], 
        [Extent1].[LastTryTime] AS [LastTryTime], 
        [Extent1].[IsAbandoned] AS [IsAbandoned], 
        [Extent1].[Priority] AS [Priority], 
        [Extent1].[CreationTime] AS [CreationTime], 
        [Extent1].[CreatorUserId] AS [CreatorUserId]
        FROM [dbo].[AbpBackgroundJobs] AS [Extent1]
        WHERE ([Extent1].[IsAbandoned] <> 1) AND ([Extent1].[NextTryTime] <= @p__linq__0)
    )  AS [Project1]
    ORDER BY [Project1].[Priority] DESC, [Project1].[TryCount] ASC, [Project1].[NextTryTime] ASC


-- p__linq__0: '2023-10-23 14:24:12' (Type = DateTime2, IsNullable = false)

-- 正在 2023-10-23 14:24:12 +08:00
 执行
-- 已在 6 毫秒内完成，结果为: SqlDataReader



已于 2023-10-23 14:24:12 +08:00
 关闭了连接
已于 2023/10/23 14:24:14 +08:00
 打开了连接
已于 2023/10/23 14:24:14 +08:00
 启动了事务
INSERT [dbo].[AbpAuditLogs]([TenantId], [UserId], [ServiceName], [MethodName], [Parameters], [ReturnValue], [ExecutionTime], [ExecutionDuration], [ClientIpAddress], [ClientName], [BrowserInfo], [ExceptionMessage], [Exception], [ImpersonatorUserId], [ImpersonatorTenantId], [CustomData])
VALUES (@0, @1, @2, @3, @4, NULL, @5, @6, @7, @8, @9, NULL, NULL, NULL, NULL, NULL)
SELECT [Id]
FROM [dbo].[AbpAuditLogs]
WHERE @@ROWCOUNT > 0 AND [Id] = scope_identity()


-- @0: '2' (Type = Int32)

-- @1: '3' (Type = Int64)

-- @2: 'Sw.Hospital.HealthExaminationSystem.Application.Common.CommonAppService' (Type = String, Size = 256)

-- @3: 'GetDateTimeNow' (Type = String, Size = 256)

-- @4: '{}' (Type = String, Size = 1024)

-- @5: '2023/10/23 14:24:14' (Type = DateTime2)

-- @6: '0' (Type = Int32)

-- @7: '::1' (Type = String, Size = 64)

-- @8: 'LAPTOP-GECQGVPJ' (Type = String, Size = 128)

-- @9: 'Unknown / 0.0 / Unknown' (Type = String, Size = 512)

-- 正在 2023/10/23 14:24:14 +08:00
 执行
-- 已在 16 毫秒内完成，结果为: SqlDataReader



已于 2023/10/23 14:24:14 +08:00
 提交了事务
已于 2023/10/23 14:24:14 +08:00
 关闭了连接
已于 2023/10/23 14:24:14 +08:00
 打开了连接
SELECT TOP (1) 
    [Extent1].[Id] AS [Id], 
    [Extent1].[IDName] AS [IDName], 
    [Extent1].[IDType] AS [IDType], 
    [Extent1].[prefix] AS [prefix], 
    [Extent1].[Dateprefix] AS [Dateprefix], 
    [Extent1].[IDValue] AS [IDValue], 
    [Extent1].[IDTime] AS [IDTime], 
    [Extent1].[RowVersion] AS [RowVersion], 
    [Extent1].[TenantId] AS [TenantId], 
    [Extent1].[IsDeleted] AS [IsDeleted], 
    [Extent1].[DeleterUserId] AS [DeleterUserId], 
    [Extent1].[DeletionTime] AS [DeletionTime], 
    [Extent1].[LastModificationTime] AS [LastModificationTime], 
    [Extent1].[LastModifierUserId] AS [LastModifierUserId], 
    [Extent1].[CreationTime] AS [CreationTime], 
    [Extent1].[CreatorUserId] AS [CreatorUserId]
    FROM [dbo].[TdbIdNumbers] AS [Extent1]
    WHERE (([Extent1].[TenantId] = @DynamicFilterParam_000005) ) AND (([Extent1].[IsDeleted] = @DynamicFilterParam_000003) ) AND (N'10' = [Extent1].[IDType])


-- DynamicFilterParam_000005: '2' (Type = Int32)

-- DynamicFilterParam_000006: 'null' (Type = Boolean)

-- DynamicFilterParam_000003: 'False' (Type = Boolean, IsNullable = false)

-- DynamicFilterParam_000004: 'null' (Type = Boolean)

-- 正在 2023/10/23 14:24:14 +08:00
 执行
-- 已在 19 毫秒内完成，结果为: SqlDataReader



已于 2023/10/23 14:24:14 +08:00
 关闭了连接
已于 2023/10/23 14:24:14 +08:00
 打开了连接
UPDATE [dbo].[TdbIdNumbers]
SET [IDName] = @0, [IDType] = @1, [prefix] = @2, [Dateprefix] = @3, [IDValue] = @4, [IDTime] = @5, [TenantId] = @6, [IsDeleted] = @7, [DeleterUserId] = @8, [DeletionTime] = @9, [LastModificationTime] = @10, [LastModifierUserId] = @11, [CreationTime] = @12, [CreatorUserId] = @13
WHERE (([Id] = @14) AND ([RowVersion] = @15))
SELECT [RowVersion]
FROM [dbo].[TdbIdNumbers]
WHERE @@ROWCOUNT > 0 AND [Id] = @14


-- @0: 'ArchivesNumBM' (Type = String, Size = 64)

-- @1: '10' (Type = String, Size = 64)

-- @2: '01' (Type = String, Size = 64)

-- @3: 'yyMMdd-3' (Type = String, Size = 64)

-- @4: '2' (Type = Int32)

-- @5: '2023/10/23 14:24:14' (Type = DateTime2)

-- @6: '2' (Type = Int32)

-- @7: 'False' (Type = Boolean)

-- @8: '1' (Type = Int64)

-- @9: '2018/8/23 21:58:38' (Type = DateTime2)

-- @10: '2023/10/23 14:24:14' (Type = DateTime2)

-- @11: '3' (Type = Int64)

-- @12: '2018/8/23 21:58:38' (Type = DateTime2)

-- @13: '0' (Type = Int64)

-- @14: '97ec692e-57d5-442c-a62a-5d6ef41318ca' (Type = Guid)

-- @15: 'System.Byte[]' (Type = Binary, Size = 8)

-- 正在 2023/10/23 14:24:15 +08:00
 执行
-- 已在 15 毫秒内完成，结果为: SqlDataReader



已于 2023/10/23 14:24:15 +08:00
 关闭了连接
已于 2023/10/23 14:24:15 +08:00
 打开了连接
SELECT TOP (1) 
    [Extent1].[Id] AS [Id], 
    [Extent1].[EmployeeNum] AS [EmployeeNum], 
    [Extent1].[DomainName] AS [DomainName], 
    [Extent1].[NovellAccount] AS [NovellAccount], 
    [Extent1].[HelpChar] AS [HelpChar], 
    [Extent1].[Sex] AS [Sex], 
    [Extent1].[Birthday] AS [Birthday], 
    [Extent1].[Mobile] AS [Mobile], 
    [Extent1].[Address] AS [Address], 
    [Extent1].[SignImage] AS [SignImage], 
    [Extent1].[State] AS [State], 
    [Extent1].[Degree] AS [Degree], 
    [Extent1].[Duty] AS [Duty], 
    [Extent1].[CanPayment] AS [CanPayment], 
    [Extent1].[EmPhoto] AS [EmPhoto], 
    [Extent1].[QQ] AS [QQ], 
    [Extent1].[WorkState] AS [WorkState], 
    [Extent1].[LastClearTime] AS [LastClearTime], 
    [Extent1].[OnlineState] AS [OnlineState], 
    [Extent1].[Discount] AS [Discount], 
    [Extent1].[ServiceStandard] AS [ServiceStandard], 
    [Extent1].[Title] AS [Title], 
    [Extent1].[ClinicalDepartment] AS [ClinicalDepartment], 
    [Extent1].[GroupName] AS [GroupName], 
    [Extent1].[ClientZKS] AS [ClientZKS], 
    [Extent1].[HospitalArea] AS [HospitalArea], 
    [Extent1].[NormalizedUserName] AS [NormalizedUserName], 
    [Extent1].[NormalizedEmailAddress] AS [NormalizedEmailAddress], 
    [Extent1].[AuthenticationSource] AS [AuthenticationSource], 
    [Extent1].[UserName] AS [UserName], 
    [Extent1].[TenantId] AS [TenantId], 
    [Extent1].[EmailAddress] AS [EmailAddress], 
    [Extent1].[Name] AS [Name], 
    [Extent1].[Surname] AS [Surname], 
    [Extent1].[Password] AS [Password], 
    [Extent1].[EmailConfirmationCode] AS [EmailConfirmationCode], 
    [Extent1].[PasswordResetCode] AS [PasswordResetCode], 
    [Extent1].[LockoutEndDateUtc] AS [LockoutEndDateUtc], 
    [Extent1].[AccessFailedCount] AS [AccessFailedCount], 
    [Extent1].[IsLockoutEnabled] AS [IsLockoutEnabled], 
    [Extent1].[PhoneNumber] AS [PhoneNumber], 
    [Extent1].[IsPhoneNumberConfirmed] AS [IsPhoneNumberConfirmed], 
    [Extent1].[SecurityStamp] AS [SecurityStamp], 
    [Extent1].[IsTwoFactorEnabled] AS [IsTwoFactorEnabled], 
    [Extent1].[IsEmailConfirmed] AS [IsEmailConfirmed], 
    [Extent1].[IsActive] AS [IsActive], 
    [Extent1].[IsDeleted] AS [IsDeleted], 
    [Extent1].[DeleterUserId] AS [DeleterUserId], 
    [Extent1].[DeletionTime] AS [DeletionTime], 
    [Extent1].[LastModificationTime] AS [LastModificationTime], 
    [Extent1].[LastModifierUserId] AS [LastModifierUserId], 
    [Extent1].[CreationTime] AS [CreationTime], 
    [Extent1].[CreatorUserId] AS [CreatorUserId]
    FROM [dbo].[AbpUsers] AS [Extent1]
    WHERE ((([Extent1].[TenantId] IS NULL) AND (@DynamicFilterParam_000001 IS NULL)) OR (([Extent1].[TenantId] IS NOT NULL) AND (([Extent1].[TenantId] = @DynamicFilterParam_000001) OR (([Extent1].[TenantId] IS NULL) AND (@DynamicFilterParam_000001 IS NULL)))) ) AND (([Extent1].[IsDeleted] = @DynamicFilterParam_000003) ) AND ([Extent1].[Id] = @p__linq__0)


-- DynamicFilterParam_000001: '2' (Type = Int32)

-- DynamicFilterParam_000002: 'null' (Type = Boolean)

-- DynamicFilterParam_000003: 'False' (Type = Boolean, IsNullable = false)

-- DynamicFilterParam_000004: 'null' (Type = Boolean)

-- p__linq__0: '3' (Type = Int64)

-- 正在 2023/10/23 14:24:15 +08:00
 执行
-- 已在 17 毫秒内完成，结果为: SqlDataReader



已于 2023/10/23 14:24:15 +08:00
 关闭了连接
已于 2023/10/23 14:24:15 +08:00
 打开了连接
已于 2023/10/23 14:24:15 +08:00
 启动了事务
INSERT [dbo].[AbpAuditLogs]([TenantId], [UserId], [ServiceName], [MethodName], [Parameters], [ReturnValue], [ExecutionTime], [ExecutionDuration], [ClientIpAddress], [ClientName], [BrowserInfo], [ExceptionMessage], [Exception], [ImpersonatorUserId], [ImpersonatorTenantId], [CustomData])
VALUES (@0, @1, @2, @3, @4, NULL, @5, @6, @7, @8, @9, NULL, NULL, NULL, NULL, NULL)
SELECT [Id]
FROM [dbo].[AbpAuditLogs]
WHERE @@ROWCOUNT > 0 AND [Id] = scope_identity()


-- @0: '2' (Type = Int32)

-- @1: '3' (Type = Int64)

-- @2: 'Sw.Hospital.HealthExaminationSystem.Application.IDNumber.IDNumberAppService' (Type = String, Size = 256)

-- @3: 'CreateArchivesNumBM' (Type = String, Size = 256)

-- @4: '{}' (Type = String, Size = 1024)

-- @5: '2023/10/23 14:24:14' (Type = DateTime2)

-- @6: '181' (Type = Int32)

-- @7: '::1' (Type = String, Size = 64)

-- @8: 'LAPTOP-GECQGVPJ' (Type = String, Size = 128)

-- @9: 'Unknown / 0.0 / Unknown' (Type = String, Size = 512)

-- 正在 2023/10/23 14:24:15 +08:00
 执行
-- 已在 18 毫秒内完成，结果为: SqlDataReader



已于 2023/10/23 14:24:15 +08:00
 提交了事务
已于 2023/10/23 14:24:15 +08:00
 关闭了连接
已于 2023-10-23 14:24:18 +08:00
 打开了连接
SELECT TOP (1000) 
    [Project1].[Id] AS [Id], 
    [Project1].[JobType] AS [JobType], 
    [Project1].[JobArgs] AS [JobArgs], 
    [Project1].[TryCount] AS [TryCount], 
    [Project1].[NextTryTime] AS [NextTryTime], 
    [Project1].[LastTryTime] AS [LastTryTime], 
    [Project1].[IsAbandoned] AS [IsAbandoned], 
    [Project1].[Priority] AS [Priority], 
    [Project1].[CreationTime] AS [CreationTime], 
    [Project1].[CreatorUserId] AS [CreatorUserId]
    FROM ( SELECT 
        [Extent1].[Id] AS [Id], 
        [Extent1].[JobType] AS [JobType], 
        [Extent1].[JobArgs] AS [JobArgs], 
        [Extent1].[TryCount] AS [TryCount], 
        [Extent1].[NextTryTime] AS [NextTryTime], 
        [Extent1].[LastTryTime] AS [LastTryTime], 
        [Extent1].[IsAbandoned] AS [IsAbandoned], 
        [Extent1].[Priority] AS [Priority], 
        [Extent1].[CreationTime] AS [CreationTime], 
        [Extent1].[CreatorUserId] AS [CreatorUserId]
        FROM [dbo].[AbpBackgroundJobs] AS [Extent1]
        WHERE ([Extent1].[IsAbandoned] <> 1) AND ([Extent1].[NextTryTime] <= @p__linq__0)
    )  AS [Project1]
    ORDER BY [Project1].[Priority] DESC, [Project1].[TryCount] ASC, [Project1].[NextTryTime] ASC


-- p__linq__0: '2023-10-23 14:24:18' (Type = DateTime2, IsNullable = false)

-- 正在 2023-10-23 14:24:18 +08:00
 执行
-- 已在 6 毫秒内完成，结果为: SqlDataReader



已于 2023-10-23 14:24:18 +08:00
 关闭了连接
已于 2023/10/23 14:24:21 +08:00
 打开了连接
已于 2023/10/23 14:24:21 +08:00
 启动了事务
INSERT [dbo].[AbpAuditLogs]([TenantId], [UserId], [ServiceName], [MethodName], [Parameters], [ReturnValue], [ExecutionTime], [ExecutionDuration], [ClientIpAddress], [ClientName], [BrowserInfo], [ExceptionMessage], [Exception], [ImpersonatorUserId], [ImpersonatorTenantId], [CustomData])
VALUES (@0, @1, @2, @3, @4, NULL, @5, @6, @7, @8, @9, NULL, NULL, NULL, NULL, NULL)
SELECT [Id]
FROM [dbo].[AbpAuditLogs]
WHERE @@ROWCOUNT > 0 AND [Id] = scope_identity()


-- @0: '2' (Type = Int32)

-- @1: '3' (Type = Int64)

-- @2: 'Sw.Hospital.HealthExaminationSystem.Application.Common.CommonAppService' (Type = String, Size = 256)

-- @3: 'GetDateTimeNow' (Type = String, Size = 256)

-- @4: '{}' (Type = String, Size = 1024)

-- @5: '2023/10/23 14:24:21' (Type = DateTime2)

-- @6: '0' (Type = Int32)

-- @7: '::1' (Type = String, Size = 64)

-- @8: 'LAPTOP-GECQGVPJ' (Type = String, Size = 128)

-- @9: 'Unknown / 0.0 / Unknown' (Type = String, Size = 512)

-- 正在 2023/10/23 14:24:21 +08:00
 执行
-- 已在 14 毫秒内完成，结果为: SqlDataReader



已于 2023/10/23 14:24:21 +08:00
 提交了事务
已于 2023/10/23 14:24:21 +08:00
 关闭了连接
已于 2023/10/23 14:24:22 +08:00
 打开了连接
SELECT 
    [Project1].[IsActive] AS [IsActive], 
    [Project1].[HelpChar] AS [HelpChar], 
    [Project1].[Id] AS [Id], 
    [Project1].[OrderNum] AS [OrderNum], 
    [Project1].[C1] AS [C1], 
    [Project1].[Text] AS [Text], 
    [Project1].[Remarks] AS [Remarks]
    FROM ( SELECT 
        [Extent1].[Id] AS [Id], 
        [Extent1].[Text] AS [Text], 
        [Extent1].[HelpChar] AS [HelpChar], 
        [Extent1].[IsActive] AS [IsActive], 
        [Extent1].[Remarks] AS [Remarks], 
        [Extent1].[OrderNum] AS [OrderNum], 
        CASE WHEN ([Extent2].[Id] IS NULL) THEN N'' ELSE [Extent2].[Text] END AS [C1]
        FROM  [dbo].[TbmOccDictionaries] AS [Extent1]
        LEFT OUTER JOIN [dbo].[TbmOccDictionaries] AS [Extent2] ON ([Extent1].[ParentId] = [Extent2].[Id]) AND (([Extent2].[TenantId] = @DynamicFilterParam_000005) ) AND (([Extent2].[IsDeleted] = @DynamicFilterParam_000003) )
        WHERE (([Extent1].[TenantId] = @DynamicFilterParam_000005) ) AND (([Extent1].[IsDeleted] = @DynamicFilterParam_000003) ) AND (1 = [Extent1].[IsActive]) AND (([Extent1].[Type] = @p__linq__0) OR (([Extent1].[Type] IS NULL) AND (@p__linq__0 IS NULL)))
    )  AS [Project1]
    ORDER BY [Project1].[OrderNum] ASC


-- DynamicFilterParam_000005: '2' (Type = Int32)

-- DynamicFilterParam_000006: 'null' (Type = Boolean)

-- DynamicFilterParam_000003: 'False' (Type = Boolean, IsNullable = false)

-- DynamicFilterParam_000004: 'null' (Type = Boolean)

-- p__linq__0: 'Checktype' (Type = String, Size = 4000)

-- 正在 2023/10/23 14:24:22 +08:00
 执行
-- 已在 14 毫秒内完成，结果为: SqlDataReader



已于 2023/10/23 14:24:22 +08:00
 关闭了连接
已于 2023/10/23 14:24:22 +08:00
 打开了连接
已于 2023/10/23 14:24:22 +08:00
 启动了事务
INSERT [dbo].[AbpAuditLogs]([TenantId], [UserId], [ServiceName], [MethodName], [Parameters], [ReturnValue], [ExecutionTime], [ExecutionDuration], [ClientIpAddress], [ClientName], [BrowserInfo], [ExceptionMessage], [Exception], [ImpersonatorUserId], [ImpersonatorTenantId], [CustomData])
VALUES (@0, @1, @2, @3, @4, NULL, @5, @6, @7, @8, @9, NULL, NULL, NULL, NULL, NULL)
SELECT [Id]
FROM [dbo].[AbpAuditLogs]
WHERE @@ROWCOUNT > 0 AND [Id] = scope_identity()


-- @0: '2' (Type = Int32)

-- @1: '3' (Type = Int64)

-- @2: 'Sw.Hospital.HealthExaminationSystem.Application.OccDisProposalNew.OccDisProposalNewAppService' (Type = String, Size = 256)

-- @3: 'getOutOccDictionaryDto' (Type = String, Size = 256)

-- @4: '{"input":{"name":"Checktype","id":"00000000-0000-0000-0000-000000000000"}}' (Type = String, Size = 1024)

-- @5: '2023/10/23 14:24:22' (Type = DateTime2)

-- @6: '75' (Type = Int32)

-- @7: '::1' (Type = String, Size = 64)

-- @8: 'LAPTOP-GECQGVPJ' (Type = String, Size = 128)

-- @9: 'Unknown / 0.0 / Unknown' (Type = String, Size = 512)

-- 正在 2023/10/23 14:24:22 +08:00
 执行
-- 已在 14 毫秒内完成，结果为: SqlDataReader



已于 2023/10/23 14:24:22 +08:00
 提交了事务
已于 2023/10/23 14:24:22 +08:00
 关闭了连接
已于 2023/10/23 14:24:22 +08:00
 打开了连接
SELECT 
    [Project1].[IsActive] AS [IsActive], 
    [Project1].[HelpChar] AS [HelpChar], 
    [Project1].[Id] AS [Id], 
    [Project1].[OrderNum] AS [OrderNum], 
    [Project1].[C1] AS [C1], 
    [Project1].[Text] AS [Text], 
    [Project1].[Remarks] AS [Remarks]
    FROM ( SELECT 
        [Extent1].[Id] AS [Id], 
        [Extent1].[Text] AS [Text], 
        [Extent1].[HelpChar] AS [HelpChar], 
        [Extent1].[IsActive] AS [IsActive], 
        [Extent1].[Remarks] AS [Remarks], 
        [Extent1].[OrderNum] AS [OrderNum], 
        CASE WHEN ([Extent2].[Id] IS NULL) THEN N'' ELSE [Extent2].[Text] END AS [C1]
        FROM  [dbo].[TbmOccDictionaries] AS [Extent1]
        LEFT OUTER JOIN [dbo].[TbmOccDictionaries] AS [Extent2] ON ([Extent1].[ParentId] = [Extent2].[Id]) AND (([Extent2].[TenantId] = @DynamicFilterParam_000005) ) AND (([Extent2].[IsDeleted] = @DynamicFilterParam_000003) )
        WHERE (([Extent1].[TenantId] = @DynamicFilterParam_000005) ) AND (([Extent1].[IsDeleted] = @DynamicFilterParam_000003) ) AND (1 = [Extent1].[IsActive]) AND (([Extent1].[Type] = @p__linq__0) OR (([Extent1].[Type] IS NULL) AND (@p__linq__0 IS NULL)))
    )  AS [Project1]
    ORDER BY [Project1].[OrderNum] ASC


-- DynamicFilterParam_000005: '2' (Type = Int32)

-- DynamicFilterParam_000006: 'null' (Type = Boolean)

-- DynamicFilterParam_000003: 'False' (Type = Boolean, IsNullable = false)

-- DynamicFilterParam_000004: 'null' (Type = Boolean)

-- p__linq__0: 'Workshop' (Type = String, Size = 4000)

-- 正在 2023/10/23 14:24:22 +08:00
 执行
-- 已在 13 毫秒内完成，结果为: SqlDataReader



已于 2023/10/23 14:24:22 +08:00
 关闭了连接
已于 2023/10/23 14:24:22 +08:00
 打开了连接
已于 2023/10/23 14:24:22 +08:00
 启动了事务
INSERT [dbo].[AbpAuditLogs]([TenantId], [UserId], [ServiceName], [MethodName], [Parameters], [ReturnValue], [ExecutionTime], [ExecutionDuration], [ClientIpAddress], [ClientName], [BrowserInfo], [ExceptionMessage], [Exception], [ImpersonatorUserId], [ImpersonatorTenantId], [CustomData])
VALUES (@0, @1, @2, @3, @4, NULL, @5, @6, @7, @8, @9, NULL, NULL, NULL, NULL, NULL)
SELECT [Id]
FROM [dbo].[AbpAuditLogs]
WHERE @@ROWCOUNT > 0 AND [Id] = scope_identity()


-- @0: '2' (Type = Int32)

-- @1: '3' (Type = Int64)

-- @2: 'Sw.Hospital.HealthExaminationSystem.Application.OccDisProposalNew.OccDisProposalNewAppService' (Type = String, Size = 256)

-- @3: 'getOutOccDictionaryDto' (Type = String, Size = 256)

-- @4: '{"input":{"name":"Workshop","id":"00000000-0000-0000-0000-000000000000"}}' (Type = String, Size = 1024)

-- @5: '2023/10/23 14:24:22' (Type = DateTime2)

-- @6: '61' (Type = Int32)

-- @7: '::1' (Type = String, Size = 64)

-- @8: 'LAPTOP-GECQGVPJ' (Type = String, Size = 128)

-- @9: 'Unknown / 0.0 / Unknown' (Type = String, Size = 512)

-- 正在 2023/10/23 14:24:23 +08:00
 执行
-- 已在 11 毫秒内完成，结果为: SqlDataReader



已于 2023/10/23 14:24:23 +08:00
 提交了事务
已于 2023/10/23 14:24:23 +08:00
 关闭了连接
已于 2023-10-23 14:24:23 +08:00
 打开了连接
SELECT TOP (1000) 
    [Project1].[Id] AS [Id], 
    [Project1].[JobType] AS [JobType], 
    [Project1].[JobArgs] AS [JobArgs], 
    [Project1].[TryCount] AS [TryCount], 
    [Project1].[NextTryTime] AS [NextTryTime], 
    [Project1].[LastTryTime] AS [LastTryTime], 
    [Project1].[IsAbandoned] AS [IsAbandoned], 
    [Project1].[Priority] AS [Priority], 
    [Project1].[CreationTime] AS [CreationTime], 
    [Project1].[CreatorUserId] AS [CreatorUserId]
    FROM ( SELECT 
        [Extent1].[Id] AS [Id], 
        [Extent1].[JobType] AS [JobType], 
        [Extent1].[JobArgs] AS [JobArgs], 
        [Extent1].[TryCount] AS [TryCount], 
        [Extent1].[NextTryTime] AS [NextTryTime], 
        [Extent1].[LastTryTime] AS [LastTryTime], 
        [Extent1].[IsAbandoned] AS [IsAbandoned], 
        [Extent1].[Priority] AS [Priority], 
        [Extent1].[CreationTime] AS [CreationTime], 
        [Extent1].[CreatorUserId] AS [CreatorUserId]
        FROM [dbo].[AbpBackgroundJobs] AS [Extent1]
        WHERE ([Extent1].[IsAbandoned] <> 1) AND ([Extent1].[NextTryTime] <= @p__linq__0)
    )  AS [Project1]
    ORDER BY [Project1].[Priority] DESC, [Project1].[TryCount] ASC, [Project1].[NextTryTime] ASC


-- p__linq__0: '2023-10-23 14:24:23' (Type = DateTime2, IsNullable = false)

-- 正在 2023-10-23 14:24:23 +08:00
 执行
-- 已在 6 毫秒内完成，结果为: SqlDataReader



已于 2023-10-23 14:24:23 +08:00
 关闭了连接
已于 2023/10/23 14:24:23 +08:00
 打开了连接
SELECT 
    [Project1].[IsActive] AS [IsActive], 
    [Project1].[HelpChar] AS [HelpChar], 
    [Project1].[Id] AS [Id], 
    [Project1].[OrderNum] AS [OrderNum], 
    [Project1].[C1] AS [C1], 
    [Project1].[Text] AS [Text], 
    [Project1].[Remarks] AS [Remarks]
    FROM ( SELECT 
        [Extent1].[Id] AS [Id], 
        [Extent1].[Text] AS [Text], 
        [Extent1].[HelpChar] AS [HelpChar], 
        [Extent1].[IsActive] AS [IsActive], 
        [Extent1].[Remarks] AS [Remarks], 
        [Extent1].[OrderNum] AS [OrderNum], 
        CASE WHEN ([Extent2].[Id] IS NULL) THEN N'' ELSE [Extent2].[Text] END AS [C1]
        FROM  [dbo].[TbmOccDictionaries] AS [Extent1]
        LEFT OUTER JOIN [dbo].[TbmOccDictionaries] AS [Extent2] ON ([Extent1].[ParentId] = [Extent2].[Id]) AND (([Extent2].[TenantId] = @DynamicFilterParam_000005) ) AND (([Extent2].[IsDeleted] = @DynamicFilterParam_000003) )
        WHERE (([Extent1].[TenantId] = @DynamicFilterParam_000005) ) AND (([Extent1].[IsDeleted] = @DynamicFilterParam_000003) ) AND (1 = [Extent1].[IsActive]) AND (([Extent1].[Type] = @p__linq__0) OR (([Extent1].[Type] IS NULL) AND (@p__linq__0 IS NULL)))
    )  AS [Project1]
    ORDER BY [Project1].[OrderNum] ASC


-- DynamicFilterParam_000005: '2' (Type = Int32)

-- DynamicFilterParam_000006: 'null' (Type = Boolean)

-- DynamicFilterParam_000003: 'False' (Type = Boolean, IsNullable = false)

-- DynamicFilterParam_000004: 'null' (Type = Boolean)

-- p__linq__0: 'WorkType' (Type = String, Size = 4000)

-- 正在 2023/10/23 14:24:23 +08:00
 执行
-- 已在 14 毫秒内完成，结果为: SqlDataReader



已于 2023/10/23 14:24:23 +08:00
 关闭了连接
已于 2023/10/23 14:24:23 +08:00
 打开了连接
已于 2023/10/23 14:24:23 +08:00
 启动了事务
INSERT [dbo].[AbpAuditLogs]([TenantId], [UserId], [ServiceName], [MethodName], [Parameters], [ReturnValue], [ExecutionTime], [ExecutionDuration], [ClientIpAddress], [ClientName], [BrowserInfo], [ExceptionMessage], [Exception], [ImpersonatorUserId], [ImpersonatorTenantId], [CustomData])
VALUES (@0, @1, @2, @3, @4, NULL, @5, @6, @7, @8, @9, NULL, NULL, NULL, NULL, NULL)
SELECT [Id]
FROM [dbo].[AbpAuditLogs]
WHERE @@ROWCOUNT > 0 AND [Id] = scope_identity()


-- @0: '2' (Type = Int32)

-- @1: '3' (Type = Int64)

-- @2: 'Sw.Hospital.HealthExaminationSystem.Application.OccDisProposalNew.OccDisProposalNewAppService' (Type = String, Size = 256)

-- @3: 'getOutOccDictionaryDto' (Type = String, Size = 256)

-- @4: '{"input":{"name":"WorkType","id":"00000000-0000-0000-0000-000000000000"}}' (Type = String, Size = 1024)

-- @5: '2023/10/23 14:24:23' (Type = DateTime2)

-- @6: '64' (Type = Int32)

-- @7: '::1' (Type = String, Size = 64)

-- @8: 'LAPTOP-GECQGVPJ' (Type = String, Size = 128)

-- @9: 'Unknown / 0.0 / Unknown' (Type = String, Size = 512)

-- 正在 2023/10/23 14:24:23 +08:00
 执行
-- 已在 14 毫秒内完成，结果为: SqlDataReader



已于 2023/10/23 14:24:23 +08:00
 提交了事务
已于 2023/10/23 14:24:23 +08:00
 关闭了连接
已于 2023/10/23 14:24:27 +08:00
 打开了连接
SELECT 
    [Project1].[IsActive] AS [IsActive], 
    [Project1].[Id] AS [Id], 
    [Project1].[CASBM] AS [CASBM], 
    [Project1].[C1] AS [C1], 
    [Project1].[HelpChar] AS [HelpChar], 
    [Project1].[Text] AS [Text], 
    [Project1].[OrderNum] AS [OrderNum]
    FROM ( SELECT 
        [Extent1].[Id] AS [Id], 
        [Extent1].[CASBM] AS [CASBM], 
        [Extent1].[Text] AS [Text], 
        [Extent1].[HelpChar] AS [HelpChar], 
        [Extent1].[IsActive] AS [IsActive], 
        [Extent1].[OrderNum] AS [OrderNum], 
        CASE WHEN ([Extent2].[Id] IS NULL) THEN N'' ELSE [Extent2].[Text] END AS [C1]
        FROM  [dbo].[TbmOccHazardFactors] AS [Extent1]
        LEFT OUTER JOIN [dbo].[TbmOccDictionaries] AS [Extent2] ON ([Extent1].[ParentId] = [Extent2].[Id]) AND (([Extent2].[TenantId] = @DynamicFilterParam_000005) ) AND (([Extent2].[IsDeleted] = @DynamicFilterParam_000003) )
        WHERE (([Extent1].[TenantId] = @DynamicFilterParam_000005) ) AND (([Extent1].[IsDeleted] = @DynamicFilterParam_000003) ) AND (1 = [Extent1].[IsActive])
    )  AS [Project1]
    ORDER BY [Project1].[OrderNum] ASC


-- DynamicFilterParam_000005: '2' (Type = Int32)

-- DynamicFilterParam_000006: 'null' (Type = Boolean)

-- DynamicFilterParam_000003: 'False' (Type = Boolean, IsNullable = false)

-- DynamicFilterParam_000004: 'null' (Type = Boolean)

-- 正在 2023/10/23 14:24:27 +08:00
 执行
-- 已在 17 毫秒内完成，结果为: SqlDataReader



已于 2023/10/23 14:24:27 +08:00
 关闭了连接
已于 2023/10/23 14:24:27 +08:00
 打开了连接
已于 2023/10/23 14:24:27 +08:00
 启动了事务
INSERT [dbo].[AbpAuditLogs]([TenantId], [UserId], [ServiceName], [MethodName], [Parameters], [ReturnValue], [ExecutionTime], [ExecutionDuration], [ClientIpAddress], [ClientName], [BrowserInfo], [ExceptionMessage], [Exception], [ImpersonatorUserId], [ImpersonatorTenantId], [CustomData])
VALUES (@0, @1, @2, @3, @4, NULL, @5, @6, @7, @8, @9, NULL, NULL, NULL, NULL, NULL)
SELECT [Id]
FROM [dbo].[AbpAuditLogs]
WHERE @@ROWCOUNT > 0 AND [Id] = scope_identity()


-- @0: '2' (Type = Int32)

-- @1: '3' (Type = Int64)

-- @2: 'Sw.Hospital.HealthExaminationSystem.Application.OccHazardFactor.OccHazardFactorAppService' (Type = String, Size = 256)

-- @3: 'getSimpOccHazardFactors' (Type = String, Size = 256)

-- @4: '{}' (Type = String, Size = 1024)

-- @5: '2023/10/23 14:24:27' (Type = DateTime2)

-- @6: '77' (Type = Int32)

-- @7: '::1' (Type = String, Size = 64)

-- @8: 'LAPTOP-GECQGVPJ' (Type = String, Size = 128)

-- @9: 'Unknown / 0.0 / Unknown' (Type = String, Size = 512)

-- 正在 2023/10/23 14:24:27 +08:00
 执行
-- 已在 13 毫秒内完成，结果为: SqlDataReader



已于 2023/10/23 14:24:27 +08:00
 提交了事务
已于 2023/10/23 14:24:27 +08:00
 关闭了连接
已于 2023-10-23 14:24:28 +08:00
 打开了连接
SELECT TOP (1000) 
    [Project1].[Id] AS [Id], 
    [Project1].[JobType] AS [JobType], 
    [Project1].[JobArgs] AS [JobArgs], 
    [Project1].[TryCount] AS [TryCount], 
    [Project1].[NextTryTime] AS [NextTryTime], 
    [Project1].[LastTryTime] AS [LastTryTime], 
    [Project1].[IsAbandoned] AS [IsAbandoned], 
    [Project1].[Priority] AS [Priority], 
    [Project1].[CreationTime] AS [CreationTime], 
    [Project1].[CreatorUserId] AS [CreatorUserId]
    FROM ( SELECT 
        [Extent1].[Id] AS [Id], 
        [Extent1].[JobType] AS [JobType], 
        [Extent1].[JobArgs] AS [JobArgs], 
        [Extent1].[TryCount] AS [TryCount], 
        [Extent1].[NextTryTime] AS [NextTryTime], 
        [Extent1].[LastTryTime] AS [LastTryTime], 
        [Extent1].[IsAbandoned] AS [IsAbandoned], 
        [Extent1].[Priority] AS [Priority], 
        [Extent1].[CreationTime] AS [CreationTime], 
        [Extent1].[CreatorUserId] AS [CreatorUserId]
        FROM [dbo].[AbpBackgroundJobs] AS [Extent1]
        WHERE ([Extent1].[IsAbandoned] <> 1) AND ([Extent1].[NextTryTime] <= @p__linq__0)
    )  AS [Project1]
    ORDER BY [Project1].[Priority] DESC, [Project1].[TryCount] ASC, [Project1].[NextTryTime] ASC


-- p__linq__0: '2023-10-23 14:24:28' (Type = DateTime2, IsNullable = false)

-- 正在 2023-10-23 14:24:28 +08:00
 执行
-- 已在 6 毫秒内完成，结果为: SqlDataReader



已于 2023-10-23 14:24:28 +08:00
 关闭了连接
已于 2023-10-23 14:24:33 +08:00
 打开了连接
SELECT TOP (1000) 
    [Project1].[Id] AS [Id], 
    [Project1].[JobType] AS [JobType], 
    [Project1].[JobArgs] AS [JobArgs], 
    [Project1].[TryCount] AS [TryCount], 
    [Project1].[NextTryTime] AS [NextTryTime], 
    [Project1].[LastTryTime] AS [LastTryTime], 
    [Project1].[IsAbandoned] AS [IsAbandoned], 
    [Project1].[Priority] AS [Priority], 
    [Project1].[CreationTime] AS [CreationTime], 
    [Project1].[CreatorUserId] AS [CreatorUserId]
    FROM ( SELECT 
        [Extent1].[Id] AS [Id], 
        [Extent1].[JobType] AS [JobType], 
        [Extent1].[JobArgs] AS [JobArgs], 
        [Extent1].[TryCount] AS [TryCount], 
        [Extent1].[NextTryTime] AS [NextTryTime], 
        [Extent1].[LastTryTime] AS [LastTryTime], 
        [Extent1].[IsAbandoned] AS [IsAbandoned], 
        [Extent1].[Priority] AS [Priority], 
        [Extent1].[CreationTime] AS [CreationTime], 
        [Extent1].[CreatorUserId] AS [CreatorUserId]
        FROM [dbo].[AbpBackgroundJobs] AS [Extent1]
        WHERE ([Extent1].[IsAbandoned] <> 1) AND ([Extent1].[NextTryTime] <= @p__linq__0)
    )  AS [Project1]
    ORDER BY [Project1].[Priority] DESC, [Project1].[TryCount] ASC, [Project1].[NextTryTime] ASC


-- p__linq__0: '2023-10-23 14:24:33' (Type = DateTime2, IsNullable = false)

-- 正在 2023-10-23 14:24:33 +08:00
 执行
-- 已在 6 毫秒内完成，结果为: SqlDataReader



已于 2023-10-23 14:24:33 +08:00
 关闭了连接
已于 2023-10-23 14:24:38 +08:00
 打开了连接
SELECT TOP (1000) 
    [Project1].[Id] AS [Id], 
    [Project1].[JobType] AS [JobType], 
    [Project1].[JobArgs] AS [JobArgs], 
    [Project1].[TryCount] AS [TryCount], 
    [Project1].[NextTryTime] AS [NextTryTime], 
    [Project1].[LastTryTime] AS [LastTryTime], 
    [Project1].[IsAbandoned] AS [IsAbandoned], 
    [Project1].[Priority] AS [Priority], 
    [Project1].[CreationTime] AS [CreationTime], 
    [Project1].[CreatorUserId] AS [CreatorUserId]
    FROM ( SELECT 
        [Extent1].[Id] AS [Id], 
        [Extent1].[JobType] AS [JobType], 
        [Extent1].[JobArgs] AS [JobArgs], 
        [Extent1].[TryCount] AS [TryCount], 
        [Extent1].[NextTryTime] AS [NextTryTime], 
        [Extent1].[LastTryTime] AS [LastTryTime], 
        [Extent1].[IsAbandoned] AS [IsAbandoned], 
        [Extent1].[Priority] AS [Priority], 
        [Extent1].[CreationTime] AS [CreationTime], 
        [Extent1].[CreatorUserId] AS [CreatorUserId]
        FROM [dbo].[AbpBackgroundJobs] AS [Extent1]
        WHERE ([Extent1].[IsAbandoned] <> 1) AND ([Extent1].[NextTryTime] <= @p__linq__0)
    )  AS [Project1]
    ORDER BY [Project1].[Priority] DESC, [Project1].[TryCount] ASC, [Project1].[NextTryTime] ASC


-- p__linq__0: '2023-10-23 14:24:38' (Type = DateTime2, IsNullable = false)

-- 正在 2023-10-23 14:24:38 +08:00
 执行
-- 已在 6 毫秒内完成，结果为: SqlDataReader



已于 2023-10-23 14:24:38 +08:00
 关闭了连接
已于 2023-10-23 14:24:43 +08:00
 打开了连接
SELECT TOP (1000) 
    [Project1].[Id] AS [Id], 
    [Project1].[JobType] AS [JobType], 
    [Project1].[JobArgs] AS [JobArgs], 
    [Project1].[TryCount] AS [TryCount], 
    [Project1].[NextTryTime] AS [NextTryTime], 
    [Project1].[LastTryTime] AS [LastTryTime], 
    [Project1].[IsAbandoned] AS [IsAbandoned], 
    [Project1].[Priority] AS [Priority], 
    [Project1].[CreationTime] AS [CreationTime], 
    [Project1].[CreatorUserId] AS [CreatorUserId]
    FROM ( SELECT 
        [Extent1].[Id] AS [Id], 
        [Extent1].[JobType] AS [JobType], 
        [Extent1].[JobArgs] AS [JobArgs], 
        [Extent1].[TryCount] AS [TryCount], 
        [Extent1].[NextTryTime] AS [NextTryTime], 
        [Extent1].[LastTryTime] AS [LastTryTime], 
        [Extent1].[IsAbandoned] AS [IsAbandoned], 
        [Extent1].[Priority] AS [Priority], 
        [Extent1].[CreationTime] AS [CreationTime], 
        [Extent1].[CreatorUserId] AS [CreatorUserId]
        FROM [dbo].[AbpBackgroundJobs] AS [Extent1]
        WHERE ([Extent1].[IsAbandoned] <> 1) AND ([Extent1].[NextTryTime] <= @p__linq__0)
    )  AS [Project1]
    ORDER BY [Project1].[Priority] DESC, [Project1].[TryCount] ASC, [Project1].[NextTryTime] ASC


-- p__linq__0: '2023-10-23 14:24:43' (Type = DateTime2, IsNullable = false)

-- 正在 2023-10-23 14:24:43 +08:00
 执行
-- 已在 6 毫秒内完成，结果为: SqlDataReader



已于 2023-10-23 14:24:43 +08:00
 关闭了连接
已于 2023-10-23 14:24:48 +08:00
 打开了连接
SELECT TOP (1000) 
    [Project1].[Id] AS [Id], 
    [Project1].[JobType] AS [JobType], 
    [Project1].[JobArgs] AS [JobArgs], 
    [Project1].[TryCount] AS [TryCount], 
    [Project1].[NextTryTime] AS [NextTryTime], 
    [Project1].[LastTryTime] AS [LastTryTime], 
    [Project1].[IsAbandoned] AS [IsAbandoned], 
    [Project1].[Priority] AS [Priority], 
    [Project1].[CreationTime] AS [CreationTime], 
    [Project1].[CreatorUserId] AS [CreatorUserId]
    FROM ( SELECT 
        [Extent1].[Id] AS [Id], 
        [Extent1].[JobType] AS [JobType], 
        [Extent1].[JobArgs] AS [JobArgs], 
        [Extent1].[TryCount] AS [TryCount], 
        [Extent1].[NextTryTime] AS [NextTryTime], 
        [Extent1].[LastTryTime] AS [LastTryTime], 
        [Extent1].[IsAbandoned] AS [IsAbandoned], 
        [Extent1].[Priority] AS [Priority], 
        [Extent1].[CreationTime] AS [CreationTime], 
        [Extent1].[CreatorUserId] AS [CreatorUserId]
        FROM [dbo].[AbpBackgroundJobs] AS [Extent1]
        WHERE ([Extent1].[IsAbandoned] <> 1) AND ([Extent1].[NextTryTime] <= @p__linq__0)
    )  AS [Project1]
    ORDER BY [Project1].[Priority] DESC, [Project1].[TryCount] ASC, [Project1].[NextTryTime] ASC


-- p__linq__0: '2023-10-23 14:24:48' (Type = DateTime2, IsNullable = false)

-- 正在 2023-10-23 14:24:48 +08:00
 执行
-- 已在 12 毫秒内完成，结果为: SqlDataReader



已于 2023-10-23 14:24:48 +08:00
 关闭了连接
已于 2023-10-23 14:24:53 +08:00
 打开了连接
SELECT TOP (1000) 
    [Project1].[Id] AS [Id], 
    [Project1].[JobType] AS [JobType], 
    [Project1].[JobArgs] AS [JobArgs], 
    [Project1].[TryCount] AS [TryCount], 
    [Project1].[NextTryTime] AS [NextTryTime], 
    [Project1].[LastTryTime] AS [LastTryTime], 
    [Project1].[IsAbandoned] AS [IsAbandoned], 
    [Project1].[Priority] AS [Priority], 
    [Project1].[CreationTime] AS [CreationTime], 
    [Project1].[CreatorUserId] AS [CreatorUserId]
    FROM ( SELECT 
        [Extent1].[Id] AS [Id], 
        [Extent1].[JobType] AS [JobType], 
        [Extent1].[JobArgs] AS [JobArgs], 
        [Extent1].[TryCount] AS [TryCount], 
        [Extent1].[NextTryTime] AS [NextTryTime], 
        [Extent1].[LastTryTime] AS [LastTryTime], 
        [Extent1].[IsAbandoned] AS [IsAbandoned], 
        [Extent1].[Priority] AS [Priority], 
        [Extent1].[CreationTime] AS [CreationTime], 
        [Extent1].[CreatorUserId] AS [CreatorUserId]
        FROM [dbo].[AbpBackgroundJobs] AS [Extent1]
        WHERE ([Extent1].[IsAbandoned] <> 1) AND ([Extent1].[NextTryTime] <= @p__linq__0)
    )  AS [Project1]
    ORDER BY [Project1].[Priority] DESC, [Project1].[TryCount] ASC, [Project1].[NextTryTime] ASC


-- p__linq__0: '2023-10-23 14:24:53' (Type = DateTime2, IsNullable = false)

-- 正在 2023-10-23 14:24:53 +08:00
 执行
-- 已在 5 毫秒内完成，结果为: SqlDataReader



已于 2023-10-23 14:24:53 +08:00
 关闭了连接
已于 2023-10-23 14:24:58 +08:00
 打开了连接
SELECT TOP (1000) 
    [Project1].[Id] AS [Id], 
    [Project1].[JobType] AS [JobType], 
    [Project1].[JobArgs] AS [JobArgs], 
    [Project1].[TryCount] AS [TryCount], 
    [Project1].[NextTryTime] AS [NextTryTime], 
    [Project1].[LastTryTime] AS [LastTryTime], 
    [Project1].[IsAbandoned] AS [IsAbandoned], 
    [Project1].[Priority] AS [Priority], 
    [Project1].[CreationTime] AS [CreationTime], 
    [Project1].[CreatorUserId] AS [CreatorUserId]
    FROM ( SELECT 
        [Extent1].[Id] AS [Id], 
        [Extent1].[JobType] AS [JobType], 
        [Extent1].[JobArgs] AS [JobArgs], 
        [Extent1].[TryCount] AS [TryCount], 
        [Extent1].[NextTryTime] AS [NextTryTime], 
        [Extent1].[LastTryTime] AS [LastTryTime], 
        [Extent1].[IsAbandoned] AS [IsAbandoned], 
        [Extent1].[Priority] AS [Priority], 
        [Extent1].[CreationTime] AS [CreationTime], 
        [Extent1].[CreatorUserId] AS [CreatorUserId]
        FROM [dbo].[AbpBackgroundJobs] AS [Extent1]
        WHERE ([Extent1].[IsAbandoned] <> 1) AND ([Extent1].[NextTryTime] <= @p__linq__0)
    )  AS [Project1]
    ORDER BY [Project1].[Priority] DESC, [Project1].[TryCount] ASC, [Project1].[NextTryTime] ASC


-- p__linq__0: '2023-10-23 14:24:58' (Type = DateTime2, IsNullable = false)

-- 正在 2023-10-23 14:24:58 +08:00
 执行
-- 已在 6 毫秒内完成，结果为: SqlDataReader



已于 2023-10-23 14:24:58 +08:00
 关闭了连接
已于 2023-10-23 15:24:01 +08:00
 打开了连接
SELECT TOP (1000) 
    [Project1].[Id] AS [Id], 
    [Project1].[JobType] AS [JobType], 
    [Project1].[JobArgs] AS [JobArgs], 
    [Project1].[TryCount] AS [TryCount], 
    [Project1].[NextTryTime] AS [NextTryTime], 
    [Project1].[LastTryTime] AS [LastTryTime], 
    [Project1].[IsAbandoned] AS [IsAbandoned], 
    [Project1].[Priority] AS [Priority], 
    [Project1].[CreationTime] AS [CreationTime], 
    [Project1].[CreatorUserId] AS [CreatorUserId]
    FROM ( SELECT 
        [Extent1].[Id] AS [Id], 
        [Extent1].[JobType] AS [JobType], 
        [Extent1].[JobArgs] AS [JobArgs], 
        [Extent1].[TryCount] AS [TryCount], 
        [Extent1].[NextTryTime] AS [NextTryTime], 
        [Extent1].[LastTryTime] AS [LastTryTime], 
        [Extent1].[IsAbandoned] AS [IsAbandoned], 
        [Extent1].[Priority] AS [Priority], 
        [Extent1].[CreationTime] AS [CreationTime], 
        [Extent1].[CreatorUserId] AS [CreatorUserId]
        FROM [dbo].[AbpBackgroundJobs] AS [Extent1]
        WHERE ([Extent1].[IsAbandoned] <> 1) AND ([Extent1].[NextTryTime] <= @p__linq__0)
    )  AS [Project1]
    ORDER BY [Project1].[Priority] DESC, [Project1].[TryCount] ASC, [Project1].[NextTryTime] ASC


-- p__linq__0: '2023-10-23 15:24:01' (Type = DateTime2, IsNullable = false)

-- 正在 2023-10-23 15:24:01 +08:00
 执行
-- 已在 7 毫秒内完成，结果为: SqlDataReader



已于 2023-10-23 15:24:01 +08:00
 关闭了连接
已于 2023-10-23 15:24:06 +08:00
 打开了连接
SELECT TOP (1000) 
    [Project1].[Id] AS [Id], 
    [Project1].[JobType] AS [JobType], 
    [Project1].[JobArgs] AS [JobArgs], 
    [Project1].[TryCount] AS [TryCount], 
    [Project1].[NextTryTime] AS [NextTryTime], 
    [Project1].[LastTryTime] AS [LastTryTime], 
    [Project1].[IsAbandoned] AS [IsAbandoned], 
    [Project1].[Priority] AS [Priority], 
    [Project1].[CreationTime] AS [CreationTime], 
    [Project1].[CreatorUserId] AS [CreatorUserId]
    FROM ( SELECT 
        [Extent1].[Id] AS [Id], 
        [Extent1].[JobType] AS [JobType], 
        [Extent1].[JobArgs] AS [JobArgs], 
        [Extent1].[TryCount] AS [TryCount], 
        [Extent1].[NextTryTime] AS [NextTryTime], 
        [Extent1].[LastTryTime] AS [LastTryTime], 
        [Extent1].[IsAbandoned] AS [IsAbandoned], 
        [Extent1].[Priority] AS [Priority], 
        [Extent1].[CreationTime] AS [CreationTime], 
        [Extent1].[CreatorUserId] AS [CreatorUserId]
        FROM [dbo].[AbpBackgroundJobs] AS [Extent1]
        WHERE ([Extent1].[IsAbandoned] <> 1) AND ([Extent1].[NextTryTime] <= @p__linq__0)
    )  AS [Project1]
    ORDER BY [Project1].[Priority] DESC, [Project1].[TryCount] ASC, [Project1].[NextTryTime] ASC


-- p__linq__0: '2023-10-23 15:24:06' (Type = DateTime2, IsNullable = false)

-- 正在 2023-10-23 15:24:06 +08:00
 执行
-- 已在 7 毫秒内完成，结果为: SqlDataReader



已于 2023-10-23 15:24:06 +08:00
 关闭了连接
已于 2023-10-23 15:24:11 +08:00
 打开了连接
SELECT TOP (1000) 
    [Project1].[Id] AS [Id], 
    [Project1].[JobType] AS [JobType], 
    [Project1].[JobArgs] AS [JobArgs], 
    [Project1].[TryCount] AS [TryCount], 
    [Project1].[NextTryTime] AS [NextTryTime], 
    [Project1].[LastTryTime] AS [LastTryTime], 
    [Project1].[IsAbandoned] AS [IsAbandoned], 
    [Project1].[Priority] AS [Priority], 
    [Project1].[CreationTime] AS [CreationTime], 
    [Project1].[CreatorUserId] AS [CreatorUserId]
    FROM ( SELECT 
        [Extent1].[Id] AS [Id], 
        [Extent1].[JobType] AS [JobType], 
        [Extent1].[JobArgs] AS [JobArgs], 
        [Extent1].[TryCount] AS [TryCount], 
        [Extent1].[NextTryTime] AS [NextTryTime], 
        [Extent1].[LastTryTime] AS [LastTryTime], 
        [Extent1].[IsAbandoned] AS [IsAbandoned], 
        [Extent1].[Priority] AS [Priority], 
        [Extent1].[CreationTime] AS [CreationTime], 
        [Extent1].[CreatorUserId] AS [CreatorUserId]
        FROM [dbo].[AbpBackgroundJobs] AS [Extent1]
        WHERE ([Extent1].[IsAbandoned] <> 1) AND ([Extent1].[NextTryTime] <= @p__linq__0)
    )  AS [Project1]
    ORDER BY [Project1].[Priority] DESC, [Project1].[TryCount] ASC, [Project1].[NextTryTime] ASC


-- p__linq__0: '2023-10-23 15:24:11' (Type = DateTime2, IsNullable = false)

-- 正在 2023-10-23 15:24:11 +08:00
 执行
-- 已在 12 毫秒内完成，结果为: SqlDataReader



已于 2023-10-23 15:24:11 +08:00
 关闭了连接
已于 2023-10-23 15:24:16 +08:00
 打开了连接
SELECT TOP (1000) 
    [Project1].[Id] AS [Id], 
    [Project1].[JobType] AS [JobType], 
    [Project1].[JobArgs] AS [JobArgs], 
    [Project1].[TryCount] AS [TryCount], 
    [Project1].[NextTryTime] AS [NextTryTime], 
    [Project1].[LastTryTime] AS [LastTryTime], 
    [Project1].[IsAbandoned] AS [IsAbandoned], 
    [Project1].[Priority] AS [Priority], 
    [Project1].[CreationTime] AS [CreationTime], 
    [Project1].[CreatorUserId] AS [CreatorUserId]
    FROM ( SELECT 
        [Extent1].[Id] AS [Id], 
        [Extent1].[JobType] AS [JobType], 
        [Extent1].[JobArgs] AS [JobArgs], 
        [Extent1].[TryCount] AS [TryCount], 
        [Extent1].[NextTryTime] AS [NextTryTime], 
        [Extent1].[LastTryTime] AS [LastTryTime], 
        [Extent1].[IsAbandoned] AS [IsAbandoned], 
        [Extent1].[Priority] AS [Priority], 
        [Extent1].[CreationTime] AS [CreationTime], 
        [Extent1].[CreatorUserId] AS [CreatorUserId]
        FROM [dbo].[AbpBackgroundJobs] AS [Extent1]
        WHERE ([Extent1].[IsAbandoned] <> 1) AND ([Extent1].[NextTryTime] <= @p__linq__0)
    )  AS [Project1]
    ORDER BY [Project1].[Priority] DESC, [Project1].[TryCount] ASC, [Project1].[NextTryTime] ASC


-- p__linq__0: '2023-10-23 15:24:16' (Type = DateTime2, IsNullable = false)

-- 正在 2023-10-23 15:24:16 +08:00
 执行
-- 已在 9 毫秒内完成，结果为: SqlDataReader



已于 2023-10-23 15:24:16 +08:00
 关闭了连接
已于 2023-10-23 15:24:21 +08:00
 打开了连接
SELECT TOP (1000) 
    [Project1].[Id] AS [Id], 
    [Project1].[JobType] AS [JobType], 
    [Project1].[JobArgs] AS [JobArgs], 
    [Project1].[TryCount] AS [TryCount], 
    [Project1].[NextTryTime] AS [NextTryTime], 
    [Project1].[LastTryTime] AS [LastTryTime], 
    [Project1].[IsAbandoned] AS [IsAbandoned], 
    [Project1].[Priority] AS [Priority], 
    [Project1].[CreationTime] AS [CreationTime], 
    [Project1].[CreatorUserId] AS [CreatorUserId]
    FROM ( SELECT 
        [Extent1].[Id] AS [Id], 
        [Extent1].[JobType] AS [JobType], 
        [Extent1].[JobArgs] AS [JobArgs], 
        [Extent1].[TryCount] AS [TryCount], 
        [Extent1].[NextTryTime] AS [NextTryTime], 
        [Extent1].[LastTryTime] AS [LastTryTime], 
        [Extent1].[IsAbandoned] AS [IsAbandoned], 
        [Extent1].[Priority] AS [Priority], 
        [Extent1].[CreationTime] AS [CreationTime], 
        [Extent1].[CreatorUserId] AS [CreatorUserId]
        FROM [dbo].[AbpBackgroundJobs] AS [Extent1]
        WHERE ([Extent1].[IsAbandoned] <> 1) AND ([Extent1].[NextTryTime] <= @p__linq__0)
    )  AS [Project1]
    ORDER BY [Project1].[Priority] DESC, [Project1].[TryCount] ASC, [Project1].[NextTryTime] ASC


-- p__linq__0: '2023-10-23 15:24:21' (Type = DateTime2, IsNullable = false)

-- 正在 2023-10-23 15:24:21 +08:00
 执行
-- 已在 10 毫秒内完成，结果为: SqlDataReader



已于 2023-10-23 15:24:21 +08:00
 关闭了连接
已于 2023-10-23 15:24:27 +08:00
 打开了连接
SELECT TOP (1000) 
    [Project1].[Id] AS [Id], 
    [Project1].[JobType] AS [JobType], 
    [Project1].[JobArgs] AS [JobArgs], 
    [Project1].[TryCount] AS [TryCount], 
    [Project1].[NextTryTime] AS [NextTryTime], 
    [Project1].[LastTryTime] AS [LastTryTime], 
    [Project1].[IsAbandoned] AS [IsAbandoned], 
    [Project1].[Priority] AS [Priority], 
    [Project1].[CreationTime] AS [CreationTime], 
    [Project1].[CreatorUserId] AS [CreatorUserId]
    FROM ( SELECT 
        [Extent1].[Id] AS [Id], 
        [Extent1].[JobType] AS [JobType], 
        [Extent1].[JobArgs] AS [JobArgs], 
        [Extent1].[TryCount] AS [TryCount], 
        [Extent1].[NextTryTime] AS [NextTryTime], 
        [Extent1].[LastTryTime] AS [LastTryTime], 
        [Extent1].[IsAbandoned] AS [IsAbandoned], 
        [Extent1].[Priority] AS [Priority], 
        [Extent1].[CreationTime] AS [CreationTime], 
        [Extent1].[CreatorUserId] AS [CreatorUserId]
        FROM [dbo].[AbpBackgroundJobs] AS [Extent1]
        WHERE ([Extent1].[IsAbandoned] <> 1) AND ([Extent1].[NextTryTime] <= @p__linq__0)
    )  AS [Project1]
    ORDER BY [Project1].[Priority] DESC, [Project1].[TryCount] ASC, [Project1].[NextTryTime] ASC


-- p__linq__0: '2023-10-23 15:24:27' (Type = DateTime2, IsNullable = false)

-- 正在 2023-10-23 15:24:27 +08:00
 执行
-- 已在 7 毫秒内完成，结果为: SqlDataReader



已于 2023-10-23 15:24:27 +08:00
 关闭了连接
已于 2023-10-23 15:24:32 +08:00
 打开了连接
SELECT TOP (1000) 
    [Project1].[Id] AS [Id], 
    [Project1].[JobType] AS [JobType], 
    [Project1].[JobArgs] AS [JobArgs], 
    [Project1].[TryCount] AS [TryCount], 
    [Project1].[NextTryTime] AS [NextTryTime], 
    [Project1].[LastTryTime] AS [LastTryTime], 
    [Project1].[IsAbandoned] AS [IsAbandoned], 
    [Project1].[Priority] AS [Priority], 
    [Project1].[CreationTime] AS [CreationTime], 
    [Project1].[CreatorUserId] AS [CreatorUserId]
    FROM ( SELECT 
        [Extent1].[Id] AS [Id], 
        [Extent1].[JobType] AS [JobType], 
        [Extent1].[JobArgs] AS [JobArgs], 
        [Extent1].[TryCount] AS [TryCount], 
        [Extent1].[NextTryTime] AS [NextTryTime], 
        [Extent1].[LastTryTime] AS [LastTryTime], 
        [Extent1].[IsAbandoned] AS [IsAbandoned], 
        [Extent1].[Priority] AS [Priority], 
        [Extent1].[CreationTime] AS [CreationTime], 
        [Extent1].[CreatorUserId] AS [CreatorUserId]
        FROM [dbo].[AbpBackgroundJobs] AS [Extent1]
        WHERE ([Extent1].[IsAbandoned] <> 1) AND ([Extent1].[NextTryTime] <= @p__linq__0)
    )  AS [Project1]
    ORDER BY [Project1].[Priority] DESC, [Project1].[TryCount] ASC, [Project1].[NextTryTime] ASC


-- p__linq__0: '2023-10-23 15:24:32' (Type = DateTime2, IsNullable = false)

-- 正在 2023-10-23 15:24:32 +08:00
 执行
-- 已在 8 毫秒内完成，结果为: SqlDataReader



已于 2023-10-23 15:24:32 +08:00
 关闭了连接
已于 2023-10-23 15:24:37 +08:00
 打开了连接
SELECT TOP (1000) 
    [Project1].[Id] AS [Id], 
    [Project1].[JobType] AS [JobType], 
    [Project1].[JobArgs] AS [JobArgs], 
    [Project1].[TryCount] AS [TryCount], 
    [Project1].[NextTryTime] AS [NextTryTime], 
    [Project1].[LastTryTime] AS [LastTryTime], 
    [Project1].[IsAbandoned] AS [IsAbandoned], 
    [Project1].[Priority] AS [Priority], 
    [Project1].[CreationTime] AS [CreationTime], 
    [Project1].[CreatorUserId] AS [CreatorUserId]
    FROM ( SELECT 
        [Extent1].[Id] AS [Id], 
        [Extent1].[JobType] AS [JobType], 
        [Extent1].[JobArgs] AS [JobArgs], 
        [Extent1].[TryCount] AS [TryCount], 
        [Extent1].[NextTryTime] AS [NextTryTime], 
        [Extent1].[LastTryTime] AS [LastTryTime], 
        [Extent1].[IsAbandoned] AS [IsAbandoned], 
        [Extent1].[Priority] AS [Priority], 
        [Extent1].[CreationTime] AS [CreationTime], 
        [Extent1].[CreatorUserId] AS [CreatorUserId]
        FROM [dbo].[AbpBackgroundJobs] AS [Extent1]
        WHERE ([Extent1].[IsAbandoned] <> 1) AND ([Extent1].[NextTryTime] <= @p__linq__0)
    )  AS [Project1]
    ORDER BY [Project1].[Priority] DESC, [Project1].[TryCount] ASC, [Project1].[NextTryTime] ASC


-- p__linq__0: '2023-10-23 15:24:37' (Type = DateTime2, IsNullable = false)

-- 正在 2023-10-23 15:24:37 +08:00
 执行
-- 已在 7 毫秒内完成，结果为: SqlDataReader



已于 2023-10-23 15:24:37 +08:00
 关闭了连接
已于 2023-10-23 15:24:42 +08:00
 打开了连接
SELECT TOP (1000) 
    [Project1].[Id] AS [Id], 
    [Project1].[JobType] AS [JobType], 
    [Project1].[JobArgs] AS [JobArgs], 
    [Project1].[TryCount] AS [TryCount], 
    [Project1].[NextTryTime] AS [NextTryTime], 
    [Project1].[LastTryTime] AS [LastTryTime], 
    [Project1].[IsAbandoned] AS [IsAbandoned], 
    [Project1].[Priority] AS [Priority], 
    [Project1].[CreationTime] AS [CreationTime], 
    [Project1].[CreatorUserId] AS [CreatorUserId]
    FROM ( SELECT 
        [Extent1].[Id] AS [Id], 
        [Extent1].[JobType] AS [JobType], 
        [Extent1].[JobArgs] AS [JobArgs], 
        [Extent1].[TryCount] AS [TryCount], 
        [Extent1].[NextTryTime] AS [NextTryTime], 
        [Extent1].[LastTryTime] AS [LastTryTime], 
        [Extent1].[IsAbandoned] AS [IsAbandoned], 
        [Extent1].[Priority] AS [Priority], 
        [Extent1].[CreationTime] AS [CreationTime], 
        [Extent1].[CreatorUserId] AS [CreatorUserId]
        FROM [dbo].[AbpBackgroundJobs] AS [Extent1]
        WHERE ([Extent1].[IsAbandoned] <> 1) AND ([Extent1].[NextTryTime] <= @p__linq__0)
    )  AS [Project1]
    ORDER BY [Project1].[Priority] DESC, [Project1].[TryCount] ASC, [Project1].[NextTryTime] ASC


-- p__linq__0: '2023-10-23 15:24:42' (Type = DateTime2, IsNullable = false)

-- 正在 2023-10-23 15:24:42 +08:00
 执行
-- 已在 7 毫秒内完成，结果为: SqlDataReader



已于 2023-10-23 15:24:42 +08:00
 关闭了连接
已于 2023-10-23 15:24:47 +08:00
 打开了连接
SELECT TOP (1000) 
    [Project1].[Id] AS [Id], 
    [Project1].[JobType] AS [JobType], 
    [Project1].[JobArgs] AS [JobArgs], 
    [Project1].[TryCount] AS [TryCount], 
    [Project1].[NextTryTime] AS [NextTryTime], 
    [Project1].[LastTryTime] AS [LastTryTime], 
    [Project1].[IsAbandoned] AS [IsAbandoned], 
    [Project1].[Priority] AS [Priority], 
    [Project1].[CreationTime] AS [CreationTime], 
    [Project1].[CreatorUserId] AS [CreatorUserId]
    FROM ( SELECT 
        [Extent1].[Id] AS [Id], 
        [Extent1].[JobType] AS [JobType], 
        [Extent1].[JobArgs] AS [JobArgs], 
        [Extent1].[TryCount] AS [TryCount], 
        [Extent1].[NextTryTime] AS [NextTryTime], 
        [Extent1].[LastTryTime] AS [LastTryTime], 
        [Extent1].[IsAbandoned] AS [IsAbandoned], 
        [Extent1].[Priority] AS [Priority], 
        [Extent1].[CreationTime] AS [CreationTime], 
        [Extent1].[CreatorUserId] AS [CreatorUserId]
        FROM [dbo].[AbpBackgroundJobs] AS [Extent1]
        WHERE ([Extent1].[IsAbandoned] <> 1) AND ([Extent1].[NextTryTime] <= @p__linq__0)
    )  AS [Project1]
    ORDER BY [Project1].[Priority] DESC, [Project1].[TryCount] ASC, [Project1].[NextTryTime] ASC


-- p__linq__0: '2023-10-23 15:24:47' (Type = DateTime2, IsNullable = false)

-- 正在 2023-10-23 15:24:47 +08:00
 执行
-- 已在 8 毫秒内完成，结果为: SqlDataReader



已于 2023-10-23 15:24:47 +08:00
 关闭了连接
已于 2023-10-23 15:24:52 +08:00
 打开了连接
SELECT TOP (1000) 
    [Project1].[Id] AS [Id], 
    [Project1].[JobType] AS [JobType], 
    [Project1].[JobArgs] AS [JobArgs], 
    [Project1].[TryCount] AS [TryCount], 
    [Project1].[NextTryTime] AS [NextTryTime], 
    [Project1].[LastTryTime] AS [LastTryTime], 
    [Project1].[IsAbandoned] AS [IsAbandoned], 
    [Project1].[Priority] AS [Priority], 
    [Project1].[CreationTime] AS [CreationTime], 
    [Project1].[CreatorUserId] AS [CreatorUserId]
    FROM ( SELECT 
        [Extent1].[Id] AS [Id], 
        [Extent1].[JobType] AS [JobType], 
        [Extent1].[JobArgs] AS [JobArgs], 
        [Extent1].[TryCount] AS [TryCount], 
        [Extent1].[NextTryTime] AS [NextTryTime], 
        [Extent1].[LastTryTime] AS [LastTryTime], 
        [Extent1].[IsAbandoned] AS [IsAbandoned], 
        [Extent1].[Priority] AS [Priority], 
        [Extent1].[CreationTime] AS [CreationTime], 
        [Extent1].[CreatorUserId] AS [CreatorUserId]
        FROM [dbo].[AbpBackgroundJobs] AS [Extent1]
        WHERE ([Extent1].[IsAbandoned] <> 1) AND ([Extent1].[NextTryTime] <= @p__linq__0)
    )  AS [Project1]
    ORDER BY [Project1].[Priority] DESC, [Project1].[TryCount] ASC, [Project1].[NextTryTime] ASC


-- p__linq__0: '2023-10-23 15:24:52' (Type = DateTime2, IsNullable = false)

-- 正在 2023-10-23 15:24:52 +08:00
 执行
-- 已在 7 毫秒内完成，结果为: SqlDataReader



已于 2023-10-23 15:24:52 +08:00
 关闭了连接
已于 2023-10-23 15:24:57 +08:00
 打开了连接
SELECT TOP (1000) 
    [Project1].[Id] AS [Id], 
    [Project1].[JobType] AS [JobType], 
    [Project1].[JobArgs] AS [JobArgs], 
    [Project1].[TryCount] AS [TryCount], 
    [Project1].[NextTryTime] AS [NextTryTime], 
    [Project1].[LastTryTime] AS [LastTryTime], 
    [Project1].[IsAbandoned] AS [IsAbandoned], 
    [Project1].[Priority] AS [Priority], 
    [Project1].[CreationTime] AS [CreationTime], 
    [Project1].[CreatorUserId] AS [CreatorUserId]
    FROM ( SELECT 
        [Extent1].[Id] AS [Id], 
        [Extent1].[JobType] AS [JobType], 
        [Extent1].[JobArgs] AS [JobArgs], 
        [Extent1].[TryCount] AS [TryCount], 
        [Extent1].[NextTryTime] AS [NextTryTime], 
        [Extent1].[LastTryTime] AS [LastTryTime], 
        [Extent1].[IsAbandoned] AS [IsAbandoned], 
        [Extent1].[Priority] AS [Priority], 
        [Extent1].[CreationTime] AS [CreationTime], 
        [Extent1].[CreatorUserId] AS [CreatorUserId]
        FROM [dbo].[AbpBackgroundJobs] AS [Extent1]
        WHERE ([Extent1].[IsAbandoned] <> 1) AND ([Extent1].[NextTryTime] <= @p__linq__0)
    )  AS [Project1]
    ORDER BY [Project1].[Priority] DESC, [Project1].[TryCount] ASC, [Project1].[NextTryTime] ASC


-- p__linq__0: '2023-10-23 15:24:57' (Type = DateTime2, IsNullable = false)

-- 正在 2023-10-23 15:24:57 +08:00
 执行
-- 已在 7 毫秒内完成，结果为: SqlDataReader



已于 2023-10-23 15:24:57 +08:00
 关闭了连接
已于 2023-10-23 18:24:01 +08:00
 打开了连接
SELECT TOP (1000) 
    [Project1].[Id] AS [Id], 
    [Project1].[JobType] AS [JobType], 
    [Project1].[JobArgs] AS [JobArgs], 
    [Project1].[TryCount] AS [TryCount], 
    [Project1].[NextTryTime] AS [NextTryTime], 
    [Project1].[LastTryTime] AS [LastTryTime], 
    [Project1].[IsAbandoned] AS [IsAbandoned], 
    [Project1].[Priority] AS [Priority], 
    [Project1].[CreationTime] AS [CreationTime], 
    [Project1].[CreatorUserId] AS [CreatorUserId]
    FROM ( SELECT 
        [Extent1].[Id] AS [Id], 
        [Extent1].[JobType] AS [JobType], 
        [Extent1].[JobArgs] AS [JobArgs], 
        [Extent1].[TryCount] AS [TryCount], 
        [Extent1].[NextTryTime] AS [NextTryTime], 
        [Extent1].[LastTryTime] AS [LastTryTime], 
        [Extent1].[IsAbandoned] AS [IsAbandoned], 
        [Extent1].[Priority] AS [Priority], 
        [Extent1].[CreationTime] AS [CreationTime], 
        [Extent1].[CreatorUserId] AS [CreatorUserId]
        FROM [dbo].[AbpBackgroundJobs] AS [Extent1]
        WHERE ([Extent1].[IsAbandoned] <> 1) AND ([Extent1].[NextTryTime] <= @p__linq__0)
    )  AS [Project1]
    ORDER BY [Project1].[Priority] DESC, [Project1].[TryCount] ASC, [Project1].[NextTryTime] ASC


-- p__linq__0: '2023-10-23 18:24:01' (Type = DateTime2, IsNullable = false)

-- 正在 2023-10-23 18:24:01 +08:00
 执行
-- 已在 14 毫秒内完成，结果为: SqlDataReader



已于 2023-10-23 18:24:01 +08:00
 关闭了连接
