已于 2023-10-22 22:27:01 +08:00
 打开了连接
SELECT TOP (1000) 
    [Project1].[Id] AS [Id], 
    [Project1].[JobType] AS [JobType], 
    [Project1].[JobArgs] AS [JobArgs], 
    [Project1].[TryCount] AS [TryCount], 
    [Project1].[NextTryTime] AS [NextTryTime], 
    [Project1].[LastTryTime] AS [LastTryTime], 
    [Project1].[IsAbandoned] AS [IsAbandoned], 
    [Project1].[Priority] AS [Priority], 
    [Project1].[CreationTime] AS [CreationTime], 
    [Project1].[CreatorUserId] AS [CreatorUserId]
    FROM ( SELECT 
        [Extent1].[Id] AS [Id], 
        [Extent1].[JobType] AS [JobType], 
        [Extent1].[JobArgs] AS [JobArgs], 
        [Extent1].[TryCount] AS [TryCount], 
        [Extent1].[NextTryTime] AS [NextTryTime], 
        [Extent1].[LastTryTime] AS [LastTryTime], 
        [Extent1].[IsAbandoned] AS [IsAbandoned], 
        [Extent1].[Priority] AS [Priority], 
        [Extent1].[CreationTime] AS [CreationTime], 
        [Extent1].[CreatorUserId] AS [CreatorUserId]
        FROM [dbo].[AbpBackgroundJobs] AS [Extent1]
        WHERE ([Extent1].[IsAbandoned] <> 1) AND ([Extent1].[NextTryTime] <= @p__linq__0)
    )  AS [Project1]
    ORDER BY [Project1].[Priority] DESC, [Project1].[TryCount] ASC, [Project1].[NextTryTime] ASC


-- p__linq__0: '2023-10-22 22:27:01' (Type = DateTime2, IsNullable = false)

-- 正在 2023-10-22 22:27:01 +08:00
 执行
-- 已在 37 毫秒内完成，结果为: SqlDataReader



已于 2023-10-22 22:27:01 +08:00
 关闭了连接
已于 2023-10-22 22:27:06 +08:00
 打开了连接
SELECT TOP (1000) 
    [Project1].[Id] AS [Id], 
    [Project1].[JobType] AS [JobType], 
    [Project1].[JobArgs] AS [JobArgs], 
    [Project1].[TryCount] AS [TryCount], 
    [Project1].[NextTryTime] AS [NextTryTime], 
    [Project1].[LastTryTime] AS [LastTryTime], 
    [Project1].[IsAbandoned] AS [IsAbandoned], 
    [Project1].[Priority] AS [Priority], 
    [Project1].[CreationTime] AS [CreationTime], 
    [Project1].[CreatorUserId] AS [CreatorUserId]
    FROM ( SELECT 
        [Extent1].[Id] AS [Id], 
        [Extent1].[JobType] AS [JobType], 
        [Extent1].[JobArgs] AS [JobArgs], 
        [Extent1].[TryCount] AS [TryCount], 
        [Extent1].[NextTryTime] AS [NextTryTime], 
        [Extent1].[LastTryTime] AS [LastTryTime], 
        [Extent1].[IsAbandoned] AS [IsAbandoned], 
        [Extent1].[Priority] AS [Priority], 
        [Extent1].[CreationTime] AS [CreationTime], 
        [Extent1].[CreatorUserId] AS [CreatorUserId]
        FROM [dbo].[AbpBackgroundJobs] AS [Extent1]
        WHERE ([Extent1].[IsAbandoned] <> 1) AND ([Extent1].[NextTryTime] <= @p__linq__0)
    )  AS [Project1]
    ORDER BY [Project1].[Priority] DESC, [Project1].[TryCount] ASC, [Project1].[NextTryTime] ASC


-- p__linq__0: '2023-10-22 22:27:06' (Type = DateTime2, IsNullable = false)

-- 正在 2023-10-22 22:27:06 +08:00
 执行
-- 已在 19 毫秒内完成，结果为: SqlDataReader



已于 2023-10-22 22:27:06 +08:00
 关闭了连接
已于 2023-10-22 22:27:11 +08:00
 打开了连接
SELECT TOP (1000) 
    [Project1].[Id] AS [Id], 
    [Project1].[JobType] AS [JobType], 
    [Project1].[JobArgs] AS [JobArgs], 
    [Project1].[TryCount] AS [TryCount], 
    [Project1].[NextTryTime] AS [NextTryTime], 
    [Project1].[LastTryTime] AS [LastTryTime], 
    [Project1].[IsAbandoned] AS [IsAbandoned], 
    [Project1].[Priority] AS [Priority], 
    [Project1].[CreationTime] AS [CreationTime], 
    [Project1].[CreatorUserId] AS [CreatorUserId]
    FROM ( SELECT 
        [Extent1].[Id] AS [Id], 
        [Extent1].[JobType] AS [JobType], 
        [Extent1].[JobArgs] AS [JobArgs], 
        [Extent1].[TryCount] AS [TryCount], 
        [Extent1].[NextTryTime] AS [NextTryTime], 
        [Extent1].[LastTryTime] AS [LastTryTime], 
        [Extent1].[IsAbandoned] AS [IsAbandoned], 
        [Extent1].[Priority] AS [Priority], 
        [Extent1].[CreationTime] AS [CreationTime], 
        [Extent1].[CreatorUserId] AS [CreatorUserId]
        FROM [dbo].[AbpBackgroundJobs] AS [Extent1]
        WHERE ([Extent1].[IsAbandoned] <> 1) AND ([Extent1].[NextTryTime] <= @p__linq__0)
    )  AS [Project1]
    ORDER BY [Project1].[Priority] DESC, [Project1].[TryCount] ASC, [Project1].[NextTryTime] ASC


-- p__linq__0: '2023-10-22 22:27:11' (Type = DateTime2, IsNullable = false)

-- 正在 2023-10-22 22:27:11 +08:00
 执行
-- 已在 14 毫秒内完成，结果为: SqlDataReader



已于 2023-10-22 22:27:11 +08:00
 关闭了连接
已于 2023-10-22 22:27:17 +08:00
 打开了连接
SELECT TOP (1000) 
    [Project1].[Id] AS [Id], 
    [Project1].[JobType] AS [JobType], 
    [Project1].[JobArgs] AS [JobArgs], 
    [Project1].[TryCount] AS [TryCount], 
    [Project1].[NextTryTime] AS [NextTryTime], 
    [Project1].[LastTryTime] AS [LastTryTime], 
    [Project1].[IsAbandoned] AS [IsAbandoned], 
    [Project1].[Priority] AS [Priority], 
    [Project1].[CreationTime] AS [CreationTime], 
    [Project1].[CreatorUserId] AS [CreatorUserId]
    FROM ( SELECT 
        [Extent1].[Id] AS [Id], 
        [Extent1].[JobType] AS [JobType], 
        [Extent1].[JobArgs] AS [JobArgs], 
        [Extent1].[TryCount] AS [TryCount], 
        [Extent1].[NextTryTime] AS [NextTryTime], 
        [Extent1].[LastTryTime] AS [LastTryTime], 
        [Extent1].[IsAbandoned] AS [IsAbandoned], 
        [Extent1].[Priority] AS [Priority], 
        [Extent1].[CreationTime] AS [CreationTime], 
        [Extent1].[CreatorUserId] AS [CreatorUserId]
        FROM [dbo].[AbpBackgroundJobs] AS [Extent1]
        WHERE ([Extent1].[IsAbandoned] <> 1) AND ([Extent1].[NextTryTime] <= @p__linq__0)
    )  AS [Project1]
    ORDER BY [Project1].[Priority] DESC, [Project1].[TryCount] ASC, [Project1].[NextTryTime] ASC


-- p__linq__0: '2023-10-22 22:27:17' (Type = DateTime2, IsNullable = false)

-- 正在 2023-10-22 22:27:17 +08:00
 执行
-- 已在 14 毫秒内完成，结果为: SqlDataReader



已于 2023-10-22 22:27:17 +08:00
 关闭了连接
已于 2023-10-22 22:27:22 +08:00
 打开了连接
SELECT TOP (1000) 
    [Project1].[Id] AS [Id], 
    [Project1].[JobType] AS [JobType], 
    [Project1].[JobArgs] AS [JobArgs], 
    [Project1].[TryCount] AS [TryCount], 
    [Project1].[NextTryTime] AS [NextTryTime], 
    [Project1].[LastTryTime] AS [LastTryTime], 
    [Project1].[IsAbandoned] AS [IsAbandoned], 
    [Project1].[Priority] AS [Priority], 
    [Project1].[CreationTime] AS [CreationTime], 
    [Project1].[CreatorUserId] AS [CreatorUserId]
    FROM ( SELECT 
        [Extent1].[Id] AS [Id], 
        [Extent1].[JobType] AS [JobType], 
        [Extent1].[JobArgs] AS [JobArgs], 
        [Extent1].[TryCount] AS [TryCount], 
        [Extent1].[NextTryTime] AS [NextTryTime], 
        [Extent1].[LastTryTime] AS [LastTryTime], 
        [Extent1].[IsAbandoned] AS [IsAbandoned], 
        [Extent1].[Priority] AS [Priority], 
        [Extent1].[CreationTime] AS [CreationTime], 
        [Extent1].[CreatorUserId] AS [CreatorUserId]
        FROM [dbo].[AbpBackgroundJobs] AS [Extent1]
        WHERE ([Extent1].[IsAbandoned] <> 1) AND ([Extent1].[NextTryTime] <= @p__linq__0)
    )  AS [Project1]
    ORDER BY [Project1].[Priority] DESC, [Project1].[TryCount] ASC, [Project1].[NextTryTime] ASC


-- p__linq__0: '2023-10-22 22:27:22' (Type = DateTime2, IsNullable = false)

-- 正在 2023-10-22 22:27:22 +08:00
 执行
-- 已在 8 毫秒内完成，结果为: SqlDataReader



已于 2023-10-22 22:27:22 +08:00
 关闭了连接
已于 2023-10-22 22:27:27 +08:00
 打开了连接
SELECT TOP (1000) 
    [Project1].[Id] AS [Id], 
    [Project1].[JobType] AS [JobType], 
    [Project1].[JobArgs] AS [JobArgs], 
    [Project1].[TryCount] AS [TryCount], 
    [Project1].[NextTryTime] AS [NextTryTime], 
    [Project1].[LastTryTime] AS [LastTryTime], 
    [Project1].[IsAbandoned] AS [IsAbandoned], 
    [Project1].[Priority] AS [Priority], 
    [Project1].[CreationTime] AS [CreationTime], 
    [Project1].[CreatorUserId] AS [CreatorUserId]
    FROM ( SELECT 
        [Extent1].[Id] AS [Id], 
        [Extent1].[JobType] AS [JobType], 
        [Extent1].[JobArgs] AS [JobArgs], 
        [Extent1].[TryCount] AS [TryCount], 
        [Extent1].[NextTryTime] AS [NextTryTime], 
        [Extent1].[LastTryTime] AS [LastTryTime], 
        [Extent1].[IsAbandoned] AS [IsAbandoned], 
        [Extent1].[Priority] AS [Priority], 
        [Extent1].[CreationTime] AS [CreationTime], 
        [Extent1].[CreatorUserId] AS [CreatorUserId]
        FROM [dbo].[AbpBackgroundJobs] AS [Extent1]
        WHERE ([Extent1].[IsAbandoned] <> 1) AND ([Extent1].[NextTryTime] <= @p__linq__0)
    )  AS [Project1]
    ORDER BY [Project1].[Priority] DESC, [Project1].[TryCount] ASC, [Project1].[NextTryTime] ASC


-- p__linq__0: '2023-10-22 22:27:27' (Type = DateTime2, IsNullable = false)

-- 正在 2023-10-22 22:27:27 +08:00
 执行
-- 已在 10 毫秒内完成，结果为: SqlDataReader



已于 2023-10-22 22:27:27 +08:00
 关闭了连接
已于 2023-10-22 22:27:32 +08:00
 打开了连接
SELECT TOP (1000) 
    [Project1].[Id] AS [Id], 
    [Project1].[JobType] AS [JobType], 
    [Project1].[JobArgs] AS [JobArgs], 
    [Project1].[TryCount] AS [TryCount], 
    [Project1].[NextTryTime] AS [NextTryTime], 
    [Project1].[LastTryTime] AS [LastTryTime], 
    [Project1].[IsAbandoned] AS [IsAbandoned], 
    [Project1].[Priority] AS [Priority], 
    [Project1].[CreationTime] AS [CreationTime], 
    [Project1].[CreatorUserId] AS [CreatorUserId]
    FROM ( SELECT 
        [Extent1].[Id] AS [Id], 
        [Extent1].[JobType] AS [JobType], 
        [Extent1].[JobArgs] AS [JobArgs], 
        [Extent1].[TryCount] AS [TryCount], 
        [Extent1].[NextTryTime] AS [NextTryTime], 
        [Extent1].[LastTryTime] AS [LastTryTime], 
        [Extent1].[IsAbandoned] AS [IsAbandoned], 
        [Extent1].[Priority] AS [Priority], 
        [Extent1].[CreationTime] AS [CreationTime], 
        [Extent1].[CreatorUserId] AS [CreatorUserId]
        FROM [dbo].[AbpBackgroundJobs] AS [Extent1]
        WHERE ([Extent1].[IsAbandoned] <> 1) AND ([Extent1].[NextTryTime] <= @p__linq__0)
    )  AS [Project1]
    ORDER BY [Project1].[Priority] DESC, [Project1].[TryCount] ASC, [Project1].[NextTryTime] ASC


-- p__linq__0: '2023-10-22 22:27:32' (Type = DateTime2, IsNullable = false)

-- 正在 2023-10-22 22:27:32 +08:00
 执行
-- 已在 13 毫秒内完成，结果为: SqlDataReader



已于 2023-10-22 22:27:32 +08:00
 关闭了连接
已于 2023-10-22 22:27:37 +08:00
 打开了连接
SELECT TOP (1000) 
    [Project1].[Id] AS [Id], 
    [Project1].[JobType] AS [JobType], 
    [Project1].[JobArgs] AS [JobArgs], 
    [Project1].[TryCount] AS [TryCount], 
    [Project1].[NextTryTime] AS [NextTryTime], 
    [Project1].[LastTryTime] AS [LastTryTime], 
    [Project1].[IsAbandoned] AS [IsAbandoned], 
    [Project1].[Priority] AS [Priority], 
    [Project1].[CreationTime] AS [CreationTime], 
    [Project1].[CreatorUserId] AS [CreatorUserId]
    FROM ( SELECT 
        [Extent1].[Id] AS [Id], 
        [Extent1].[JobType] AS [JobType], 
        [Extent1].[JobArgs] AS [JobArgs], 
        [Extent1].[TryCount] AS [TryCount], 
        [Extent1].[NextTryTime] AS [NextTryTime], 
        [Extent1].[LastTryTime] AS [LastTryTime], 
        [Extent1].[IsAbandoned] AS [IsAbandoned], 
        [Extent1].[Priority] AS [Priority], 
        [Extent1].[CreationTime] AS [CreationTime], 
        [Extent1].[CreatorUserId] AS [CreatorUserId]
        FROM [dbo].[AbpBackgroundJobs] AS [Extent1]
        WHERE ([Extent1].[IsAbandoned] <> 1) AND ([Extent1].[NextTryTime] <= @p__linq__0)
    )  AS [Project1]
    ORDER BY [Project1].[Priority] DESC, [Project1].[TryCount] ASC, [Project1].[NextTryTime] ASC


-- p__linq__0: '2023-10-22 22:27:37' (Type = DateTime2, IsNullable = false)

-- 正在 2023-10-22 22:27:37 +08:00
 执行
-- 已在 13 毫秒内完成，结果为: SqlDataReader



已于 2023-10-22 22:27:37 +08:00
 关闭了连接
已于 2023-10-22 22:27:42 +08:00
 打开了连接
SELECT TOP (1000) 
    [Project1].[Id] AS [Id], 
    [Project1].[JobType] AS [JobType], 
    [Project1].[JobArgs] AS [JobArgs], 
    [Project1].[TryCount] AS [TryCount], 
    [Project1].[NextTryTime] AS [NextTryTime], 
    [Project1].[LastTryTime] AS [LastTryTime], 
    [Project1].[IsAbandoned] AS [IsAbandoned], 
    [Project1].[Priority] AS [Priority], 
    [Project1].[CreationTime] AS [CreationTime], 
    [Project1].[CreatorUserId] AS [CreatorUserId]
    FROM ( SELECT 
        [Extent1].[Id] AS [Id], 
        [Extent1].[JobType] AS [JobType], 
        [Extent1].[JobArgs] AS [JobArgs], 
        [Extent1].[TryCount] AS [TryCount], 
        [Extent1].[NextTryTime] AS [NextTryTime], 
        [Extent1].[LastTryTime] AS [LastTryTime], 
        [Extent1].[IsAbandoned] AS [IsAbandoned], 
        [Extent1].[Priority] AS [Priority], 
        [Extent1].[CreationTime] AS [CreationTime], 
        [Extent1].[CreatorUserId] AS [CreatorUserId]
        FROM [dbo].[AbpBackgroundJobs] AS [Extent1]
        WHERE ([Extent1].[IsAbandoned] <> 1) AND ([Extent1].[NextTryTime] <= @p__linq__0)
    )  AS [Project1]
    ORDER BY [Project1].[Priority] DESC, [Project1].[TryCount] ASC, [Project1].[NextTryTime] ASC


-- p__linq__0: '2023-10-22 22:27:42' (Type = DateTime2, IsNullable = false)

-- 正在 2023-10-22 22:27:42 +08:00
 执行
-- 已在 14 毫秒内完成，结果为: SqlDataReader



已于 2023-10-22 22:27:42 +08:00
 关闭了连接
已于 2023-10-22 22:27:47 +08:00
 打开了连接
SELECT TOP (1000) 
    [Project1].[Id] AS [Id], 
    [Project1].[JobType] AS [JobType], 
    [Project1].[JobArgs] AS [JobArgs], 
    [Project1].[TryCount] AS [TryCount], 
    [Project1].[NextTryTime] AS [NextTryTime], 
    [Project1].[LastTryTime] AS [LastTryTime], 
    [Project1].[IsAbandoned] AS [IsAbandoned], 
    [Project1].[Priority] AS [Priority], 
    [Project1].[CreationTime] AS [CreationTime], 
    [Project1].[CreatorUserId] AS [CreatorUserId]
    FROM ( SELECT 
        [Extent1].[Id] AS [Id], 
        [Extent1].[JobType] AS [JobType], 
        [Extent1].[JobArgs] AS [JobArgs], 
        [Extent1].[TryCount] AS [TryCount], 
        [Extent1].[NextTryTime] AS [NextTryTime], 
        [Extent1].[LastTryTime] AS [LastTryTime], 
        [Extent1].[IsAbandoned] AS [IsAbandoned], 
        [Extent1].[Priority] AS [Priority], 
        [Extent1].[CreationTime] AS [CreationTime], 
        [Extent1].[CreatorUserId] AS [CreatorUserId]
        FROM [dbo].[AbpBackgroundJobs] AS [Extent1]
        WHERE ([Extent1].[IsAbandoned] <> 1) AND ([Extent1].[NextTryTime] <= @p__linq__0)
    )  AS [Project1]
    ORDER BY [Project1].[Priority] DESC, [Project1].[TryCount] ASC, [Project1].[NextTryTime] ASC


-- p__linq__0: '2023-10-22 22:27:47' (Type = DateTime2, IsNullable = false)

-- 正在 2023-10-22 22:27:47 +08:00
 执行
-- 已在 9 毫秒内完成，结果为: SqlDataReader



已于 2023-10-22 22:27:47 +08:00
 关闭了连接
已于 2023-10-22 22:27:53 +08:00
 打开了连接
SELECT TOP (1000) 
    [Project1].[Id] AS [Id], 
    [Project1].[JobType] AS [JobType], 
    [Project1].[JobArgs] AS [JobArgs], 
    [Project1].[TryCount] AS [TryCount], 
    [Project1].[NextTryTime] AS [NextTryTime], 
    [Project1].[LastTryTime] AS [LastTryTime], 
    [Project1].[IsAbandoned] AS [IsAbandoned], 
    [Project1].[Priority] AS [Priority], 
    [Project1].[CreationTime] AS [CreationTime], 
    [Project1].[CreatorUserId] AS [CreatorUserId]
    FROM ( SELECT 
        [Extent1].[Id] AS [Id], 
        [Extent1].[JobType] AS [JobType], 
        [Extent1].[JobArgs] AS [JobArgs], 
        [Extent1].[TryCount] AS [TryCount], 
        [Extent1].[NextTryTime] AS [NextTryTime], 
        [Extent1].[LastTryTime] AS [LastTryTime], 
        [Extent1].[IsAbandoned] AS [IsAbandoned], 
        [Extent1].[Priority] AS [Priority], 
        [Extent1].[CreationTime] AS [CreationTime], 
        [Extent1].[CreatorUserId] AS [CreatorUserId]
        FROM [dbo].[AbpBackgroundJobs] AS [Extent1]
        WHERE ([Extent1].[IsAbandoned] <> 1) AND ([Extent1].[NextTryTime] <= @p__linq__0)
    )  AS [Project1]
    ORDER BY [Project1].[Priority] DESC, [Project1].[TryCount] ASC, [Project1].[NextTryTime] ASC


-- p__linq__0: '2023-10-22 22:27:53' (Type = DateTime2, IsNullable = false)

-- 正在 2023-10-22 22:27:53 +08:00
 执行
-- 已在 19 毫秒内完成，结果为: SqlDataReader



已于 2023-10-22 22:27:53 +08:00
 关闭了连接
已于 2023-10-22 22:27:58 +08:00
 打开了连接
SELECT TOP (1000) 
    [Project1].[Id] AS [Id], 
    [Project1].[JobType] AS [JobType], 
    [Project1].[JobArgs] AS [JobArgs], 
    [Project1].[TryCount] AS [TryCount], 
    [Project1].[NextTryTime] AS [NextTryTime], 
    [Project1].[LastTryTime] AS [LastTryTime], 
    [Project1].[IsAbandoned] AS [IsAbandoned], 
    [Project1].[Priority] AS [Priority], 
    [Project1].[CreationTime] AS [CreationTime], 
    [Project1].[CreatorUserId] AS [CreatorUserId]
    FROM ( SELECT 
        [Extent1].[Id] AS [Id], 
        [Extent1].[JobType] AS [JobType], 
        [Extent1].[JobArgs] AS [JobArgs], 
        [Extent1].[TryCount] AS [TryCount], 
        [Extent1].[NextTryTime] AS [NextTryTime], 
        [Extent1].[LastTryTime] AS [LastTryTime], 
        [Extent1].[IsAbandoned] AS [IsAbandoned], 
        [Extent1].[Priority] AS [Priority], 
        [Extent1].[CreationTime] AS [CreationTime], 
        [Extent1].[CreatorUserId] AS [CreatorUserId]
        FROM [dbo].[AbpBackgroundJobs] AS [Extent1]
        WHERE ([Extent1].[IsAbandoned] <> 1) AND ([Extent1].[NextTryTime] <= @p__linq__0)
    )  AS [Project1]
    ORDER BY [Project1].[Priority] DESC, [Project1].[TryCount] ASC, [Project1].[NextTryTime] ASC


-- p__linq__0: '2023-10-22 22:27:58' (Type = DateTime2, IsNullable = false)

-- 正在 2023-10-22 22:27:58 +08:00
 执行
-- 已在 17 毫秒内完成，结果为: SqlDataReader



已于 2023-10-22 22:27:58 +08:00
 关闭了连接
