已于 2023-10-23 14:27:00 +08:00
 打开了连接
SELECT TOP (1000) 
    [Project1].[Id] AS [Id], 
    [Project1].[JobType] AS [JobType], 
    [Project1].[JobArgs] AS [JobArgs], 
    [Project1].[TryCount] AS [TryCount], 
    [Project1].[NextTryTime] AS [NextTryTime], 
    [Project1].[LastTryTime] AS [LastTryTime], 
    [Project1].[IsAbandoned] AS [IsAbandoned], 
    [Project1].[Priority] AS [Priority], 
    [Project1].[CreationTime] AS [CreationTime], 
    [Project1].[CreatorUserId] AS [CreatorUserId]
    FROM ( SELECT 
        [Extent1].[Id] AS [Id], 
        [Extent1].[JobType] AS [JobType], 
        [Extent1].[JobArgs] AS [JobArgs], 
        [Extent1].[TryCount] AS [TryCount], 
        [Extent1].[NextTryTime] AS [NextTryTime], 
        [Extent1].[LastTryTime] AS [LastTryTime], 
        [Extent1].[IsAbandoned] AS [IsAbandoned], 
        [Extent1].[Priority] AS [Priority], 
        [Extent1].[CreationTime] AS [CreationTime], 
        [Extent1].[CreatorUserId] AS [CreatorUserId]
        FROM [dbo].[AbpBackgroundJobs] AS [Extent1]
        WHERE ([Extent1].[IsAbandoned] <> 1) AND ([Extent1].[NextTryTime] <= @p__linq__0)
    )  AS [Project1]
    ORDER BY [Project1].[Priority] DESC, [Project1].[TryCount] ASC, [Project1].[NextTryTime] ASC


-- p__linq__0: '2023-10-23 14:27:00' (Type = DateTime2, IsNullable = false)

-- 正在 2023-10-23 14:27:00 +08:00
 执行
-- 已在 14 毫秒内完成，结果为: SqlDataReader



已于 2023-10-23 14:27:00 +08:00
 关闭了连接
已于 2023-10-23 14:27:05 +08:00
 打开了连接
SELECT TOP (1000) 
    [Project1].[Id] AS [Id], 
    [Project1].[JobType] AS [JobType], 
    [Project1].[JobArgs] AS [JobArgs], 
    [Project1].[TryCount] AS [TryCount], 
    [Project1].[NextTryTime] AS [NextTryTime], 
    [Project1].[LastTryTime] AS [LastTryTime], 
    [Project1].[IsAbandoned] AS [IsAbandoned], 
    [Project1].[Priority] AS [Priority], 
    [Project1].[CreationTime] AS [CreationTime], 
    [Project1].[CreatorUserId] AS [CreatorUserId]
    FROM ( SELECT 
        [Extent1].[Id] AS [Id], 
        [Extent1].[JobType] AS [JobType], 
        [Extent1].[JobArgs] AS [JobArgs], 
        [Extent1].[TryCount] AS [TryCount], 
        [Extent1].[NextTryTime] AS [NextTryTime], 
        [Extent1].[LastTryTime] AS [LastTryTime], 
        [Extent1].[IsAbandoned] AS [IsAbandoned], 
        [Extent1].[Priority] AS [Priority], 
        [Extent1].[CreationTime] AS [CreationTime], 
        [Extent1].[CreatorUserId] AS [CreatorUserId]
        FROM [dbo].[AbpBackgroundJobs] AS [Extent1]
        WHERE ([Extent1].[IsAbandoned] <> 1) AND ([Extent1].[NextTryTime] <= @p__linq__0)
    )  AS [Project1]
    ORDER BY [Project1].[Priority] DESC, [Project1].[TryCount] ASC, [Project1].[NextTryTime] ASC


-- p__linq__0: '2023-10-23 14:27:05' (Type = DateTime2, IsNullable = false)

-- 正在 2023-10-23 14:27:05 +08:00
 执行
-- 已在 16 毫秒内完成，结果为: SqlDataReader



已于 2023-10-23 14:27:05 +08:00
 关闭了连接
已于 2023-10-23 14:27:10 +08:00
 打开了连接
SELECT TOP (1000) 
    [Project1].[Id] AS [Id], 
    [Project1].[JobType] AS [JobType], 
    [Project1].[JobArgs] AS [JobArgs], 
    [Project1].[TryCount] AS [TryCount], 
    [Project1].[NextTryTime] AS [NextTryTime], 
    [Project1].[LastTryTime] AS [LastTryTime], 
    [Project1].[IsAbandoned] AS [IsAbandoned], 
    [Project1].[Priority] AS [Priority], 
    [Project1].[CreationTime] AS [CreationTime], 
    [Project1].[CreatorUserId] AS [CreatorUserId]
    FROM ( SELECT 
        [Extent1].[Id] AS [Id], 
        [Extent1].[JobType] AS [JobType], 
        [Extent1].[JobArgs] AS [JobArgs], 
        [Extent1].[TryCount] AS [TryCount], 
        [Extent1].[NextTryTime] AS [NextTryTime], 
        [Extent1].[LastTryTime] AS [LastTryTime], 
        [Extent1].[IsAbandoned] AS [IsAbandoned], 
        [Extent1].[Priority] AS [Priority], 
        [Extent1].[CreationTime] AS [CreationTime], 
        [Extent1].[CreatorUserId] AS [CreatorUserId]
        FROM [dbo].[AbpBackgroundJobs] AS [Extent1]
        WHERE ([Extent1].[IsAbandoned] <> 1) AND ([Extent1].[NextTryTime] <= @p__linq__0)
    )  AS [Project1]
    ORDER BY [Project1].[Priority] DESC, [Project1].[TryCount] ASC, [Project1].[NextTryTime] ASC


-- p__linq__0: '2023-10-23 14:27:10' (Type = DateTime2, IsNullable = false)

-- 正在 2023-10-23 14:27:10 +08:00
 执行
-- 已在 6 毫秒内完成，结果为: SqlDataReader



已于 2023-10-23 14:27:10 +08:00
 关闭了连接
已于 2023/10/23 14:27:13 +08:00
 打开了连接
SELECT 
    [Extent1].[Id] AS [Id], 
    [Extent1].[Coding] AS [Coding], 
    [Extent1].[ExternalCode] AS [ExternalCode], 
    [Extent1].[Name] AS [Name], 
    [Extent1].[Category] AS [Category], 
    [Extent1].[HelpChar] AS [HelpChar], 
    [Extent1].[OrderNumber] AS [OrderNumber], 
    [Extent1].[TenantId] AS [TenantId], 
    [Extent1].[IsDeleted] AS [IsDeleted], 
    [Extent1].[DeleterUserId] AS [DeleterUserId], 
    [Extent1].[DeletionTime] AS [DeletionTime], 
    [Extent1].[LastModificationTime] AS [LastModificationTime], 
    [Extent1].[LastModifierUserId] AS [LastModifierUserId], 
    [Extent1].[CreationTime] AS [CreationTime], 
    [Extent1].[CreatorUserId] AS [CreatorUserId]
    FROM [dbo].[TbmOneAddXQuestionnaires] AS [Extent1]
    WHERE (([Extent1].[TenantId] = @DynamicFilterParam_000005) ) AND (([Extent1].[IsDeleted] = @DynamicFilterParam_000003) )


-- DynamicFilterParam_000005: '2' (Type = Int32)

-- DynamicFilterParam_000006: 'null' (Type = Boolean)

-- DynamicFilterParam_000003: 'False' (Type = Boolean, IsNullable = false)

-- DynamicFilterParam_000004: 'null' (Type = Boolean)

-- 正在 2023/10/23 14:27:13 +08:00
 执行
-- 已在 17 毫秒内完成，结果为: SqlDataReader



已于 2023/10/23 14:27:13 +08:00
 关闭了连接
已于 2023/10/23 14:27:13 +08:00
 打开了连接
已于 2023/10/23 14:27:13 +08:00
 启动了事务
INSERT [dbo].[AbpAuditLogs]([TenantId], [UserId], [ServiceName], [MethodName], [Parameters], [ReturnValue], [ExecutionTime], [ExecutionDuration], [ClientIpAddress], [ClientName], [BrowserInfo], [ExceptionMessage], [Exception], [ImpersonatorUserId], [ImpersonatorTenantId], [CustomData])
VALUES (@0, @1, @2, @3, @4, NULL, @5, @6, @7, @8, @9, NULL, NULL, NULL, NULL, NULL)
SELECT [Id]
FROM [dbo].[AbpAuditLogs]
WHERE @@ROWCOUNT > 0 AND [Id] = scope_identity()


-- @0: '2' (Type = Int32)

-- @1: '3' (Type = Int64)

-- @2: 'Sw.Hospital.HealthExaminationSystem.Application.CusReg.CustomerAppService' (Type = String, Size = 256)

-- @3: 'getOneAddXQuestionnaires' (Type = String, Size = 256)

-- @4: '{}' (Type = String, Size = 1024)

-- @5: '2023/10/23 14:27:13' (Type = DateTime2)

-- @6: '66' (Type = Int32)

-- @7: '::1' (Type = String, Size = 64)

-- @8: 'LAPTOP-GECQGVPJ' (Type = String, Size = 128)

-- @9: 'Unknown / 0.0 / Unknown' (Type = String, Size = 512)

-- 正在 2023/10/23 14:27:13 +08:00
 执行
-- 已在 17 毫秒内完成，结果为: SqlDataReader



已于 2023/10/23 14:27:13 +08:00
 提交了事务
已于 2023/10/23 14:27:13 +08:00
 关闭了连接
已于 2023/10/23 14:27:13 +08:00
 打开了连接
SELECT 
    [Extent1].[Id] AS [Id], 
    [Extent1].[Name] AS [Name], 
    [Extent1].[IsFree] AS [IsFree], 
    [Extent1].[TenantId] AS [TenantId], 
    [Extent1].[IsActive] AS [IsActive], 
    [Extent1].[IsDeleted] AS [IsDeleted], 
    [Extent1].[DeleterUserId] AS [DeleterUserId], 
    [Extent1].[DeletionTime] AS [DeletionTime], 
    [Extent1].[LastModificationTime] AS [LastModificationTime], 
    [Extent1].[LastModifierUserId] AS [LastModifierUserId], 
    [Extent1].[CreationTime] AS [CreationTime], 
    [Extent1].[CreatorUserId] AS [CreatorUserId]
    FROM [dbo].[PersonnelCategories] AS [Extent1]
    WHERE (([Extent1].[TenantId] = @DynamicFilterParam_000005) ) AND (([Extent1].[IsDeleted] = @DynamicFilterParam_000003) )


-- DynamicFilterParam_000005: '2' (Type = Int32)

-- DynamicFilterParam_000006: 'null' (Type = Boolean)

-- DynamicFilterParam_000003: 'False' (Type = Boolean, IsNullable = false)

-- DynamicFilterParam_000004: 'null' (Type = Boolean)

-- 正在 2023/10/23 14:27:13 +08:00
 执行
-- 已在 13 毫秒内完成，结果为: SqlDataReader



已于 2023/10/23 14:27:13 +08:00
 关闭了连接
已于 2023/10/23 14:27:13 +08:00
 打开了连接
已于 2023/10/23 14:27:13 +08:00
 启动了事务
INSERT [dbo].[AbpAuditLogs]([TenantId], [UserId], [ServiceName], [MethodName], [Parameters], [ReturnValue], [ExecutionTime], [ExecutionDuration], [ClientIpAddress], [ClientName], [BrowserInfo], [ExceptionMessage], [Exception], [ImpersonatorUserId], [ImpersonatorTenantId], [CustomData])
VALUES (@0, @1, @2, @3, @4, NULL, @5, @6, @7, @8, @9, NULL, NULL, NULL, NULL, NULL)
SELECT [Id]
FROM [dbo].[AbpAuditLogs]
WHERE @@ROWCOUNT > 0 AND [Id] = scope_identity()


-- @0: '2' (Type = Int32)

-- @1: '3' (Type = Int64)

-- @2: 'Sw.Hospital.HealthExaminationSystem.Application.PersonnelCategorys.PersonnelCategoryAppService' (Type = String, Size = 256)

-- @3: 'QueryCategoryList' (Type = String, Size = 256)

-- @4: '{"dto":{"isFree":false,"isActive":false,"id":"00000000-0000-0000-0000-000000000000"}}' (Type = String, Size = 1024)

-- @5: '2023/10/23 14:27:13' (Type = DateTime2)

-- @6: '59' (Type = Int32)

-- @7: '::1' (Type = String, Size = 64)

-- @8: 'LAPTOP-GECQGVPJ' (Type = String, Size = 128)

-- @9: 'Unknown / 0.0 / Unknown' (Type = String, Size = 512)

-- 正在 2023/10/23 14:27:13 +08:00
 执行
-- 已在 11 毫秒内完成，结果为: SqlDataReader



已于 2023/10/23 14:27:13 +08:00
 提交了事务
已于 2023/10/23 14:27:13 +08:00
 关闭了连接
已于 2023/10/23 14:27:14 +08:00
 打开了连接
SELECT 
    [Extent1].[Id] AS [Id], 
    [Extent1].[CustomerRegId] AS [CustomerRegId], 
    [Extent1].[ClientRegId] AS [ClientRegId], 
    [Extent1].[OneAddXQuestionnaireid] AS [OneAddXQuestionnaireid], 
    [Extent1].[OutQuestionID] AS [OutQuestionID], 
    [Extent1].[QuestionName] AS [QuestionName], 
    [Extent1].[QuestionType] AS [QuestionType], 
    [Extent1].[WJUploadState] AS [WJUploadState], 
    [Extent1].[TenantId] AS [TenantId], 
    [Extent1].[IsDeleted] AS [IsDeleted], 
    [Extent1].[DeleterUserId] AS [DeleterUserId], 
    [Extent1].[DeletionTime] AS [DeletionTime], 
    [Extent1].[LastModificationTime] AS [LastModificationTime], 
    [Extent1].[LastModifierUserId] AS [LastModifierUserId], 
    [Extent1].[CreationTime] AS [CreationTime], 
    [Extent1].[CreatorUserId] AS [CreatorUserId]
    FROM [dbo].[TjlCustomerQuestions] AS [Extent1]
    WHERE (([Extent1].[TenantId] = @DynamicFilterParam_000005) ) AND (([Extent1].[IsDeleted] = @DynamicFilterParam_000003) ) AND ([Extent1].[CustomerRegId] = @p__linq__0)


-- DynamicFilterParam_000005: '2' (Type = Int32)

-- DynamicFilterParam_000006: 'null' (Type = Boolean)

-- DynamicFilterParam_000003: 'False' (Type = Boolean, IsNullable = false)

-- DynamicFilterParam_000004: 'null' (Type = Boolean)

-- p__linq__0: 'b1240c7e-fa55-4f12-a0ad-568c06197cb1' (Type = Guid, IsNullable = false)

-- 正在 2023/10/23 14:27:14 +08:00
 执行
-- 已在 13 毫秒内完成，结果为: SqlDataReader



已于 2023/10/23 14:27:14 +08:00
 关闭了连接
已于 2023/10/23 14:27:14 +08:00
 打开了连接
已于 2023/10/23 14:27:14 +08:00
 启动了事务
INSERT [dbo].[AbpAuditLogs]([TenantId], [UserId], [ServiceName], [MethodName], [Parameters], [ReturnValue], [ExecutionTime], [ExecutionDuration], [ClientIpAddress], [ClientName], [BrowserInfo], [ExceptionMessage], [Exception], [ImpersonatorUserId], [ImpersonatorTenantId], [CustomData])
VALUES (@0, @1, @2, @3, @4, NULL, @5, @6, @7, @8, @9, NULL, NULL, NULL, NULL, NULL)
SELECT [Id]
FROM [dbo].[AbpAuditLogs]
WHERE @@ROWCOUNT > 0 AND [Id] = scope_identity()


-- @0: '2' (Type = Int32)

-- @1: '3' (Type = Int64)

-- @2: 'Sw.Hospital.HealthExaminationSystem.Application.CusReg.CustomerAppService' (Type = String, Size = 256)

-- @3: 'getCustomerQuestionDtos' (Type = String, Size = 256)

-- @4: '{"input":{"id":"b1240c7e-fa55-4f12-a0ad-568c06197cb1"}}' (Type = String, Size = 1024)

-- @5: '2023/10/23 14:27:14' (Type = DateTime2)

-- @6: '59' (Type = Int32)

-- @7: '::1' (Type = String, Size = 64)

-- @8: 'LAPTOP-GECQGVPJ' (Type = String, Size = 128)

-- @9: 'Unknown / 0.0 / Unknown' (Type = String, Size = 512)

-- 正在 2023/10/23 14:27:14 +08:00
 执行
-- 已在 15 毫秒内完成，结果为: SqlDataReader



已于 2023/10/23 14:27:14 +08:00
 提交了事务
已于 2023/10/23 14:27:14 +08:00
 关闭了连接
已于 2023/10/23 14:27:14 +08:00
 打开了连接
SELECT 
    1 AS [C1], 
    [Distinct1].[Id] AS [Id], 
    [Distinct1].[ItemSuitID] AS [ItemSuitID], 
    [Distinct1].[ItemSuitName] AS [ItemSuitName], 
    [Distinct1].[HelpChar] AS [HelpChar], 
    [Distinct1].[WBCode] AS [WBCode], 
    [Distinct1].[Sex] AS [Sex], 
    [Distinct1].[MinAge] AS [MinAge], 
    [Distinct1].[MaxAge] AS [MaxAge], 
    [Distinct1].[Price] AS [Price], 
    [Distinct1].[CostPrice] AS [CostPrice], 
    [Distinct1].[Available] AS [Available], 
    [Distinct1].[Notice] AS [Notice], 
    [Distinct1].[Remarks] AS [Remarks], 
    [Distinct1].[OrderNum] AS [OrderNum], 
    [Distinct1].[ExaminationType] AS [ExaminationType], 
    [Distinct1].[CjPrice] AS [CjPrice], 
    [Distinct1].[ItemSuitType] AS [ItemSuitType], 
    [Distinct1].[MaritalStatus] AS [MaritalStatus], 
    [Distinct1].[RiskName] AS [RiskName], 
    [Distinct1].[ConceiveStatus] AS [ConceiveStatus], 
    [Distinct1].[IsendDate] AS [IsendDate], 
    [Distinct1].[endDate] AS [endDate], 
    [Distinct1].[TenantId] AS [TenantId], 
    [Distinct1].[GWBM] AS [GWBM], 
    [Distinct1].[WJUploadState] AS [WJUploadState], 
    [Distinct1].[IsDeleted] AS [IsDeleted], 
    [Distinct1].[DeleterUserId] AS [DeleterUserId], 
    [Distinct1].[DeletionTime] AS [DeletionTime], 
    [Distinct1].[LastModificationTime] AS [LastModificationTime], 
    [Distinct1].[LastModifierUserId] AS [LastModifierUserId], 
    [Distinct1].[CreationTime] AS [CreationTime], 
    [Distinct1].[CreatorUserId] AS [CreatorUserId], 
    [Distinct1].[OPostState_Id] AS [OPostState_Id]
    FROM ( SELECT DISTINCT 
        [Extent2].[Id] AS [Id], 
        [Extent2].[ItemSuitID] AS [ItemSuitID], 
        [Extent2].[ItemSuitName] AS [ItemSuitName], 
        [Extent2].[HelpChar] AS [HelpChar], 
        [Extent2].[WBCode] AS [WBCode], 
        [Extent2].[Sex] AS [Sex], 
        [Extent2].[MinAge] AS [MinAge], 
        [Extent2].[MaxAge] AS [MaxAge], 
        [Extent2].[Price] AS [Price], 
        [Extent2].[CostPrice] AS [CostPrice], 
        [Extent2].[Available] AS [Available], 
        [Extent2].[Notice] AS [Notice], 
        [Extent2].[Remarks] AS [Remarks], 
        [Extent2].[OrderNum] AS [OrderNum], 
        [Extent2].[ExaminationType] AS [ExaminationType], 
        [Extent2].[CjPrice] AS [CjPrice], 
        [Extent2].[ItemSuitType] AS [ItemSuitType], 
        [Extent2].[MaritalStatus] AS [MaritalStatus], 
        [Extent2].[RiskName] AS [RiskName], 
        [Extent2].[ConceiveStatus] AS [ConceiveStatus], 
        [Extent2].[IsendDate] AS [IsendDate], 
        [Extent2].[endDate] AS [endDate], 
        [Extent2].[TenantId] AS [TenantId], 
        [Extent2].[GWBM] AS [GWBM], 
        [Extent2].[WJUploadState] AS [WJUploadState], 
        [Extent2].[IsDeleted] AS [IsDeleted], 
        [Extent2].[DeleterUserId] AS [DeleterUserId], 
        [Extent2].[DeletionTime] AS [DeletionTime], 
        [Extent2].[LastModificationTime] AS [LastModificationTime], 
        [Extent2].[LastModifierUserId] AS [LastModifierUserId], 
        [Extent2].[CreationTime] AS [CreationTime], 
        [Extent2].[CreatorUserId] AS [CreatorUserId], 
        [Extent2].[OPostState_Id] AS [OPostState_Id]
        FROM  [dbo].[TjlCustomerAddPackages] AS [Extent1]
        LEFT OUTER JOIN [dbo].[TbmItemSuits] AS [Extent2] ON (([Extent2].[TenantId] = @DynamicFilterParam_000005) ) AND (([Extent2].[IsDeleted] = @DynamicFilterParam_000003) ) AND ([Extent1].[ItemSuitID] = [Extent2].[Id])
        WHERE (([Extent1].[TenantId] = @DynamicFilterParam_000005) ) AND (([Extent1].[IsDeleted] = @DynamicFilterParam_000003) ) AND ([Extent1].[CustomerRegId] = @p__linq__0)
    )  AS [Distinct1]


-- DynamicFilterParam_000005: '2' (Type = Int32)

-- DynamicFilterParam_000006: 'null' (Type = Boolean)

-- DynamicFilterParam_000003: 'False' (Type = Boolean, IsNullable = false)

-- DynamicFilterParam_000004: 'null' (Type = Boolean)

-- p__linq__0: 'b1240c7e-fa55-4f12-a0ad-568c06197cb1' (Type = Guid, IsNullable = false)

-- 正在 2023/10/23 14:27:14 +08:00
 执行
-- 已在 13 毫秒内完成，结果为: SqlDataReader



已于 2023/10/23 14:27:14 +08:00
 关闭了连接
已于 2023/10/23 14:27:14 +08:00
 打开了连接
已于 2023/10/23 14:27:14 +08:00
 启动了事务
INSERT [dbo].[AbpAuditLogs]([TenantId], [UserId], [ServiceName], [MethodName], [Parameters], [ReturnValue], [ExecutionTime], [ExecutionDuration], [ClientIpAddress], [ClientName], [BrowserInfo], [ExceptionMessage], [Exception], [ImpersonatorUserId], [ImpersonatorTenantId], [CustomData])
VALUES (@0, @1, @2, @3, @4, NULL, @5, @6, @7, @8, @9, NULL, NULL, NULL, NULL, NULL)
SELECT [Id]
FROM [dbo].[AbpAuditLogs]
WHERE @@ROWCOUNT > 0 AND [Id] = scope_identity()


-- @0: '2' (Type = Int32)

-- @1: '3' (Type = Int64)

-- @2: 'Sw.Hospital.HealthExaminationSystem.Application.CusReg.CustomerAppService' (Type = String, Size = 256)

-- @3: 'getSearchItemSuitDto' (Type = String, Size = 256)

-- @4: '{"input":{"id":"b1240c7e-fa55-4f12-a0ad-568c06197cb1"}}' (Type = String, Size = 1024)

-- @5: '2023/10/23 14:27:14' (Type = DateTime2)

-- @6: '59' (Type = Int32)

-- @7: '::1' (Type = String, Size = 64)

-- @8: 'LAPTOP-GECQGVPJ' (Type = String, Size = 128)

-- @9: 'Unknown / 0.0 / Unknown' (Type = String, Size = 512)

-- 正在 2023/10/23 14:27:14 +08:00
 执行
-- 已在 12 毫秒内完成，结果为: SqlDataReader



已于 2023/10/23 14:27:14 +08:00
 提交了事务
已于 2023/10/23 14:27:14 +08:00
 关闭了连接
已于 2023/10/23 14:27:14 +08:00
 打开了连接
SELECT 
    [Extent1].[Id] AS [Id], 
    [Extent1].[CustomerRegId] AS [CustomerRegId], 
    [Extent1].[ClientRegId] AS [ClientRegId], 
    [Extent1].[ItemSuitID] AS [ItemSuitID], 
    [Extent1].[TjlCusAddpackagesID] AS [TjlCusAddpackagesID], 
    [Extent1].[ItemGroupID] AS [ItemGroupID], 
    [Extent1].[ItemGroupName] AS [ItemGroupName], 
    [Extent1].[Suitgrouprate] AS [Suitgrouprate], 
    [Extent1].[ItemPrice] AS [ItemPrice], 
    [Extent1].[PriceAfterDis] AS [PriceAfterDis], 
    [Extent1].[CheckState] AS [CheckState], 
    [Extent1].[WJUploadState] AS [WJUploadState], 
    [Extent1].[TenantId] AS [TenantId], 
    [Extent1].[LastModificationTime] AS [LastModificationTime], 
    [Extent1].[LastModifierUserId] AS [LastModifierUserId], 
    [Extent1].[CreationTime] AS [CreationTime], 
    [Extent1].[CreatorUserId] AS [CreatorUserId]
    FROM [dbo].[TjlCustomerAddPackageItems] AS [Extent1]
    WHERE (([Extent1].[TenantId] = @DynamicFilterParam_000005) ) AND ([Extent1].[CustomerRegId] = @p__linq__0)


-- DynamicFilterParam_000005: '2' (Type = Int32)

-- DynamicFilterParam_000006: 'null' (Type = Boolean)

-- p__linq__0: 'b1240c7e-fa55-4f12-a0ad-568c06197cb1' (Type = Guid, IsNullable = false)

-- 正在 2023/10/23 14:27:14 +08:00
 执行
-- 已在 15 毫秒内完成，结果为: SqlDataReader



已于 2023/10/23 14:27:14 +08:00
 关闭了连接
已于 2023/10/23 14:27:14 +08:00
 打开了连接
已于 2023/10/23 14:27:14 +08:00
 启动了事务
INSERT [dbo].[AbpAuditLogs]([TenantId], [UserId], [ServiceName], [MethodName], [Parameters], [ReturnValue], [ExecutionTime], [ExecutionDuration], [ClientIpAddress], [ClientName], [BrowserInfo], [ExceptionMessage], [Exception], [ImpersonatorUserId], [ImpersonatorTenantId], [CustomData])
VALUES (@0, @1, @2, @3, @4, NULL, @5, @6, @7, @8, @9, NULL, NULL, NULL, NULL, NULL)
SELECT [Id]
FROM [dbo].[AbpAuditLogs]
WHERE @@ROWCOUNT > 0 AND [Id] = scope_identity()


-- @0: '2' (Type = Int32)

-- @1: '3' (Type = Int64)

-- @2: 'Sw.Hospital.HealthExaminationSystem.Application.CusReg.CustomerAppService' (Type = String, Size = 256)

-- @3: 'getCustomerAddPackageItem' (Type = String, Size = 256)

-- @4: '{"input":{"id":"b1240c7e-fa55-4f12-a0ad-568c06197cb1"}}' (Type = String, Size = 1024)

-- @5: '2023/10/23 14:27:14' (Type = DateTime2)

-- @6: '66' (Type = Int32)

-- @7: '::1' (Type = String, Size = 64)

-- @8: 'LAPTOP-GECQGVPJ' (Type = String, Size = 128)

-- @9: 'Unknown / 0.0 / Unknown' (Type = String, Size = 512)

-- 正在 2023/10/23 14:27:14 +08:00
 执行
-- 已在 11 毫秒内完成，结果为: SqlDataReader



已于 2023/10/23 14:27:14 +08:00
 提交了事务
已于 2023/10/23 14:27:14 +08:00
 关闭了连接
已于 2023-10-23 14:27:15 +08:00
 打开了连接
SELECT TOP (1000) 
    [Project1].[Id] AS [Id], 
    [Project1].[JobType] AS [JobType], 
    [Project1].[JobArgs] AS [JobArgs], 
    [Project1].[TryCount] AS [TryCount], 
    [Project1].[NextTryTime] AS [NextTryTime], 
    [Project1].[LastTryTime] AS [LastTryTime], 
    [Project1].[IsAbandoned] AS [IsAbandoned], 
    [Project1].[Priority] AS [Priority], 
    [Project1].[CreationTime] AS [CreationTime], 
    [Project1].[CreatorUserId] AS [CreatorUserId]
    FROM ( SELECT 
        [Extent1].[Id] AS [Id], 
        [Extent1].[JobType] AS [JobType], 
        [Extent1].[JobArgs] AS [JobArgs], 
        [Extent1].[TryCount] AS [TryCount], 
        [Extent1].[NextTryTime] AS [NextTryTime], 
        [Extent1].[LastTryTime] AS [LastTryTime], 
        [Extent1].[IsAbandoned] AS [IsAbandoned], 
        [Extent1].[Priority] AS [Priority], 
        [Extent1].[CreationTime] AS [CreationTime], 
        [Extent1].[CreatorUserId] AS [CreatorUserId]
        FROM [dbo].[AbpBackgroundJobs] AS [Extent1]
        WHERE ([Extent1].[IsAbandoned] <> 1) AND ([Extent1].[NextTryTime] <= @p__linq__0)
    )  AS [Project1]
    ORDER BY [Project1].[Priority] DESC, [Project1].[TryCount] ASC, [Project1].[NextTryTime] ASC


-- p__linq__0: '2023-10-23 14:27:15' (Type = DateTime2, IsNullable = false)

-- 正在 2023-10-23 14:27:15 +08:00
 执行
-- 已在 6 毫秒内完成，结果为: SqlDataReader



已于 2023-10-23 14:27:15 +08:00
 关闭了连接
已于 2023-10-23 14:27:20 +08:00
 打开了连接
SELECT TOP (1000) 
    [Project1].[Id] AS [Id], 
    [Project1].[JobType] AS [JobType], 
    [Project1].[JobArgs] AS [JobArgs], 
    [Project1].[TryCount] AS [TryCount], 
    [Project1].[NextTryTime] AS [NextTryTime], 
    [Project1].[LastTryTime] AS [LastTryTime], 
    [Project1].[IsAbandoned] AS [IsAbandoned], 
    [Project1].[Priority] AS [Priority], 
    [Project1].[CreationTime] AS [CreationTime], 
    [Project1].[CreatorUserId] AS [CreatorUserId]
    FROM ( SELECT 
        [Extent1].[Id] AS [Id], 
        [Extent1].[JobType] AS [JobType], 
        [Extent1].[JobArgs] AS [JobArgs], 
        [Extent1].[TryCount] AS [TryCount], 
        [Extent1].[NextTryTime] AS [NextTryTime], 
        [Extent1].[LastTryTime] AS [LastTryTime], 
        [Extent1].[IsAbandoned] AS [IsAbandoned], 
        [Extent1].[Priority] AS [Priority], 
        [Extent1].[CreationTime] AS [CreationTime], 
        [Extent1].[CreatorUserId] AS [CreatorUserId]
        FROM [dbo].[AbpBackgroundJobs] AS [Extent1]
        WHERE ([Extent1].[IsAbandoned] <> 1) AND ([Extent1].[NextTryTime] <= @p__linq__0)
    )  AS [Project1]
    ORDER BY [Project1].[Priority] DESC, [Project1].[TryCount] ASC, [Project1].[NextTryTime] ASC


-- p__linq__0: '2023-10-23 14:27:20' (Type = DateTime2, IsNullable = false)

-- 正在 2023-10-23 14:27:20 +08:00
 执行
-- 已在 6 毫秒内完成，结果为: SqlDataReader



已于 2023-10-23 14:27:20 +08:00
 关闭了连接
已于 2023-10-23 14:27:25 +08:00
 打开了连接
SELECT TOP (1000) 
    [Project1].[Id] AS [Id], 
    [Project1].[JobType] AS [JobType], 
    [Project1].[JobArgs] AS [JobArgs], 
    [Project1].[TryCount] AS [TryCount], 
    [Project1].[NextTryTime] AS [NextTryTime], 
    [Project1].[LastTryTime] AS [LastTryTime], 
    [Project1].[IsAbandoned] AS [IsAbandoned], 
    [Project1].[Priority] AS [Priority], 
    [Project1].[CreationTime] AS [CreationTime], 
    [Project1].[CreatorUserId] AS [CreatorUserId]
    FROM ( SELECT 
        [Extent1].[Id] AS [Id], 
        [Extent1].[JobType] AS [JobType], 
        [Extent1].[JobArgs] AS [JobArgs], 
        [Extent1].[TryCount] AS [TryCount], 
        [Extent1].[NextTryTime] AS [NextTryTime], 
        [Extent1].[LastTryTime] AS [LastTryTime], 
        [Extent1].[IsAbandoned] AS [IsAbandoned], 
        [Extent1].[Priority] AS [Priority], 
        [Extent1].[CreationTime] AS [CreationTime], 
        [Extent1].[CreatorUserId] AS [CreatorUserId]
        FROM [dbo].[AbpBackgroundJobs] AS [Extent1]
        WHERE ([Extent1].[IsAbandoned] <> 1) AND ([Extent1].[NextTryTime] <= @p__linq__0)
    )  AS [Project1]
    ORDER BY [Project1].[Priority] DESC, [Project1].[TryCount] ASC, [Project1].[NextTryTime] ASC


-- p__linq__0: '2023-10-23 14:27:25' (Type = DateTime2, IsNullable = false)

-- 正在 2023-10-23 14:27:25 +08:00
 执行
-- 已在 6 毫秒内完成，结果为: SqlDataReader



已于 2023-10-23 14:27:25 +08:00
 关闭了连接
已于 2023-10-23 14:27:30 +08:00
 打开了连接
SELECT TOP (1000) 
    [Project1].[Id] AS [Id], 
    [Project1].[JobType] AS [JobType], 
    [Project1].[JobArgs] AS [JobArgs], 
    [Project1].[TryCount] AS [TryCount], 
    [Project1].[NextTryTime] AS [NextTryTime], 
    [Project1].[LastTryTime] AS [LastTryTime], 
    [Project1].[IsAbandoned] AS [IsAbandoned], 
    [Project1].[Priority] AS [Priority], 
    [Project1].[CreationTime] AS [CreationTime], 
    [Project1].[CreatorUserId] AS [CreatorUserId]
    FROM ( SELECT 
        [Extent1].[Id] AS [Id], 
        [Extent1].[JobType] AS [JobType], 
        [Extent1].[JobArgs] AS [JobArgs], 
        [Extent1].[TryCount] AS [TryCount], 
        [Extent1].[NextTryTime] AS [NextTryTime], 
        [Extent1].[LastTryTime] AS [LastTryTime], 
        [Extent1].[IsAbandoned] AS [IsAbandoned], 
        [Extent1].[Priority] AS [Priority], 
        [Extent1].[CreationTime] AS [CreationTime], 
        [Extent1].[CreatorUserId] AS [CreatorUserId]
        FROM [dbo].[AbpBackgroundJobs] AS [Extent1]
        WHERE ([Extent1].[IsAbandoned] <> 1) AND ([Extent1].[NextTryTime] <= @p__linq__0)
    )  AS [Project1]
    ORDER BY [Project1].[Priority] DESC, [Project1].[TryCount] ASC, [Project1].[NextTryTime] ASC


-- p__linq__0: '2023-10-23 14:27:30' (Type = DateTime2, IsNullable = false)

-- 正在 2023-10-23 14:27:30 +08:00
 执行
-- 已在 6 毫秒内完成，结果为: SqlDataReader



已于 2023-10-23 14:27:30 +08:00
 关闭了连接
已于 2023-10-23 14:27:35 +08:00
 打开了连接
SELECT TOP (1000) 
    [Project1].[Id] AS [Id], 
    [Project1].[JobType] AS [JobType], 
    [Project1].[JobArgs] AS [JobArgs], 
    [Project1].[TryCount] AS [TryCount], 
    [Project1].[NextTryTime] AS [NextTryTime], 
    [Project1].[LastTryTime] AS [LastTryTime], 
    [Project1].[IsAbandoned] AS [IsAbandoned], 
    [Project1].[Priority] AS [Priority], 
    [Project1].[CreationTime] AS [CreationTime], 
    [Project1].[CreatorUserId] AS [CreatorUserId]
    FROM ( SELECT 
        [Extent1].[Id] AS [Id], 
        [Extent1].[JobType] AS [JobType], 
        [Extent1].[JobArgs] AS [JobArgs], 
        [Extent1].[TryCount] AS [TryCount], 
        [Extent1].[NextTryTime] AS [NextTryTime], 
        [Extent1].[LastTryTime] AS [LastTryTime], 
        [Extent1].[IsAbandoned] AS [IsAbandoned], 
        [Extent1].[Priority] AS [Priority], 
        [Extent1].[CreationTime] AS [CreationTime], 
        [Extent1].[CreatorUserId] AS [CreatorUserId]
        FROM [dbo].[AbpBackgroundJobs] AS [Extent1]
        WHERE ([Extent1].[IsAbandoned] <> 1) AND ([Extent1].[NextTryTime] <= @p__linq__0)
    )  AS [Project1]
    ORDER BY [Project1].[Priority] DESC, [Project1].[TryCount] ASC, [Project1].[NextTryTime] ASC


-- p__linq__0: '2023-10-23 14:27:35' (Type = DateTime2, IsNullable = false)

-- 正在 2023-10-23 14:27:35 +08:00
 执行
-- 已在 6 毫秒内完成，结果为: SqlDataReader



已于 2023-10-23 14:27:35 +08:00
 关闭了连接
已于 2023-10-23 14:27:40 +08:00
 打开了连接
SELECT TOP (1000) 
    [Project1].[Id] AS [Id], 
    [Project1].[JobType] AS [JobType], 
    [Project1].[JobArgs] AS [JobArgs], 
    [Project1].[TryCount] AS [TryCount], 
    [Project1].[NextTryTime] AS [NextTryTime], 
    [Project1].[LastTryTime] AS [LastTryTime], 
    [Project1].[IsAbandoned] AS [IsAbandoned], 
    [Project1].[Priority] AS [Priority], 
    [Project1].[CreationTime] AS [CreationTime], 
    [Project1].[CreatorUserId] AS [CreatorUserId]
    FROM ( SELECT 
        [Extent1].[Id] AS [Id], 
        [Extent1].[JobType] AS [JobType], 
        [Extent1].[JobArgs] AS [JobArgs], 
        [Extent1].[TryCount] AS [TryCount], 
        [Extent1].[NextTryTime] AS [NextTryTime], 
        [Extent1].[LastTryTime] AS [LastTryTime], 
        [Extent1].[IsAbandoned] AS [IsAbandoned], 
        [Extent1].[Priority] AS [Priority], 
        [Extent1].[CreationTime] AS [CreationTime], 
        [Extent1].[CreatorUserId] AS [CreatorUserId]
        FROM [dbo].[AbpBackgroundJobs] AS [Extent1]
        WHERE ([Extent1].[IsAbandoned] <> 1) AND ([Extent1].[NextTryTime] <= @p__linq__0)
    )  AS [Project1]
    ORDER BY [Project1].[Priority] DESC, [Project1].[TryCount] ASC, [Project1].[NextTryTime] ASC


-- p__linq__0: '2023-10-23 14:27:40' (Type = DateTime2, IsNullable = false)

-- 正在 2023-10-23 14:27:40 +08:00
 执行
-- 已在 6 毫秒内完成，结果为: SqlDataReader



已于 2023-10-23 14:27:40 +08:00
 关闭了连接
已于 2023-10-23 14:27:46 +08:00
 打开了连接
SELECT TOP (1000) 
    [Project1].[Id] AS [Id], 
    [Project1].[JobType] AS [JobType], 
    [Project1].[JobArgs] AS [JobArgs], 
    [Project1].[TryCount] AS [TryCount], 
    [Project1].[NextTryTime] AS [NextTryTime], 
    [Project1].[LastTryTime] AS [LastTryTime], 
    [Project1].[IsAbandoned] AS [IsAbandoned], 
    [Project1].[Priority] AS [Priority], 
    [Project1].[CreationTime] AS [CreationTime], 
    [Project1].[CreatorUserId] AS [CreatorUserId]
    FROM ( SELECT 
        [Extent1].[Id] AS [Id], 
        [Extent1].[JobType] AS [JobType], 
        [Extent1].[JobArgs] AS [JobArgs], 
        [Extent1].[TryCount] AS [TryCount], 
        [Extent1].[NextTryTime] AS [NextTryTime], 
        [Extent1].[LastTryTime] AS [LastTryTime], 
        [Extent1].[IsAbandoned] AS [IsAbandoned], 
        [Extent1].[Priority] AS [Priority], 
        [Extent1].[CreationTime] AS [CreationTime], 
        [Extent1].[CreatorUserId] AS [CreatorUserId]
        FROM [dbo].[AbpBackgroundJobs] AS [Extent1]
        WHERE ([Extent1].[IsAbandoned] <> 1) AND ([Extent1].[NextTryTime] <= @p__linq__0)
    )  AS [Project1]
    ORDER BY [Project1].[Priority] DESC, [Project1].[TryCount] ASC, [Project1].[NextTryTime] ASC


-- p__linq__0: '2023-10-23 14:27:46' (Type = DateTime2, IsNullable = false)

-- 正在 2023-10-23 14:27:46 +08:00
 执行
-- 已在 5 毫秒内完成，结果为: SqlDataReader



已于 2023-10-23 14:27:46 +08:00
 关闭了连接
已于 2023-10-23 14:27:51 +08:00
 打开了连接
SELECT TOP (1000) 
    [Project1].[Id] AS [Id], 
    [Project1].[JobType] AS [JobType], 
    [Project1].[JobArgs] AS [JobArgs], 
    [Project1].[TryCount] AS [TryCount], 
    [Project1].[NextTryTime] AS [NextTryTime], 
    [Project1].[LastTryTime] AS [LastTryTime], 
    [Project1].[IsAbandoned] AS [IsAbandoned], 
    [Project1].[Priority] AS [Priority], 
    [Project1].[CreationTime] AS [CreationTime], 
    [Project1].[CreatorUserId] AS [CreatorUserId]
    FROM ( SELECT 
        [Extent1].[Id] AS [Id], 
        [Extent1].[JobType] AS [JobType], 
        [Extent1].[JobArgs] AS [JobArgs], 
        [Extent1].[TryCount] AS [TryCount], 
        [Extent1].[NextTryTime] AS [NextTryTime], 
        [Extent1].[LastTryTime] AS [LastTryTime], 
        [Extent1].[IsAbandoned] AS [IsAbandoned], 
        [Extent1].[Priority] AS [Priority], 
        [Extent1].[CreationTime] AS [CreationTime], 
        [Extent1].[CreatorUserId] AS [CreatorUserId]
        FROM [dbo].[AbpBackgroundJobs] AS [Extent1]
        WHERE ([Extent1].[IsAbandoned] <> 1) AND ([Extent1].[NextTryTime] <= @p__linq__0)
    )  AS [Project1]
    ORDER BY [Project1].[Priority] DESC, [Project1].[TryCount] ASC, [Project1].[NextTryTime] ASC


-- p__linq__0: '2023-10-23 14:27:51' (Type = DateTime2, IsNullable = false)

-- 正在 2023-10-23 14:27:51 +08:00
 执行
-- 已在 6 毫秒内完成，结果为: SqlDataReader



已于 2023-10-23 14:27:51 +08:00
 关闭了连接
已于 2023-10-23 14:27:56 +08:00
 打开了连接
SELECT TOP (1000) 
    [Project1].[Id] AS [Id], 
    [Project1].[JobType] AS [JobType], 
    [Project1].[JobArgs] AS [JobArgs], 
    [Project1].[TryCount] AS [TryCount], 
    [Project1].[NextTryTime] AS [NextTryTime], 
    [Project1].[LastTryTime] AS [LastTryTime], 
    [Project1].[IsAbandoned] AS [IsAbandoned], 
    [Project1].[Priority] AS [Priority], 
    [Project1].[CreationTime] AS [CreationTime], 
    [Project1].[CreatorUserId] AS [CreatorUserId]
    FROM ( SELECT 
        [Extent1].[Id] AS [Id], 
        [Extent1].[JobType] AS [JobType], 
        [Extent1].[JobArgs] AS [JobArgs], 
        [Extent1].[TryCount] AS [TryCount], 
        [Extent1].[NextTryTime] AS [NextTryTime], 
        [Extent1].[LastTryTime] AS [LastTryTime], 
        [Extent1].[IsAbandoned] AS [IsAbandoned], 
        [Extent1].[Priority] AS [Priority], 
        [Extent1].[CreationTime] AS [CreationTime], 
        [Extent1].[CreatorUserId] AS [CreatorUserId]
        FROM [dbo].[AbpBackgroundJobs] AS [Extent1]
        WHERE ([Extent1].[IsAbandoned] <> 1) AND ([Extent1].[NextTryTime] <= @p__linq__0)
    )  AS [Project1]
    ORDER BY [Project1].[Priority] DESC, [Project1].[TryCount] ASC, [Project1].[NextTryTime] ASC


-- p__linq__0: '2023-10-23 14:27:56' (Type = DateTime2, IsNullable = false)

-- 正在 2023-10-23 14:27:56 +08:00
 执行
-- 已在 6 毫秒内完成，结果为: SqlDataReader



已于 2023-10-23 14:27:56 +08:00
 关闭了连接
已于 2023-10-23 15:27:04 +08:00
 打开了连接
SELECT TOP (1000) 
    [Project1].[Id] AS [Id], 
    [Project1].[JobType] AS [JobType], 
    [Project1].[JobArgs] AS [JobArgs], 
    [Project1].[TryCount] AS [TryCount], 
    [Project1].[NextTryTime] AS [NextTryTime], 
    [Project1].[LastTryTime] AS [LastTryTime], 
    [Project1].[IsAbandoned] AS [IsAbandoned], 
    [Project1].[Priority] AS [Priority], 
    [Project1].[CreationTime] AS [CreationTime], 
    [Project1].[CreatorUserId] AS [CreatorUserId]
    FROM ( SELECT 
        [Extent1].[Id] AS [Id], 
        [Extent1].[JobType] AS [JobType], 
        [Extent1].[JobArgs] AS [JobArgs], 
        [Extent1].[TryCount] AS [TryCount], 
        [Extent1].[NextTryTime] AS [NextTryTime], 
        [Extent1].[LastTryTime] AS [LastTryTime], 
        [Extent1].[IsAbandoned] AS [IsAbandoned], 
        [Extent1].[Priority] AS [Priority], 
        [Extent1].[CreationTime] AS [CreationTime], 
        [Extent1].[CreatorUserId] AS [CreatorUserId]
        FROM [dbo].[AbpBackgroundJobs] AS [Extent1]
        WHERE ([Extent1].[IsAbandoned] <> 1) AND ([Extent1].[NextTryTime] <= @p__linq__0)
    )  AS [Project1]
    ORDER BY [Project1].[Priority] DESC, [Project1].[TryCount] ASC, [Project1].[NextTryTime] ASC


-- p__linq__0: '2023-10-23 15:27:04' (Type = DateTime2, IsNullable = false)

-- 正在 2023-10-23 15:27:04 +08:00
 执行
-- 已在 8 毫秒内完成，结果为: SqlDataReader



已于 2023-10-23 15:27:04 +08:00
 关闭了连接
已于 2023-10-23 15:27:09 +08:00
 打开了连接
SELECT TOP (1000) 
    [Project1].[Id] AS [Id], 
    [Project1].[JobType] AS [JobType], 
    [Project1].[JobArgs] AS [JobArgs], 
    [Project1].[TryCount] AS [TryCount], 
    [Project1].[NextTryTime] AS [NextTryTime], 
    [Project1].[LastTryTime] AS [LastTryTime], 
    [Project1].[IsAbandoned] AS [IsAbandoned], 
    [Project1].[Priority] AS [Priority], 
    [Project1].[CreationTime] AS [CreationTime], 
    [Project1].[CreatorUserId] AS [CreatorUserId]
    FROM ( SELECT 
        [Extent1].[Id] AS [Id], 
        [Extent1].[JobType] AS [JobType], 
        [Extent1].[JobArgs] AS [JobArgs], 
        [Extent1].[TryCount] AS [TryCount], 
        [Extent1].[NextTryTime] AS [NextTryTime], 
        [Extent1].[LastTryTime] AS [LastTryTime], 
        [Extent1].[IsAbandoned] AS [IsAbandoned], 
        [Extent1].[Priority] AS [Priority], 
        [Extent1].[CreationTime] AS [CreationTime], 
        [Extent1].[CreatorUserId] AS [CreatorUserId]
        FROM [dbo].[AbpBackgroundJobs] AS [Extent1]
        WHERE ([Extent1].[IsAbandoned] <> 1) AND ([Extent1].[NextTryTime] <= @p__linq__0)
    )  AS [Project1]
    ORDER BY [Project1].[Priority] DESC, [Project1].[TryCount] ASC, [Project1].[NextTryTime] ASC


-- p__linq__0: '2023-10-23 15:27:09' (Type = DateTime2, IsNullable = false)

-- 正在 2023-10-23 15:27:09 +08:00
 执行
-- 已在 8 毫秒内完成，结果为: SqlDataReader



已于 2023-10-23 15:27:09 +08:00
 关闭了连接
已于 2023-10-23 15:27:14 +08:00
 打开了连接
SELECT TOP (1000) 
    [Project1].[Id] AS [Id], 
    [Project1].[JobType] AS [JobType], 
    [Project1].[JobArgs] AS [JobArgs], 
    [Project1].[TryCount] AS [TryCount], 
    [Project1].[NextTryTime] AS [NextTryTime], 
    [Project1].[LastTryTime] AS [LastTryTime], 
    [Project1].[IsAbandoned] AS [IsAbandoned], 
    [Project1].[Priority] AS [Priority], 
    [Project1].[CreationTime] AS [CreationTime], 
    [Project1].[CreatorUserId] AS [CreatorUserId]
    FROM ( SELECT 
        [Extent1].[Id] AS [Id], 
        [Extent1].[JobType] AS [JobType], 
        [Extent1].[JobArgs] AS [JobArgs], 
        [Extent1].[TryCount] AS [TryCount], 
        [Extent1].[NextTryTime] AS [NextTryTime], 
        [Extent1].[LastTryTime] AS [LastTryTime], 
        [Extent1].[IsAbandoned] AS [IsAbandoned], 
        [Extent1].[Priority] AS [Priority], 
        [Extent1].[CreationTime] AS [CreationTime], 
        [Extent1].[CreatorUserId] AS [CreatorUserId]
        FROM [dbo].[AbpBackgroundJobs] AS [Extent1]
        WHERE ([Extent1].[IsAbandoned] <> 1) AND ([Extent1].[NextTryTime] <= @p__linq__0)
    )  AS [Project1]
    ORDER BY [Project1].[Priority] DESC, [Project1].[TryCount] ASC, [Project1].[NextTryTime] ASC


-- p__linq__0: '2023-10-23 15:27:14' (Type = DateTime2, IsNullable = false)

-- 正在 2023-10-23 15:27:14 +08:00
 执行
-- 已在 15 毫秒内完成，结果为: SqlDataReader



已于 2023-10-23 15:27:14 +08:00
 关闭了连接
已于 2023-10-23 15:27:19 +08:00
 打开了连接
SELECT TOP (1000) 
    [Project1].[Id] AS [Id], 
    [Project1].[JobType] AS [JobType], 
    [Project1].[JobArgs] AS [JobArgs], 
    [Project1].[TryCount] AS [TryCount], 
    [Project1].[NextTryTime] AS [NextTryTime], 
    [Project1].[LastTryTime] AS [LastTryTime], 
    [Project1].[IsAbandoned] AS [IsAbandoned], 
    [Project1].[Priority] AS [Priority], 
    [Project1].[CreationTime] AS [CreationTime], 
    [Project1].[CreatorUserId] AS [CreatorUserId]
    FROM ( SELECT 
        [Extent1].[Id] AS [Id], 
        [Extent1].[JobType] AS [JobType], 
        [Extent1].[JobArgs] AS [JobArgs], 
        [Extent1].[TryCount] AS [TryCount], 
        [Extent1].[NextTryTime] AS [NextTryTime], 
        [Extent1].[LastTryTime] AS [LastTryTime], 
        [Extent1].[IsAbandoned] AS [IsAbandoned], 
        [Extent1].[Priority] AS [Priority], 
        [Extent1].[CreationTime] AS [CreationTime], 
        [Extent1].[CreatorUserId] AS [CreatorUserId]
        FROM [dbo].[AbpBackgroundJobs] AS [Extent1]
        WHERE ([Extent1].[IsAbandoned] <> 1) AND ([Extent1].[NextTryTime] <= @p__linq__0)
    )  AS [Project1]
    ORDER BY [Project1].[Priority] DESC, [Project1].[TryCount] ASC, [Project1].[NextTryTime] ASC


-- p__linq__0: '2023-10-23 15:27:19' (Type = DateTime2, IsNullable = false)

-- 正在 2023-10-23 15:27:19 +08:00
 执行
-- 已在 7 毫秒内完成，结果为: SqlDataReader



已于 2023-10-23 15:27:19 +08:00
 关闭了连接
已于 2023-10-23 15:27:24 +08:00
 打开了连接
SELECT TOP (1000) 
    [Project1].[Id] AS [Id], 
    [Project1].[JobType] AS [JobType], 
    [Project1].[JobArgs] AS [JobArgs], 
    [Project1].[TryCount] AS [TryCount], 
    [Project1].[NextTryTime] AS [NextTryTime], 
    [Project1].[LastTryTime] AS [LastTryTime], 
    [Project1].[IsAbandoned] AS [IsAbandoned], 
    [Project1].[Priority] AS [Priority], 
    [Project1].[CreationTime] AS [CreationTime], 
    [Project1].[CreatorUserId] AS [CreatorUserId]
    FROM ( SELECT 
        [Extent1].[Id] AS [Id], 
        [Extent1].[JobType] AS [JobType], 
        [Extent1].[JobArgs] AS [JobArgs], 
        [Extent1].[TryCount] AS [TryCount], 
        [Extent1].[NextTryTime] AS [NextTryTime], 
        [Extent1].[LastTryTime] AS [LastTryTime], 
        [Extent1].[IsAbandoned] AS [IsAbandoned], 
        [Extent1].[Priority] AS [Priority], 
        [Extent1].[CreationTime] AS [CreationTime], 
        [Extent1].[CreatorUserId] AS [CreatorUserId]
        FROM [dbo].[AbpBackgroundJobs] AS [Extent1]
        WHERE ([Extent1].[IsAbandoned] <> 1) AND ([Extent1].[NextTryTime] <= @p__linq__0)
    )  AS [Project1]
    ORDER BY [Project1].[Priority] DESC, [Project1].[TryCount] ASC, [Project1].[NextTryTime] ASC


-- p__linq__0: '2023-10-23 15:27:24' (Type = DateTime2, IsNullable = false)

-- 正在 2023-10-23 15:27:24 +08:00
 执行
-- 已在 7 毫秒内完成，结果为: SqlDataReader



已于 2023-10-23 15:27:24 +08:00
 关闭了连接
已于 2023-10-23 15:27:29 +08:00
 打开了连接
SELECT TOP (1000) 
    [Project1].[Id] AS [Id], 
    [Project1].[JobType] AS [JobType], 
    [Project1].[JobArgs] AS [JobArgs], 
    [Project1].[TryCount] AS [TryCount], 
    [Project1].[NextTryTime] AS [NextTryTime], 
    [Project1].[LastTryTime] AS [LastTryTime], 
    [Project1].[IsAbandoned] AS [IsAbandoned], 
    [Project1].[Priority] AS [Priority], 
    [Project1].[CreationTime] AS [CreationTime], 
    [Project1].[CreatorUserId] AS [CreatorUserId]
    FROM ( SELECT 
        [Extent1].[Id] AS [Id], 
        [Extent1].[JobType] AS [JobType], 
        [Extent1].[JobArgs] AS [JobArgs], 
        [Extent1].[TryCount] AS [TryCount], 
        [Extent1].[NextTryTime] AS [NextTryTime], 
        [Extent1].[LastTryTime] AS [LastTryTime], 
        [Extent1].[IsAbandoned] AS [IsAbandoned], 
        [Extent1].[Priority] AS [Priority], 
        [Extent1].[CreationTime] AS [CreationTime], 
        [Extent1].[CreatorUserId] AS [CreatorUserId]
        FROM [dbo].[AbpBackgroundJobs] AS [Extent1]
        WHERE ([Extent1].[IsAbandoned] <> 1) AND ([Extent1].[NextTryTime] <= @p__linq__0)
    )  AS [Project1]
    ORDER BY [Project1].[Priority] DESC, [Project1].[TryCount] ASC, [Project1].[NextTryTime] ASC


-- p__linq__0: '2023-10-23 15:27:29' (Type = DateTime2, IsNullable = false)

-- 正在 2023-10-23 15:27:29 +08:00
 执行
-- 已在 7 毫秒内完成，结果为: SqlDataReader



已于 2023-10-23 15:27:29 +08:00
 关闭了连接
已于 2023-10-23 15:27:34 +08:00
 打开了连接
SELECT TOP (1000) 
    [Project1].[Id] AS [Id], 
    [Project1].[JobType] AS [JobType], 
    [Project1].[JobArgs] AS [JobArgs], 
    [Project1].[TryCount] AS [TryCount], 
    [Project1].[NextTryTime] AS [NextTryTime], 
    [Project1].[LastTryTime] AS [LastTryTime], 
    [Project1].[IsAbandoned] AS [IsAbandoned], 
    [Project1].[Priority] AS [Priority], 
    [Project1].[CreationTime] AS [CreationTime], 
    [Project1].[CreatorUserId] AS [CreatorUserId]
    FROM ( SELECT 
        [Extent1].[Id] AS [Id], 
        [Extent1].[JobType] AS [JobType], 
        [Extent1].[JobArgs] AS [JobArgs], 
        [Extent1].[TryCount] AS [TryCount], 
        [Extent1].[NextTryTime] AS [NextTryTime], 
        [Extent1].[LastTryTime] AS [LastTryTime], 
        [Extent1].[IsAbandoned] AS [IsAbandoned], 
        [Extent1].[Priority] AS [Priority], 
        [Extent1].[CreationTime] AS [CreationTime], 
        [Extent1].[CreatorUserId] AS [CreatorUserId]
        FROM [dbo].[AbpBackgroundJobs] AS [Extent1]
        WHERE ([Extent1].[IsAbandoned] <> 1) AND ([Extent1].[NextTryTime] <= @p__linq__0)
    )  AS [Project1]
    ORDER BY [Project1].[Priority] DESC, [Project1].[TryCount] ASC, [Project1].[NextTryTime] ASC


-- p__linq__0: '2023-10-23 15:27:34' (Type = DateTime2, IsNullable = false)

-- 正在 2023-10-23 15:27:34 +08:00
 执行
-- 已在 9 毫秒内完成，结果为: SqlDataReader



已于 2023-10-23 15:27:34 +08:00
 关闭了连接
已于 2023-10-23 15:27:39 +08:00
 打开了连接
SELECT TOP (1000) 
    [Project1].[Id] AS [Id], 
    [Project1].[JobType] AS [JobType], 
    [Project1].[JobArgs] AS [JobArgs], 
    [Project1].[TryCount] AS [TryCount], 
    [Project1].[NextTryTime] AS [NextTryTime], 
    [Project1].[LastTryTime] AS [LastTryTime], 
    [Project1].[IsAbandoned] AS [IsAbandoned], 
    [Project1].[Priority] AS [Priority], 
    [Project1].[CreationTime] AS [CreationTime], 
    [Project1].[CreatorUserId] AS [CreatorUserId]
    FROM ( SELECT 
        [Extent1].[Id] AS [Id], 
        [Extent1].[JobType] AS [JobType], 
        [Extent1].[JobArgs] AS [JobArgs], 
        [Extent1].[TryCount] AS [TryCount], 
        [Extent1].[NextTryTime] AS [NextTryTime], 
        [Extent1].[LastTryTime] AS [LastTryTime], 
        [Extent1].[IsAbandoned] AS [IsAbandoned], 
        [Extent1].[Priority] AS [Priority], 
        [Extent1].[CreationTime] AS [CreationTime], 
        [Extent1].[CreatorUserId] AS [CreatorUserId]
        FROM [dbo].[AbpBackgroundJobs] AS [Extent1]
        WHERE ([Extent1].[IsAbandoned] <> 1) AND ([Extent1].[NextTryTime] <= @p__linq__0)
    )  AS [Project1]
    ORDER BY [Project1].[Priority] DESC, [Project1].[TryCount] ASC, [Project1].[NextTryTime] ASC


-- p__linq__0: '2023-10-23 15:27:39' (Type = DateTime2, IsNullable = false)

-- 正在 2023-10-23 15:27:39 +08:00
 执行
-- 已在 10 毫秒内完成，结果为: SqlDataReader



已于 2023-10-23 15:27:39 +08:00
 关闭了连接
已于 2023-10-23 15:27:44 +08:00
 打开了连接
SELECT TOP (1000) 
    [Project1].[Id] AS [Id], 
    [Project1].[JobType] AS [JobType], 
    [Project1].[JobArgs] AS [JobArgs], 
    [Project1].[TryCount] AS [TryCount], 
    [Project1].[NextTryTime] AS [NextTryTime], 
    [Project1].[LastTryTime] AS [LastTryTime], 
    [Project1].[IsAbandoned] AS [IsAbandoned], 
    [Project1].[Priority] AS [Priority], 
    [Project1].[CreationTime] AS [CreationTime], 
    [Project1].[CreatorUserId] AS [CreatorUserId]
    FROM ( SELECT 
        [Extent1].[Id] AS [Id], 
        [Extent1].[JobType] AS [JobType], 
        [Extent1].[JobArgs] AS [JobArgs], 
        [Extent1].[TryCount] AS [TryCount], 
        [Extent1].[NextTryTime] AS [NextTryTime], 
        [Extent1].[LastTryTime] AS [LastTryTime], 
        [Extent1].[IsAbandoned] AS [IsAbandoned], 
        [Extent1].[Priority] AS [Priority], 
        [Extent1].[CreationTime] AS [CreationTime], 
        [Extent1].[CreatorUserId] AS [CreatorUserId]
        FROM [dbo].[AbpBackgroundJobs] AS [Extent1]
        WHERE ([Extent1].[IsAbandoned] <> 1) AND ([Extent1].[NextTryTime] <= @p__linq__0)
    )  AS [Project1]
    ORDER BY [Project1].[Priority] DESC, [Project1].[TryCount] ASC, [Project1].[NextTryTime] ASC


-- p__linq__0: '2023-10-23 15:27:44' (Type = DateTime2, IsNullable = false)

-- 正在 2023-10-23 15:27:44 +08:00
 执行
-- 已在 7 毫秒内完成，结果为: SqlDataReader



已于 2023-10-23 15:27:44 +08:00
 关闭了连接
已于 2023-10-23 15:27:49 +08:00
 打开了连接
SELECT TOP (1000) 
    [Project1].[Id] AS [Id], 
    [Project1].[JobType] AS [JobType], 
    [Project1].[JobArgs] AS [JobArgs], 
    [Project1].[TryCount] AS [TryCount], 
    [Project1].[NextTryTime] AS [NextTryTime], 
    [Project1].[LastTryTime] AS [LastTryTime], 
    [Project1].[IsAbandoned] AS [IsAbandoned], 
    [Project1].[Priority] AS [Priority], 
    [Project1].[CreationTime] AS [CreationTime], 
    [Project1].[CreatorUserId] AS [CreatorUserId]
    FROM ( SELECT 
        [Extent1].[Id] AS [Id], 
        [Extent1].[JobType] AS [JobType], 
        [Extent1].[JobArgs] AS [JobArgs], 
        [Extent1].[TryCount] AS [TryCount], 
        [Extent1].[NextTryTime] AS [NextTryTime], 
        [Extent1].[LastTryTime] AS [LastTryTime], 
        [Extent1].[IsAbandoned] AS [IsAbandoned], 
        [Extent1].[Priority] AS [Priority], 
        [Extent1].[CreationTime] AS [CreationTime], 
        [Extent1].[CreatorUserId] AS [CreatorUserId]
        FROM [dbo].[AbpBackgroundJobs] AS [Extent1]
        WHERE ([Extent1].[IsAbandoned] <> 1) AND ([Extent1].[NextTryTime] <= @p__linq__0)
    )  AS [Project1]
    ORDER BY [Project1].[Priority] DESC, [Project1].[TryCount] ASC, [Project1].[NextTryTime] ASC


-- p__linq__0: '2023-10-23 15:27:49' (Type = DateTime2, IsNullable = false)

-- 正在 2023-10-23 15:27:49 +08:00
 执行
-- 已在 7 毫秒内完成，结果为: SqlDataReader



已于 2023-10-23 15:27:49 +08:00
 关闭了连接
已于 2023-10-23 15:27:54 +08:00
 打开了连接
SELECT TOP (1000) 
    [Project1].[Id] AS [Id], 
    [Project1].[JobType] AS [JobType], 
    [Project1].[JobArgs] AS [JobArgs], 
    [Project1].[TryCount] AS [TryCount], 
    [Project1].[NextTryTime] AS [NextTryTime], 
    [Project1].[LastTryTime] AS [LastTryTime], 
    [Project1].[IsAbandoned] AS [IsAbandoned], 
    [Project1].[Priority] AS [Priority], 
    [Project1].[CreationTime] AS [CreationTime], 
    [Project1].[CreatorUserId] AS [CreatorUserId]
    FROM ( SELECT 
        [Extent1].[Id] AS [Id], 
        [Extent1].[JobType] AS [JobType], 
        [Extent1].[JobArgs] AS [JobArgs], 
        [Extent1].[TryCount] AS [TryCount], 
        [Extent1].[NextTryTime] AS [NextTryTime], 
        [Extent1].[LastTryTime] AS [LastTryTime], 
        [Extent1].[IsAbandoned] AS [IsAbandoned], 
        [Extent1].[Priority] AS [Priority], 
        [Extent1].[CreationTime] AS [CreationTime], 
        [Extent1].[CreatorUserId] AS [CreatorUserId]
        FROM [dbo].[AbpBackgroundJobs] AS [Extent1]
        WHERE ([Extent1].[IsAbandoned] <> 1) AND ([Extent1].[NextTryTime] <= @p__linq__0)
    )  AS [Project1]
    ORDER BY [Project1].[Priority] DESC, [Project1].[TryCount] ASC, [Project1].[NextTryTime] ASC


-- p__linq__0: '2023-10-23 15:27:54' (Type = DateTime2, IsNullable = false)

-- 正在 2023-10-23 15:27:54 +08:00
 执行
-- 已在 7 毫秒内完成，结果为: SqlDataReader



已于 2023-10-23 15:27:54 +08:00
 关闭了连接
已于 2023-10-23 15:27:59 +08:00
 打开了连接
SELECT TOP (1000) 
    [Project1].[Id] AS [Id], 
    [Project1].[JobType] AS [JobType], 
    [Project1].[JobArgs] AS [JobArgs], 
    [Project1].[TryCount] AS [TryCount], 
    [Project1].[NextTryTime] AS [NextTryTime], 
    [Project1].[LastTryTime] AS [LastTryTime], 
    [Project1].[IsAbandoned] AS [IsAbandoned], 
    [Project1].[Priority] AS [Priority], 
    [Project1].[CreationTime] AS [CreationTime], 
    [Project1].[CreatorUserId] AS [CreatorUserId]
    FROM ( SELECT 
        [Extent1].[Id] AS [Id], 
        [Extent1].[JobType] AS [JobType], 
        [Extent1].[JobArgs] AS [JobArgs], 
        [Extent1].[TryCount] AS [TryCount], 
        [Extent1].[NextTryTime] AS [NextTryTime], 
        [Extent1].[LastTryTime] AS [LastTryTime], 
        [Extent1].[IsAbandoned] AS [IsAbandoned], 
        [Extent1].[Priority] AS [Priority], 
        [Extent1].[CreationTime] AS [CreationTime], 
        [Extent1].[CreatorUserId] AS [CreatorUserId]
        FROM [dbo].[AbpBackgroundJobs] AS [Extent1]
        WHERE ([Extent1].[IsAbandoned] <> 1) AND ([Extent1].[NextTryTime] <= @p__linq__0)
    )  AS [Project1]
    ORDER BY [Project1].[Priority] DESC, [Project1].[TryCount] ASC, [Project1].[NextTryTime] ASC


-- p__linq__0: '2023-10-23 15:27:59' (Type = DateTime2, IsNullable = false)

-- 正在 2023-10-23 15:27:59 +08:00
 执行
-- 已在 7 毫秒内完成，结果为: SqlDataReader



已于 2023-10-23 15:27:59 +08:00
 关闭了连接
已于 2023-10-23 18:27:25 +08:00
 打开了连接
SELECT TOP (1000) 
    [Project1].[Id] AS [Id], 
    [Project1].[JobType] AS [JobType], 
    [Project1].[JobArgs] AS [JobArgs], 
    [Project1].[TryCount] AS [TryCount], 
    [Project1].[NextTryTime] AS [NextTryTime], 
    [Project1].[LastTryTime] AS [LastTryTime], 
    [Project1].[IsAbandoned] AS [IsAbandoned], 
    [Project1].[Priority] AS [Priority], 
    [Project1].[CreationTime] AS [CreationTime], 
    [Project1].[CreatorUserId] AS [CreatorUserId]
    FROM ( SELECT 
        [Extent1].[Id] AS [Id], 
        [Extent1].[JobType] AS [JobType], 
        [Extent1].[JobArgs] AS [JobArgs], 
        [Extent1].[TryCount] AS [TryCount], 
        [Extent1].[NextTryTime] AS [NextTryTime], 
        [Extent1].[LastTryTime] AS [LastTryTime], 
        [Extent1].[IsAbandoned] AS [IsAbandoned], 
        [Extent1].[Priority] AS [Priority], 
        [Extent1].[CreationTime] AS [CreationTime], 
        [Extent1].[CreatorUserId] AS [CreatorUserId]
        FROM [dbo].[AbpBackgroundJobs] AS [Extent1]
        WHERE ([Extent1].[IsAbandoned] <> 1) AND ([Extent1].[NextTryTime] <= @p__linq__0)
    )  AS [Project1]
    ORDER BY [Project1].[Priority] DESC, [Project1].[TryCount] ASC, [Project1].[NextTryTime] ASC


-- p__linq__0: '2023-10-23 18:27:25' (Type = DateTime2, IsNullable = false)

-- 正在 2023-10-23 18:27:25 +08:00
 执行
-- 已在 120 毫秒内完成，结果为: SqlDataReader



已于 2023-10-23 18:27:26 +08:00
 关闭了连接
已于 2023/10/23 18:27:50 +08:00
 打开了连接
SELECT 
    [Extent1].[Id] AS [Id], 
    [Extent1].[BarPrintInfoId] AS [BarPrintInfoId], 
    [Extent1].[itemgroup_Id] AS [itemgroup_Id], 
    [Extent1].[ItemGroupName] AS [ItemGroupName], 
    [Extent1].[ItemGroupNameAlias] AS [ItemGroupNameAlias], 
    [Extent1].[CollectionState] AS [CollectionState], 
    [Extent1].[WJUploadState] AS [WJUploadState], 
    [Extent1].[TenantId] AS [TenantId], 
    [Extent1].[IsDeleted] AS [IsDeleted], 
    [Extent1].[DeleterUserId] AS [DeleterUserId], 
    [Extent1].[DeletionTime] AS [DeletionTime], 
    [Extent1].[LastModificationTime] AS [LastModificationTime], 
    [Extent1].[LastModifierUserId] AS [LastModifierUserId], 
    [Extent1].[CreationTime] AS [CreationTime], 
    [Extent1].[CreatorUserId] AS [CreatorUserId]
    FROM [dbo].[TjlCustomerBarPrintInfoItemGroups] AS [Extent1]
    WHERE (([Extent1].[TenantId] = @DynamicFilterParam_000005) ) AND (([Extent1].[IsDeleted] = @DynamicFilterParam_000003) ) AND ([Extent1].[BarPrintInfoId] = @EntityKeyValue1)


-- DynamicFilterParam_000005: '2' (Type = Int32)

-- DynamicFilterParam_000006: 'null' (Type = Boolean)

-- DynamicFilterParam_000003: 'False' (Type = Boolean, IsNullable = false)

-- DynamicFilterParam_000004: 'null' (Type = Boolean)

-- EntityKeyValue1: 'b5aa2da5-8fe7-46d1-aba5-241226b8e161' (Type = Guid, IsNullable = false)

-- 正在 2023/10/23 18:27:50 +08:00
 执行
-- 已在 125 毫秒内完成，结果为: SqlDataReader



已于 2023/10/23 18:27:50 +08:00
 关闭了连接
已于 2023/10/23 18:27:50 +08:00
 打开了连接
SELECT 
    [Extent1].[Id] AS [Id], 
    [Extent1].[ArchivesNum] AS [ArchivesNum], 
    [Extent1].[WorkNumber] AS [WorkNumber], 
    [Extent1].[CardNumber] AS [CardNumber], 
    [Extent1].[Name] AS [Name], 
    [Extent1].[Sex] AS [Sex], 
    [Extent1].[Duty] AS [Duty], 
    [Extent1].[Age] AS [Age], 
    [Extent1].[AgeUnit] AS [AgeUnit], 
    [Extent1].[Birthday] AS [Birthday], 
    [Extent1].[MarriageStatus] AS [MarriageStatus], 
    [Extent1].[Degree] AS [Degree], 
    [Extent1].[IDCardType] AS [IDCardType], 
    [Extent1].[IDCardNo] AS [IDCardNo], 
    [Extent1].[Mobile] AS [Mobile], 
    [Extent1].[Telephone] AS [Telephone], 
    [Extent1].[StoreAdressP] AS [StoreAdressP], 
    [Extent1].[StoreAdressS] AS [StoreAdressS], 
    [Extent1].[StoreAdressQ] AS [StoreAdressQ], 
    [Extent1].[Address] AS [Address], 
    [Extent1].[HomeAddress] AS [HomeAddress], 
    [Extent1].[PostgCode] AS [PostgCode], 
    [Extent1].[Email] AS [Email], 
    [Extent1].[Secretlevel] AS [Secretlevel], 
    [Extent1].[CustomerType] AS [CustomerType], 
    [Extent1].[CustomerTrade] AS [CustomerTrade], 
    [Extent1].[CusPhotoBmId] AS [CusPhotoBmId], 
    [Extent1].[GuoJi] AS [GuoJi], 
    [Extent1].[Qq] AS [Qq], 
    [Extent1].[NameAB] AS [NameAB], 
    [Extent1].[WbCode] AS [WbCode], 
    [Extent1].[VisitCard] AS [VisitCard], 
    [Extent1].[MedicalCard] AS [MedicalCard], 
    [Extent1].[SectionNum] AS [SectionNum], 
    [Extent1].[HospitalNum] AS [HospitalNum], 
    [Extent1].[Remarks] AS [Remarks], 
    [Extent1].[Nation] AS [Nation], 
    [Extent1].[Department] AS [Department], 
    [Extent1].[TenantId] AS [TenantId], 
    [Extent1].[WJUploadState] AS [WJUploadState], 
    [Extent1].[pid] AS [pid], 
    [Extent1].[outpno] AS [outpno], 
    [Extent1].[IsDeleted] AS [IsDeleted], 
    [Extent1].[DeleterUserId] AS [DeleterUserId], 
    [Extent1].[DeletionTime] AS [DeletionTime], 
    [Extent1].[LastModificationTime] AS [LastModificationTime], 
    [Extent1].[LastModifierUserId] AS [LastModifierUserId], 
    [Extent1].[CreationTime] AS [CreationTime], 
    [Extent1].[CreatorUserId] AS [CreatorUserId]
    FROM [dbo].[TjlCustomers] AS [Extent1]
    WHERE (([Extent1].[TenantId] = @DynamicFilterParam_000005) ) AND (([Extent1].[IsDeleted] = @DynamicFilterParam_000003) ) AND ([Extent1].[Id] = @EntityKeyValue1)


-- DynamicFilterParam_000005: '2' (Type = Int32)

-- DynamicFilterParam_000006: 'null' (Type = Boolean)

-- DynamicFilterParam_000003: 'False' (Type = Boolean, IsNullable = false)

-- DynamicFilterParam_000004: 'null' (Type = Boolean)

已于 2023-10-23 18:27:50 +08:00
 打开了连接
-- EntityKeyValue1: 'f800e72a-b76b-4105-9216-1627786a6b78' (Type = Guid, IsNullable = false)

-- 正在 2023/10/23 18:27:50 +08:00
 执行
SELECT TOP (1000) 
    [Project1].[Id] AS [Id], 
    [Project1].[JobType] AS [JobType], 
    [Project1].[JobArgs] AS [JobArgs], 
    [Project1].[TryCount] AS [TryCount], 
    [Project1].[NextTryTime] AS [NextTryTime], 
    [Project1].[LastTryTime] AS [LastTryTime], 
    [Project1].[IsAbandoned] AS [IsAbandoned], 
    [Project1].[Priority] AS [Priority], 
    [Project1].[CreationTime] AS [CreationTime], 
    [Project1].[CreatorUserId] AS [CreatorUserId]
    FROM ( SELECT 
        [Extent1].[Id] AS [Id], 
        [Extent1].[JobType] AS [JobType], 
        [Extent1].[JobArgs] AS [JobArgs], 
        [Extent1].[TryCount] AS [TryCount], 
        [Extent1].[NextTryTime] AS [NextTryTime], 
        [Extent1].[LastTryTime] AS [LastTryTime], 
        [Extent1].[IsAbandoned] AS [IsAbandoned], 
        [Extent1].[Priority] AS [Priority], 
        [Extent1].[CreationTime] AS [CreationTime], 
        [Extent1].[CreatorUserId] AS [CreatorUserId]
        FROM [dbo].[AbpBackgroundJobs] AS [Extent1]
        WHERE ([Extent1].[IsAbandoned] <> 1) AND ([Extent1].[NextTryTime] <= @p__linq__0)
    )  AS [Project1]
    ORDER BY [Project1].[Priority] DESC, [Project1].[TryCount] ASC, [Project1].[NextTryTime] ASC


-- p__linq__0: '2023-10-23 18:27:50' (Type = DateTime2, IsNullable = false)

-- 正在 2023-10-23 18:27:50 +08:00
 执行
-- 已在 25 毫秒内完成，结果为: SqlDataReader



-- 已在 8 毫秒内完成，结果为: SqlDataReader



已于 2023/10/23 18:27:50 +08:00
 关闭了连接
已于 2023-10-23 18:27:51 +08:00
 关闭了连接
已于 2023/10/23 18:27:51 +08:00
 打开了连接
SELECT 
    [Extent1].[Id] AS [Id], 
    [Extent1].[BarPrintInfoId] AS [BarPrintInfoId], 
    [Extent1].[itemgroup_Id] AS [itemgroup_Id], 
    [Extent1].[ItemGroupName] AS [ItemGroupName], 
    [Extent1].[ItemGroupNameAlias] AS [ItemGroupNameAlias], 
    [Extent1].[CollectionState] AS [CollectionState], 
    [Extent1].[WJUploadState] AS [WJUploadState], 
    [Extent1].[TenantId] AS [TenantId], 
    [Extent1].[IsDeleted] AS [IsDeleted], 
    [Extent1].[DeleterUserId] AS [DeleterUserId], 
    [Extent1].[DeletionTime] AS [DeletionTime], 
    [Extent1].[LastModificationTime] AS [LastModificationTime], 
    [Extent1].[LastModifierUserId] AS [LastModifierUserId], 
    [Extent1].[CreationTime] AS [CreationTime], 
    [Extent1].[CreatorUserId] AS [CreatorUserId]
    FROM [dbo].[TjlCustomerBarPrintInfoItemGroups] AS [Extent1]
    WHERE (([Extent1].[TenantId] = @DynamicFilterParam_000005) ) AND (([Extent1].[IsDeleted] = @DynamicFilterParam_000003) ) AND ([Extent1].[BarPrintInfoId] = @EntityKeyValue1)


-- DynamicFilterParam_000005: '2' (Type = Int32)

-- DynamicFilterParam_000006: 'null' (Type = Boolean)

-- DynamicFilterParam_000003: 'False' (Type = Boolean, IsNullable = false)

-- DynamicFilterParam_000004: 'null' (Type = Boolean)

-- EntityKeyValue1: '07336b0f-12e2-49ac-b4fc-2af82f359203' (Type = Guid, IsNullable = false)

-- 正在 2023/10/23 18:27:51 +08:00
 执行
-- 已在 13 毫秒内完成，结果为: SqlDataReader



已于 2023/10/23 18:27:51 +08:00
 关闭了连接
已于 2023/10/23 18:27:55 +08:00
 打开了连接
SELECT 
    [Project3].[TenantId] AS [TenantId], 
    [Project3].[Id] AS [Id], 
    [Project3].[BarName] AS [BarName], 
    [Project3].[Content] AS [Content], 
    [Project3].[Sampletype] AS [Sampletype], 
    [Project3].[testType] AS [testType], 
    [Project3].[Remarks] AS [Remarks], 
    [Project3].[IsRepeatItemBarcode] AS [IsRepeatItemBarcode], 
    [Project3].[OrderNum] AS [OrderNum], 
    [Project3].[BarNUM] AS [BarNUM], 
    [Project3].[BarPage] AS [BarPage], 
    [Project3].[TubeColor] AS [TubeColor], 
    [Project3].[PrintAdress] AS [PrintAdress], 
    [Project3].[WJUploadState] AS [WJUploadState], 
    [Project3].[IsDeleted] AS [IsDeleted], 
    [Project3].[DeleterUserId] AS [DeleterUserId], 
    [Project3].[DeletionTime] AS [DeletionTime], 
    [Project3].[LastModificationTime] AS [LastModificationTime], 
    [Project3].[LastModifierUserId] AS [LastModifierUserId], 
    [Project3].[CreationTime] AS [CreationTime], 
    [Project3].[CreatorUserId] AS [CreatorUserId], 
    [Project3].[C1] AS [C1], 
    [Project3].[Id1] AS [Id1], 
    [Project3].[BarSettingId] AS [BarSettingId], 
    [Project3].[ItemGroupId] AS [ItemGroupId], 
    [Project3].[ItemGroupAlias] AS [ItemGroupAlias], 
    [Project3].[WJUploadState1] AS [WJUploadState1], 
    [Project3].[TenantId1] AS [TenantId1], 
    [Project3].[LastModificationTime1] AS [LastModificationTime1], 
    [Project3].[LastModifierUserId1] AS [LastModifierUserId1], 
    [Project3].[CreationTime1] AS [CreationTime1], 
    [Project3].[CreatorUserId1] AS [CreatorUserId1]
    FROM ( SELECT 
        [Project1].[Id] AS [Id], 
        [Project1].[BarName] AS [BarName], 
        [Project1].[Content] AS [Content], 
        [Project1].[Sampletype] AS [Sampletype], 
        [Project1].[testType] AS [testType], 
        [Project1].[Remarks] AS [Remarks], 
        [Project1].[IsRepeatItemBarcode] AS [IsRepeatItemBarcode], 
        [Project1].[OrderNum] AS [OrderNum], 
        [Project1].[BarNUM] AS [BarNUM], 
        [Project1].[BarPage] AS [BarPage], 
        [Project1].[TubeColor] AS [TubeColor], 
        [Project1].[PrintAdress] AS [PrintAdress], 
        [Project1].[WJUploadState] AS [WJUploadState], 
        [Project1].[TenantId] AS [TenantId], 
        [Project1].[IsDeleted] AS [IsDeleted], 
        [Project1].[DeleterUserId] AS [DeleterUserId], 
        [Project1].[DeletionTime] AS [DeletionTime], 
        [Project1].[LastModificationTime] AS [LastModificationTime], 
        [Project1].[LastModifierUserId] AS [LastModifierUserId], 
        [Project1].[CreationTime] AS [CreationTime], 
        [Project1].[CreatorUserId] AS [CreatorUserId], 
        [Project1].[Id1] AS [Id1], 
        [Project1].[BarSettingId] AS [BarSettingId], 
        [Project1].[ItemGroupId] AS [ItemGroupId], 
        [Project1].[ItemGroupAlias] AS [ItemGroupAlias], 
        [Project1].[WJUploadState1] AS [WJUploadState1], 
        [Project1].[TenantId1] AS [TenantId1], 
        [Project1].[LastModificationTime1] AS [LastModificationTime1], 
        [Project1].[LastModifierUserId1] AS [LastModifierUserId1], 
        [Project1].[CreationTime1] AS [CreationTime1], 
        [Project1].[CreatorUserId1] AS [CreatorUserId1], 
        CASE WHEN ([Project1].[TenantId1] IS NULL) THEN CAST(NULL AS int) ELSE 1 END AS [C1]
        FROM ( SELECT 
            [Extent1].[Id] AS [Id], 
            [Extent1].[BarName] AS [BarName], 
            [Extent1].[Content] AS [Content], 
            [Extent1].[Sampletype] AS [Sampletype], 
            [Extent1].[testType] AS [testType], 
            [Extent1].[Remarks] AS [Remarks], 
            [Extent1].[IsRepeatItemBarcode] AS [IsRepeatItemBarcode], 
            [Extent1].[OrderNum] AS [OrderNum], 
            [Extent1].[BarNUM] AS [BarNUM], 
            [Extent1].[BarPage] AS [BarPage], 
            [Extent1].[TubeColor] AS [TubeColor], 
            [Extent1].[PrintAdress] AS [PrintAdress], 
            [Extent1].[WJUploadState] AS [WJUploadState], 
            [Extent1].[TenantId] AS [TenantId], 
            [Extent1].[IsDeleted] AS [IsDeleted], 
            [Extent1].[DeleterUserId] AS [DeleterUserId], 
            [Extent1].[DeletionTime] AS [DeletionTime], 
            [Extent1].[LastModificationTime] AS [LastModificationTime], 
            [Extent1].[LastModifierUserId] AS [LastModifierUserId], 
            [Extent1].[CreationTime] AS [CreationTime], 
            [Extent1].[CreatorUserId] AS [CreatorUserId], 
            [Extent2].[Id] AS [Id1], 
            [Extent2].[BarSettingId] AS [BarSettingId], 
            [Extent2].[ItemGroupId] AS [ItemGroupId], 
            [Extent2].[ItemGroupAlias] AS [ItemGroupAlias], 
            [Extent2].[WJUploadState] AS [WJUploadState1], 
            [Extent2].[TenantId] AS [TenantId1], 
            [Extent2].[LastModificationTime] AS [LastModificationTime1], 
            [Extent2].[LastModifierUserId] AS [LastModifierUserId1], 
            [Extent2].[CreationTime] AS [CreationTime1], 
            [Extent2].[CreatorUserId] AS [CreatorUserId1]
            FROM  [dbo].[TbmBarSettings] AS [Extent1]
            LEFT OUTER JOIN [dbo].[TbmBaritems] AS [Extent2] ON ([Extent1].[Id] = [Extent2].[BarSettingId]) AND (([Extent2].[TenantId] = @DynamicFilterParam_000005) )
            WHERE (([Extent1].[TenantId] = @DynamicFilterParam_000005) ) AND (([Extent1].[IsDeleted] = @DynamicFilterParam_000003) )
        )  AS [Project1]
        WHERE  EXISTS (SELECT 
            1 AS [C1]
            FROM [dbo].[TbmBaritems] AS [Extent3]
            WHERE ([Project1].[Id] = [Extent3].[BarSettingId]) AND (([Extent3].[TenantId] = @DynamicFilterParam_000005) ) AND ([Extent3].[ItemGroupId] IN (cast('f2b1f71a-9bee-40c3-90d9-4012f7a4facf' as uniqueidentifier), cast('e1443b20-7eca-41c4-99cb-777e34d65a39' as uniqueidentifier), cast('2ba5d604-67ea-4555-bc46-5b9986fd464b' as uniqueidentifier), cast('a02f6891-a083-46af-a227-edafae4ece8e' as uniqueidentifier), cast('b57fa88f-3ff6-4ce6-930a-f2517a40d0db' as uniqueidentifier), cast('008e3832-0807-4fa8-b3a1-9a15d6ea0456' as uniqueidentifier), cast('12934d70-38da-4ea9-82ec-87370f7bb31d' as uniqueidentifier), cast('a87b6951-8c04-4836-8979-16e4264717a3' as uniqueidentifier)))
        )
    )  AS [Project3]
    ORDER BY [Project3].[OrderNum] ASC, [Project3].[Id] ASC, [Project3].[C1] ASC


-- DynamicFilterParam_000005: '2' (Type = Int32)

-- DynamicFilterParam_000006: 'null' (Type = Boolean)

-- DynamicFilterParam_000003: 'False' (Type = Boolean, IsNullable = false)

-- DynamicFilterParam_000004: 'null' (Type = Boolean)

-- 正在 2023/10/23 18:27:55 +08:00
 执行
-- 已在 16 毫秒内完成，结果为: SqlDataReader



已于 2023/10/23 18:27:55 +08:00
 关闭了连接
